#
# A fatal error has been detected by the Java Runtime Environment:
#
#  EXCEPTION_ACCESS_VIOLATION (0xc0000005) at pc=0x00007ff84157c938, pid=25684, tid=21592
#
# JRE version: OpenJDK Runtime Environment (19.0.1+10) (build 19.0.1+10-21)
# Java VM: OpenJDK 64-Bit Server VM (19.0.1+10-21, mixed mode, sharing, tiered, compressed oops, compressed class ptrs, g1 gc, windows-amd64)
# Problematic frame:
# V  [jvm.dll+0x43c938]
#
# No core dump will be written. Minidumps are not enabled by default on client versions of Windows
#
# If you would like to submit a bug report, please visit:
#   https://bugreport.java.com/bugreport/crash.jsp
#

---------------  S U M M A R Y ------------

Command Line: -Djava.library.path=F:\FeedDesktop\build\classes\kotlin\jvm\main;F:\FeedDesktop\build\tmp\kapt3\classes\main -javaagent:F:\IntelliJ IDEA 2022.3.1\lib\idea_rt.jar=53601:F:\IntelliJ IDEA 2022.3.1\bin -Dfile.encoding=UTF-8 -Dsun.stdout.encoding=UTF-8 -Dsun.stderr.encoding=UTF-8 MainKt

Host: Intel(R) Core(TM) i5-8300H CPU @ 2.30GHz, 8 cores, 11G,  Windows 11 , 64 bit Build 22621 (10.0.22621.1344)
Time: Tue Apr  4 20:23:06 2023  Windows 11 , 64 bit Build 22621 (10.0.22621.1344) elapsed time: 2.668803 seconds (0d 0h 0m 2s)

---------------  T H R E A D  ---------------

Current thread (0x000001e398f1b1a0):  JavaThread "AWT-EventQueue-0" [_thread_in_vm, id=21592, stack(0x0000003f8c000000,0x0000003f8c100000)]

Stack: [0x0000003f8c000000,0x0000003f8c100000],  sp=0x0000003f8c0f6870,  free space=986k
Native frames: (J=compiled Java code, j=interpreted, Vv=VM code, C=native code)
V  [jvm.dll+0x43c938]
C  [skiko-windows-x64.dll+0x57c6c]

Java frames: (J=compiled Java code, j=interpreted, Vv=VM code)
j  org.jetbrains.skiko.redrawer.Direct3DRedrawer.initSwapChain(J)V+0
j  org.jetbrains.skiko.redrawer.Direct3DRedrawer.initSwapChain()V+5
j  org.jetbrains.skiko.context.Direct3DContextHandler.initCanvas()V+87
j  org.jetbrains.skiko.context.ContextHandler.draw()V+21
j  org.jetbrains.skiko.redrawer.Direct3DRedrawer.drawAndSwap(Z)V+21
j  org.jetbrains.skiko.redrawer.Direct3DRedrawer.redrawImmediately()V+182
j  org.jetbrains.skiko.SkiaLayer.paint(Ljava/awt/Graphics;)V+85
j  androidx.compose.ui.awt.ComposeLayer$ComponentImpl.paint(Ljava/awt/Graphics;)V+12
j  javax.swing.JComponent.paintChildren(Ljava/awt/Graphics;)V+516 java.desktop@19.0.1
j  javax.swing.JComponent.paint(Ljava/awt/Graphics;)V+318 java.desktop@19.0.1
j  javax.swing.JLayeredPane.paint(Ljava/awt/Graphics;)V+73 java.desktop@19.0.1
j  javax.swing.JComponent.paintChildren(Ljava/awt/Graphics;)V+516 java.desktop@19.0.1
j  javax.swing.JComponent.paint(Ljava/awt/Graphics;)V+318 java.desktop@19.0.1
j  androidx.compose.ui.window.Dialog_desktopKt$Dialog$11$1.invoke(Landroidx/compose/ui/awt/ComposeDialog;)V+70
j  androidx.compose.ui.window.Dialog_desktopKt$Dialog$11$1.invoke(Ljava/lang/Object;)Ljava/lang/Object;+5
j  androidx.compose.ui.window.AwtWindow_desktopKt$AwtWindow$3.invoke()V+13
j  androidx.compose.ui.window.AwtWindow_desktopKt$AwtWindow$3.invoke()Ljava/lang/Object;+1
j  androidx.compose.ui.util.UpdateEffect_desktopKt$UpdateEffect$2$performUpdate$2.invoke()V+7
j  androidx.compose.ui.util.UpdateEffect_desktopKt$UpdateEffect$2$performUpdate$2.invoke()Ljava/lang/Object;+1
j  androidx.compose.runtime.snapshots.Snapshot$Companion.observe(Lkotlin/jvm/functions/Function1;Lkotlin/jvm/functions/Function1;Lkotlin/jvm/functions/Function0;)Ljava/lang/Object;+108
j  androidx.compose.runtime.snapshots.SnapshotStateObserver.observeReads(Ljava/lang/Object;Lkotlin/jvm/functions/Function1;Lkotlin/jvm/functions/Function0;)V+131
j  androidx.compose.ui.util.UpdateEffect_desktopKt$UpdateEffect$2.invoke$performUpdate(Landroidx/compose/runtime/snapshots/SnapshotStateObserver;Lkotlinx/coroutines/channels/Channel;Landroidx/compose/runtime/State;)V+28
j  androidx.compose.ui.util.UpdateEffect_desktopKt$UpdateEffect$2.invoke(Landroidx/compose/runtime/DisposableEffectScope;)Landroidx/compose/runtime/DisposableEffectResult;+33
j  androidx.compose.ui.util.UpdateEffect_desktopKt$UpdateEffect$2.invoke(Ljava/lang/Object;)Ljava/lang/Object;+5
j  androidx.compose.runtime.DisposableEffectImpl.onRemembered()V+8
j  androidx.compose.runtime.CompositionImpl$RememberEventDispatcher.dispatchRememberObservers()V+234
j  androidx.compose.runtime.CompositionImpl.applyChangesInLocked(Ljava/util/List;)V+245
j  androidx.compose.runtime.CompositionImpl.applyChanges()V+20
j  androidx.compose.runtime.Recomposer.composeInitial$runtime(Landroidx/compose/runtime/ControlledComposition;Lkotlin/jvm/functions/Function2;)V+243
j  androidx.compose.runtime.ComposerImpl$CompositionContextImpl.composeInitial$runtime(Landroidx/compose/runtime/ControlledComposition;Lkotlin/jvm/functions/Function2;)V+21
j  androidx.compose.runtime.CompositionImpl.setContent(Lkotlin/jvm/functions/Function2;)V+55
j  androidx.compose.ui.layout.LayoutNodeSubcompositionsState.subcomposeInto(Landroidx/compose/runtime/Composition;Landroidx/compose/ui/node/LayoutNode;Landroidx/compose/runtime/CompositionContext;Lkotlin/jvm/functions/Function2;)Landroidx/compose/runtime/Composition;+35
j  androidx.compose.ui.layout.LayoutNodeSubcompositionsState.subcompose(Landroidx/compose/ui/node/LayoutNode;Landroidx/compose/ui/layout/LayoutNodeSubcompositionsState$NodeState;)V+114
j  androidx.compose.ui.layout.LayoutNodeSubcompositionsState.subcompose(Landroidx/compose/ui/node/LayoutNode;Ljava/lang/Object;Lkotlin/jvm/functions/Function2;)V+123
j  androidx.compose.ui.layout.LayoutNodeSubcompositionsState.subcompose(Ljava/lang/Object;Lkotlin/jvm/functions/Function2;)Ljava/util/List;+301
j  androidx.compose.ui.layout.LayoutNodeSubcompositionsState$Scope.subcompose(Ljava/lang/Object;Lkotlin/jvm/functions/Function2;)Ljava/util/List;+12
j  androidx.compose.material.ScaffoldKt$ScaffoldLayout$1$1$1.invoke(Landroidx/compose/ui/layout/Placeable$PlacementScope;)V+17
j  androidx.compose.material.ScaffoldKt$ScaffoldLayout$1$1$1.invoke(Ljava/lang/Object;)Ljava/lang/Object;+5
j  androidx.compose.ui.layout.MeasureScope$layout$1.placeChildren()V+64
j  androidx.compose.ui.layout.LayoutNodeSubcompositionsState$createMeasurePolicy$1$measure$1.placeChildren()V+15
j  androidx.compose.ui.node.LayoutNode$layoutChildren$1.invoke()V+116
j  androidx.compose.ui.node.LayoutNode$layoutChildren$1.invoke()Ljava/lang/Object;+1
j  androidx.compose.runtime.snapshots.Snapshot$Companion.observe(Lkotlin/jvm/functions/Function1;Lkotlin/jvm/functions/Function1;Lkotlin/jvm/functions/Function0;)Ljava/lang/Object;+108
j  androidx.compose.runtime.snapshots.SnapshotStateObserver.observeReads(Ljava/lang/Object;Lkotlin/jvm/functions/Function1;Lkotlin/jvm/functions/Function0;)V+131
j  androidx.compose.ui.node.OwnerSnapshotObserver.observeReads$ui(Landroidx/compose/ui/node/OwnerScope;Lkotlin/jvm/functions/Function1;Lkotlin/jvm/functions/Function0;)V+25
j  androidx.compose.ui.node.OwnerSnapshotObserver.observeLayoutSnapshotReads$ui(Landroidx/compose/ui/node/LayoutNode;Lkotlin/jvm/functions/Function0;)V+22
j  androidx.compose.ui.node.LayoutNode.layoutChildren$ui()V+60
j  androidx.compose.ui.node.LayoutNode.onNodePlaced$ui()V+232
j  androidx.compose.ui.node.InnerPlaceable.placeAt-f8xVGno(JFLkotlin/jvm/functions/Function1;)V+45
j  androidx.compose.ui.layout.Placeable.access$placeAt-f8xVGno(Landroidx/compose/ui/layout/Placeable;JFLkotlin/jvm/functions/Function1;)V+5
j  androidx.compose.ui.layout.Placeable$PlacementScope.place-70tqf50(Landroidx/compose/ui/layout/Placeable;JF)V+57
j  androidx.compose.ui.node.OuterMeasurablePlaceable.placeOuterWrapper-f8xVGno(JFLkotlin/jvm/functions/Function1;)V+24
j  androidx.compose.ui.node.OuterMeasurablePlaceable.access$placeOuterWrapper-f8xVGno(Landroidx/compose/ui/node/OuterMeasurablePlaceable;JFLkotlin/jvm/functions/Function1;)V+5
j  androidx.compose.ui.node.OuterMeasurablePlaceable$placeAt$1.invoke()V+16
j  androidx.compose.ui.node.OuterMeasurablePlaceable$placeAt$1.invoke()Ljava/lang/Object;+1
j  androidx.compose.runtime.snapshots.Snapshot$Companion.observe(Lkotlin/jvm/functions/Function1;Lkotlin/jvm/functions/Function1;Lkotlin/jvm/functions/Function0;)Ljava/lang/Object;+108
j  androidx.compose.runtime.snapshots.SnapshotStateObserver.observeReads(Ljava/lang/Object;Lkotlin/jvm/functions/Function1;Lkotlin/jvm/functions/Function0;)V+131
j  androidx.compose.ui.node.OwnerSnapshotObserver.observeReads$ui(Landroidx/compose/ui/node/OwnerScope;Lkotlin/jvm/functions/Function1;Lkotlin/jvm/functions/Function0;)V+25
j  androidx.compose.ui.node.OwnerSnapshotObserver.observeLayoutModifierSnapshotReads$ui(Landroidx/compose/ui/node/LayoutNode;Lkotlin/jvm/functions/Function0;)V+22
j  androidx.compose.ui.node.OuterMeasurablePlaceable.placeAt-f8xVGno(JFLkotlin/jvm/functions/Function1;)V+109
j  androidx.compose.ui.layout.Placeable.access$placeAt-f8xVGno(Landroidx/compose/ui/layout/Placeable;JFLkotlin/jvm/functions/Function1;)V+5
j  androidx.compose.ui.layout.Placeable$PlacementScope.place-70tqf50(Landroidx/compose/ui/layout/Placeable;JF)V+57
j  androidx.compose.ui.layout.Placeable$PlacementScope.place-70tqf50$default(Landroidx/compose/ui/layout/Placeable$PlacementScope;Landroidx/compose/ui/layout/Placeable;JFILjava/lang/Object;)V+30
j  androidx.compose.foundation.layout.BoxKt.placeInBox(Landroidx/compose/ui/layout/Placeable$PlacementScope;Landroidx/compose/ui/layout/Placeable;Landroidx/compose/ui/layout/Measurable;Landroidx/compose/ui/unit/LayoutDirection;IILandroidx/compose/ui/Alignment;)V+55
j  androidx.compose.foundation.layout.BoxKt.access$placeInBox(Landroidx/compose/ui/layout/Placeable$PlacementScope;Landroidx/compose/ui/layout/Placeable;Landroidx/compose/ui/layout/Measurable;Landroidx/compose/ui/unit/LayoutDirection;IILandroidx/compose/ui/Alignment;)V+10
j  androidx.compose.foundation.layout.BoxKt$boxMeasurePolicy$1$measure$2.invoke(Landroidx/compose/ui/layout/Placeable$PlacementScope;)V+36
j  androidx.compose.foundation.layout.BoxKt$boxMeasurePolicy$1$measure$2.invoke(Ljava/lang/Object;)Ljava/lang/Object;+5
j  androidx.compose.ui.layout.MeasureScope$layout$1.placeChildren()V+64
j  androidx.compose.ui.node.LayoutNode$layoutChildren$1.invoke()V+116
j  androidx.compose.ui.node.LayoutNode$layoutChildren$1.invoke()Ljava/lang/Object;+1
j  androidx.compose.runtime.snapshots.Snapshot$Companion.observe(Lkotlin/jvm/functions/Function1;Lkotlin/jvm/functions/Function1;Lkotlin/jvm/functions/Function0;)Ljava/lang/Object;+108
j  androidx.compose.runtime.snapshots.SnapshotStateObserver.observeReads(Ljava/lang/Object;Lkotlin/jvm/functions/Function1;Lkotlin/jvm/functions/Function0;)V+131
j  androidx.compose.ui.node.OwnerSnapshotObserver.observeReads$ui(Landroidx/compose/ui/node/OwnerScope;Lkotlin/jvm/functions/Function1;Lkotlin/jvm/functions/Function0;)V+25
j  androidx.compose.ui.node.OwnerSnapshotObserver.observeLayoutSnapshotReads$ui(Landroidx/compose/ui/node/LayoutNode;Lkotlin/jvm/functions/Function0;)V+22
j  androidx.compose.ui.node.LayoutNode.layoutChildren$ui()V+60
j  androidx.compose.ui.node.LayoutNode.onNodePlaced$ui()V+232
j  androidx.compose.ui.node.InnerPlaceable.placeAt-f8xVGno(JFLkotlin/jvm/functions/Function1;)V+45
j  androidx.compose.ui.layout.Placeable.access$placeAt-f8xVGno(Landroidx/compose/ui/layout/Placeable;JFLkotlin/jvm/functions/Function1;)V+5
j  androidx.compose.ui.layout.Placeable$PlacementScope.placeWithLayer(Landroidx/compose/ui/layout/Placeable;IIFLkotlin/jvm/functions/Function1;)V+70
j  androidx.compose.ui.layout.Placeable$PlacementScope.placeWithLayer$default(Landroidx/compose/ui/layout/Placeable$PlacementScope;Landroidx/compose/ui/layout/Placeable;IIFLkotlin/jvm/functions/Function1;ILjava/lang/Object;)V+46
j  androidx.compose.ui.graphics.SimpleGraphicsLayerModifier$measure$1.invoke(Landroidx/compose/ui/layout/Placeable$PlacementScope;)V+23
j  androidx.compose.ui.graphics.SimpleGraphicsLayerModifier$measure$1.invoke(Ljava/lang/Object;)Ljava/lang/Object;+5
j  androidx.compose.ui.layout.MeasureScope$layout$1.placeChildren()V+64
j  androidx.compose.ui.node.ModifiedLayoutNode.placeAt-f8xVGno(JFLkotlin/jvm/functions/Function1;)V+118
j  androidx.compose.ui.layout.Placeable.access$placeAt-f8xVGno(Landroidx/compose/ui/layout/Placeable;JFLkotlin/jvm/functions/Function1;)V+5
j  androidx.compose.ui.layout.Placeable$PlacementScope.place-70tqf50(Landroidx/compose/ui/layout/Placeable;JF)V+57
j  androidx.compose.ui.node.OuterMeasurablePlaceable.placeOuterWrapper-f8xVGno(JFLkotlin/jvm/functions/Function1;)V+24
j  androidx.compose.ui.node.OuterMeasurablePlaceable.access$placeOuterWrapper-f8xVGno(Landroidx/compose/ui/node/OuterMeasurablePlaceable;JFLkotlin/jvm/functions/Function1;)V+5
j  androidx.compose.ui.node.OuterMeasurablePlaceable$placeAt$1.invoke()V+16
j  androidx.compose.ui.node.OuterMeasurablePlaceable$placeAt$1.invoke()Ljava/lang/Object;+1
j  androidx.compose.runtime.snapshots.Snapshot$Companion.observe(Lkotlin/jvm/functions/Function1;Lkotlin/jvm/functions/Function1;Lkotlin/jvm/functions/Function0;)Ljava/lang/Object;+108
j  androidx.compose.runtime.snapshots.SnapshotStateObserver.observeReads(Ljava/lang/Object;Lkotlin/jvm/functions/Function1;Lkotlin/jvm/functions/Function0;)V+131
j  androidx.compose.ui.node.OwnerSnapshotObserver.observeReads$ui(Landroidx/compose/ui/node/OwnerScope;Lkotlin/jvm/functions/Function1;Lkotlin/jvm/functions/Function0;)V+25
j  androidx.compose.ui.node.OwnerSnapshotObserver.observeLayoutModifierSnapshotReads$ui(Landroidx/compose/ui/node/LayoutNode;Lkotlin/jvm/functions/Function0;)V+22
j  androidx.compose.ui.node.OuterMeasurablePlaceable.placeAt-f8xVGno(JFLkotlin/jvm/functions/Function1;)V+109
j  androidx.compose.ui.layout.Placeable.access$placeAt-f8xVGno(Landroidx/compose/ui/layout/Placeable;JFLkotlin/jvm/functions/Function1;)V+5
j  androidx.compose.ui.layout.Placeable$PlacementScope.place(Landroidx/compose/ui/layout/Placeable;IIF)V+66
j  androidx.compose.ui.layout.Placeable$PlacementScope.place$default(Landroidx/compose/ui/layout/Placeable$PlacementScope;Landroidx/compose/ui/layout/Placeable;IIFILjava/lang/Object;)V+31
j  androidx.compose.foundation.layout.RowColumnImplKt$rowColumnMeasurePolicy$1$measure$4.invoke(Landroidx/compose/ui/layout/Placeable$PlacementScope;)V+302
j  androidx.compose.foundation.layout.RowColumnImplKt$rowColumnMeasurePolicy$1$measure$4.invoke(Ljava/lang/Object;)Ljava/lang/Object;+5
j  androidx.compose.ui.layout.MeasureScope$layout$1.placeChildren()V+64
j  androidx.compose.ui.node.LayoutNode$layoutChildren$1.invoke()V+116
j  androidx.compose.ui.node.LayoutNode$layoutChildren$1.invoke()Ljava/lang/Object;+1
j  androidx.compose.runtime.snapshots.Snapshot$Companion.observe(Lkotlin/jvm/functions/Function1;Lkotlin/jvm/functions/Function1;Lkotlin/jvm/functions/Function0;)Ljava/lang/Object;+108
j  androidx.compose.runtime.snapshots.SnapshotStateObserver.observeReads(Ljava/lang/Object;Lkotlin/jvm/functions/Function1;Lkotlin/jvm/functions/Function0;)V+131
j  androidx.compose.ui.node.OwnerSnapshotObserver.observeReads$ui(Landroidx/compose/ui/node/OwnerScope;Lkotlin/jvm/functions/Function1;Lkotlin/jvm/functions/Function0;)V+25
j  androidx.compose.ui.node.OwnerSnapshotObserver.observeLayoutSnapshotReads$ui(Landroidx/compose/ui/node/LayoutNode;Lkotlin/jvm/functions/Function0;)V+22
j  androidx.compose.ui.node.LayoutNode.layoutChildren$ui()V+60
j  androidx.compose.ui.node.LayoutNode.onNodePlaced$ui()V+232
j  androidx.compose.ui.node.InnerPlaceable.placeAt-f8xVGno(JFLkotlin/jvm/functions/Function1;)V+45
j  androidx.compose.ui.layout.Placeable.access$placeAt-f8xVGno(Landroidx/compose/ui/layout/Placeable;JFLkotlin/jvm/functions/Function1;)V+5
j  androidx.compose.ui.layout.Placeable$PlacementScope.placeRelative(Landroidx/compose/ui/layout/Placeable;IIF)V+96
j  androidx.compose.ui.layout.Placeable$PlacementScope.placeRelative$default(Landroidx/compose/ui/layout/Placeable$PlacementScope;Landroidx/compose/ui/layout/Placeable;IIFILjava/lang/Object;)V+31
j  androidx.compose.foundation.layout.FillModifier$measure$1.invoke(Landroidx/compose/ui/layout/Placeable$PlacementScope;)V+16
j  androidx.compose.foundation.layout.FillModifier$measure$1.invoke(Ljava/lang/Object;)Ljava/lang/Object;+5
j  androidx.compose.ui.layout.MeasureScope$layout$1.placeChildren()V+64
j  androidx.compose.ui.node.ModifiedLayoutNode.placeAt-f8xVGno(JFLkotlin/jvm/functions/Function1;)V+118
j  androidx.compose.ui.layout.Placeable.access$placeAt-f8xVGno(Landroidx/compose/ui/layout/Placeable;JFLkotlin/jvm/functions/Function1;)V+5
j  androidx.compose.ui.layout.Placeable$PlacementScope.place-70tqf50(Landroidx/compose/ui/layout/Placeable;JF)V+57
j  androidx.compose.ui.node.OuterMeasurablePlaceable.placeOuterWrapper-f8xVGno(JFLkotlin/jvm/functions/Function1;)V+24
j  androidx.compose.ui.node.OuterMeasurablePlaceable.access$placeOuterWrapper-f8xVGno(Landroidx/compose/ui/node/OuterMeasurablePlaceable;JFLkotlin/jvm/functions/Function1;)V+5
j  androidx.compose.ui.node.OuterMeasurablePlaceable$placeAt$1.invoke()V+16
j  androidx.compose.ui.node.OuterMeasurablePlaceable$placeAt$1.invoke()Ljava/lang/Object;+1
j  androidx.compose.runtime.snapshots.Snapshot$Companion.observe(Lkotlin/jvm/functions/Function1;Lkotlin/jvm/functions/Function1;Lkotlin/jvm/functions/Function0;)Ljava/lang/Object;+108
j  androidx.compose.runtime.snapshots.SnapshotStateObserver.observeReads(Ljava/lang/Object;Lkotlin/jvm/functions/Function1;Lkotlin/jvm/functions/Function0;)V+131
j  androidx.compose.ui.node.OwnerSnapshotObserver.observeReads$ui(Landroidx/compose/ui/node/OwnerScope;Lkotlin/jvm/functions/Function1;Lkotlin/jvm/functions/Function0;)V+25
j  androidx.compose.ui.node.OwnerSnapshotObserver.observeLayoutModifierSnapshotReads$ui(Landroidx/compose/ui/node/LayoutNode;Lkotlin/jvm/functions/Function0;)V+22
j  androidx.compose.ui.node.OuterMeasurablePlaceable.placeAt-f8xVGno(JFLkotlin/jvm/functions/Function1;)V+109
j  androidx.compose.ui.layout.Placeable.access$placeAt-f8xVGno(Landroidx/compose/ui/layout/Placeable;JFLkotlin/jvm/functions/Function1;)V+5
j  androidx.compose.ui.layout.Placeable$PlacementScope.place(Landroidx/compose/ui/layout/Placeable;IIF)V+66
j  androidx.compose.ui.layout.Placeable$PlacementScope.place$default(Landroidx/compose/ui/layout/Placeable$PlacementScope;Landroidx/compose/ui/layout/Placeable;IIFILjava/lang/Object;)V+31
j  androidx.compose.foundation.layout.RowColumnImplKt$rowColumnMeasurePolicy$1$measure$4.invoke(Landroidx/compose/ui/layout/Placeable$PlacementScope;)V+283
j  androidx.compose.foundation.layout.RowColumnImplKt$rowColumnMeasurePolicy$1$measure$4.invoke(Ljava/lang/Object;)Ljava/lang/Object;+5
j  androidx.compose.ui.layout.MeasureScope$layout$1.placeChildren()V+64
j  androidx.compose.ui.node.LayoutNode$layoutChildren$1.invoke()V+116
j  androidx.compose.ui.node.LayoutNode$layoutChildren$1.invoke()Ljava/lang/Object;+1
j  androidx.compose.runtime.snapshots.Snapshot$Companion.observe(Lkotlin/jvm/functions/Function1;Lkotlin/jvm/functions/Function1;Lkotlin/jvm/functions/Function0;)Ljava/lang/Object;+108
j  androidx.compose.runtime.snapshots.SnapshotStateObserver.observeReads(Ljava/lang/Object;Lkotlin/jvm/functions/Function1;Lkotlin/jvm/functions/Function0;)V+131
j  androidx.compose.ui.node.OwnerSnapshotObserver.observeReads$ui(Landroidx/compose/ui/node/OwnerScope;Lkotlin/jvm/functions/Function1;Lkotlin/jvm/functions/Function0;)V+25
j  androidx.compose.ui.node.OwnerSnapshotObserver.observeLayoutSnapshotReads$ui(Landroidx/compose/ui/node/LayoutNode;Lkotlin/jvm/functions/Function0;)V+22
j  androidx.compose.ui.node.LayoutNode.layoutChildren$ui()V+60
j  androidx.compose.ui.node.LayoutNode.onNodePlaced$ui()V+232
j  androidx.compose.ui.node.InnerPlaceable.placeAt-f8xVGno(JFLkotlin/jvm/functions/Function1;)V+45
j  androidx.compose.ui.layout.Placeable.access$placeAt-f8xVGno(Landroidx/compose/ui/layout/Placeable;JFLkotlin/jvm/functions/Function1;)V+5
j  androidx.compose.ui.layout.Placeable$PlacementScope.placeRelative(Landroidx/compose/ui/layout/Placeable;IIF)V+96
j  androidx.compose.ui.layout.Placeable$PlacementScope.placeRelative$default(Landroidx/compose/ui/layout/Placeable$PlacementScope;Landroidx/compose/ui/layout/Placeable;IIFILjava/lang/Object;)V+31
j  androidx.compose.foundation.layout.FillModifier$measure$1.invoke(Landroidx/compose/ui/layout/Placeable$PlacementScope;)V+16
j  androidx.compose.foundation.layout.FillModifier$measure$1.invoke(Ljava/lang/Object;)Ljava/lang/Object;+5
j  androidx.compose.ui.layout.MeasureScope$layout$1.placeChildren()V+64
j  androidx.compose.ui.node.ModifiedLayoutNode.placeAt-f8xVGno(JFLkotlin/jvm/functions/Function1;)V+118
j  androidx.compose.ui.layout.Placeable.access$placeAt-f8xVGno(Landroidx/compose/ui/layout/Placeable;JFLkotlin/jvm/functions/Function1;)V+5
j  androidx.compose.ui.layout.Placeable$PlacementScope.placeWithLayer-aW-9-wM(Landroidx/compose/ui/layout/Placeable;JFLkotlin/jvm/functions/Function1;)V+61
j  androidx.compose.ui.node.OuterMeasurablePlaceable.placeOuterWrapper-f8xVGno(JFLkotlin/jvm/functions/Function1;)V+43
j  androidx.compose.ui.node.OuterMeasurablePlaceable.access$placeOuterWrapper-f8xVGno(Landroidx/compose/ui/node/OuterMeasurablePlaceable;JFLkotlin/jvm/functions/Function1;)V+5
j  androidx.compose.ui.node.OuterMeasurablePlaceable$placeAt$1.invoke()V+16
j  androidx.compose.ui.node.OuterMeasurablePlaceable$placeAt$1.invoke()Ljava/lang/Object;+1
j  androidx.compose.runtime.snapshots.Snapshot$Companion.observe(Lkotlin/jvm/functions/Function1;Lkotlin/jvm/functions/Function1;Lkotlin/jvm/functions/Function0;)Ljava/lang/Object;+108
j  androidx.compose.runtime.snapshots.SnapshotStateObserver.observeReads(Ljava/lang/Object;Lkotlin/jvm/functions/Function1;Lkotlin/jvm/functions/Function0;)V+131
j  androidx.compose.ui.node.OwnerSnapshotObserver.observeReads$ui(Landroidx/compose/ui/node/OwnerScope;Lkotlin/jvm/functions/Function1;Lkotlin/jvm/functions/Function0;)V+25
j  androidx.compose.ui.node.OwnerSnapshotObserver.observeLayoutModifierSnapshotReads$ui(Landroidx/compose/ui/node/LayoutNode;Lkotlin/jvm/functions/Function0;)V+22
j  androidx.compose.ui.node.OuterMeasurablePlaceable.placeAt-f8xVGno(JFLkotlin/jvm/functions/Function1;)V+109
j  androidx.compose.ui.layout.Placeable.access$placeAt-f8xVGno(Landroidx/compose/ui/layout/Placeable;JFLkotlin/jvm/functions/Function1;)V+5
j  androidx.compose.ui.layout.Placeable$PlacementScope.placeRelativeWithLayer(Landroidx/compose/ui/layout/Placeable;IIFLkotlin/jvm/functions/Function1;)V+100
j  androidx.compose.ui.layout.Placeable$PlacementScope.placeRelativeWithLayer$default(Landroidx/compose/ui/layout/Placeable$PlacementScope;Landroidx/compose/ui/layout/Placeable;IIFLkotlin/jvm/functions/Function1;ILjava/lang/Object;)V+46
j  androidx.compose.ui.layout.RootMeasurePolicy$measure$2.invoke(Landroidx/compose/ui/layout/Placeable$PlacementScope;)V+18
j  androidx.compose.ui.layout.RootMeasurePolicy$measure$2.invoke(Ljava/lang/Object;)Ljava/lang/Object;+5
j  androidx.compose.ui.layout.MeasureScope$layout$1.placeChildren()V+64
j  androidx.compose.ui.node.LayoutNode$layoutChildren$1.invoke()V+116
j  androidx.compose.ui.node.LayoutNode$layoutChildren$1.invoke()Ljava/lang/Object;+1
j  androidx.compose.runtime.snapshots.Snapshot$Companion.observe(Lkotlin/jvm/functions/Function1;Lkotlin/jvm/functions/Function1;Lkotlin/jvm/functions/Function0;)Ljava/lang/Object;+108
j  androidx.compose.runtime.snapshots.SnapshotStateObserver.observeReads(Ljava/lang/Object;Lkotlin/jvm/functions/Function1;Lkotlin/jvm/functions/Function0;)V+131
j  androidx.compose.ui.node.OwnerSnapshotObserver.observeReads$ui(Landroidx/compose/ui/node/OwnerScope;Lkotlin/jvm/functions/Function1;Lkotlin/jvm/functions/Function0;)V+25
j  androidx.compose.ui.node.OwnerSnapshotObserver.observeLayoutSnapshotReads$ui(Landroidx/compose/ui/node/LayoutNode;Lkotlin/jvm/functions/Function0;)V+22
j  androidx.compose.ui.node.LayoutNode.layoutChildren$ui()V+60
j  androidx.compose.ui.node.LayoutNode.onNodePlaced$ui()V+232
j  androidx.compose.ui.node.InnerPlaceable.placeAt-f8xVGno(JFLkotlin/jvm/functions/Function1;)V+45
j  androidx.compose.ui.layout.Placeable.access$placeAt-f8xVGno(Landroidx/compose/ui/layout/Placeable;JFLkotlin/jvm/functions/Function1;)V+5
j  androidx.compose.ui.layout.Placeable$PlacementScope.place-70tqf50(Landroidx/compose/ui/layout/Placeable;JF)V+57
j  androidx.compose.ui.node.OuterMeasurablePlaceable.placeOuterWrapper-f8xVGno(JFLkotlin/jvm/functions/Function1;)V+24
j  androidx.compose.ui.node.OuterMeasurablePlaceable.access$placeOuterWrapper-f8xVGno(Landroidx/compose/ui/node/OuterMeasurablePlaceable;JFLkotlin/jvm/functions/Function1;)V+5
j  androidx.compose.ui.node.OuterMeasurablePlaceable$placeAt$1.invoke()V+16
j  androidx.compose.ui.node.OuterMeasurablePlaceable$placeAt$1.invoke()Ljava/lang/Object;+1
j  androidx.compose.runtime.snapshots.Snapshot$Companion.observe(Lkotlin/jvm/functions/Function1;Lkotlin/jvm/functions/Function1;Lkotlin/jvm/functions/Function0;)Ljava/lang/Object;+108
j  androidx.compose.runtime.snapshots.SnapshotStateObserver.observeReads(Ljava/lang/Object;Lkotlin/jvm/functions/Function1;Lkotlin/jvm/functions/Function0;)V+131
j  androidx.compose.ui.node.OwnerSnapshotObserver.observeReads$ui(Landroidx/compose/ui/node/OwnerScope;Lkotlin/jvm/functions/Function1;Lkotlin/jvm/functions/Function0;)V+25
j  androidx.compose.ui.node.OwnerSnapshotObserver.observeLayoutModifierSnapshotReads$ui(Landroidx/compose/ui/node/LayoutNode;Lkotlin/jvm/functions/Function0;)V+22
j  androidx.compose.ui.node.OuterMeasurablePlaceable.placeAt-f8xVGno(JFLkotlin/jvm/functions/Function1;)V+109
j  androidx.compose.ui.layout.Placeable.access$placeAt-f8xVGno(Landroidx/compose/ui/layout/Placeable;JFLkotlin/jvm/functions/Function1;)V+5
j  androidx.compose.ui.layout.Placeable$PlacementScope.placeRelative(Landroidx/compose/ui/layout/Placeable;IIF)V+96
j  androidx.compose.ui.layout.Placeable$PlacementScope.placeRelative$default(Landroidx/compose/ui/layout/Placeable$PlacementScope;Landroidx/compose/ui/layout/Placeable;IIFILjava/lang/Object;)V+31
j  androidx.compose.ui.node.LayoutNode.place$ui(II)V+94
j  androidx.compose.ui.node.MeasureAndLayoutDelegate.remeasureAndRelayoutIfNeeded(Landroidx/compose/ui/node/LayoutNode;)Z+87
j  androidx.compose.ui.node.MeasureAndLayoutDelegate.access$remeasureAndRelayoutIfNeeded(Landroidx/compose/ui/node/MeasureAndLayoutDelegate;Landroidx/compose/ui/node/LayoutNode;)Z+2
j  androidx.compose.ui.node.MeasureAndLayoutDelegate.measureAndLayout(Lkotlin/jvm/functions/Function0;)Z+183
j  androidx.compose.ui.platform.SkiaBasedOwner.measureAndLayout(Z)V+27
j  androidx.compose.ui.node.Owner.measureAndLayout$default(Landroidx/compose/ui/node/Owner;ZILjava/lang/Object;)V+24
j  androidx.compose.ui.ComposeScene.render(Lorg/jetbrains/skia/Canvas;J)V+221
j  androidx.compose.ui.awt.ComposeLayer$1$onRender$1.invoke()V+15
j  androidx.compose.ui.awt.ComposeLayer$1$onRender$1.invoke()Ljava/lang/Object;+1
j  androidx.compose.ui.awt.ComposeLayer.catchExceptions(Lkotlin/jvm/functions/Function0;)V+2
j  androidx.compose.ui.awt.ComposeLayer.access$catchExceptions(Landroidx/compose/ui/awt/ComposeLayer;Lkotlin/jvm/functions/Function0;)V+2
j  androidx.compose.ui.awt.ComposeLayer$1.onRender(Lorg/jetbrains/skia/Canvas;IIJ)V+27
j  org.jetbrains.skiko.SkiaLayer.update$skiko(J)V+213
j  org.jetbrains.skiko.redrawer.AWTRedrawer.update(J)V+57
j  org.jetbrains.skiko.redrawer.Direct3DRedrawer.redrawImmediately()V+177
j  org.jetbrains.skiko.SkiaLayer.paint(Ljava/awt/Graphics;)V+85
j  androidx.compose.ui.awt.ComposeLayer$ComponentImpl.paint(Ljava/awt/Graphics;)V+12
j  javax.swing.JComponent.paintChildren(Ljava/awt/Graphics;)V+516 java.desktop@19.0.1
j  javax.swing.JComponent.paint(Ljava/awt/Graphics;)V+318 java.desktop@19.0.1
j  javax.swing.JLayeredPane.paint(Ljava/awt/Graphics;)V+73 java.desktop@19.0.1
j  javax.swing.JComponent.paintChildren(Ljava/awt/Graphics;)V+516 java.desktop@19.0.1
j  javax.swing.JComponent.paint(Ljava/awt/Graphics;)V+318 java.desktop@19.0.1
j  androidx.compose.ui.window.Window_desktopKt$Window$11$1.invoke(Landroidx/compose/ui/awt/ComposeWindow;)V+70
j  androidx.compose.ui.window.Window_desktopKt$Window$11$1.invoke(Ljava/lang/Object;)Ljava/lang/Object;+5
j  androidx.compose.ui.window.AwtWindow_desktopKt$AwtWindow$3.invoke()V+13
j  androidx.compose.ui.window.AwtWindow_desktopKt$AwtWindow$3.invoke()Ljava/lang/Object;+1
j  androidx.compose.ui.util.UpdateEffect_desktopKt$UpdateEffect$2$performUpdate$2.invoke()V+7
j  androidx.compose.ui.util.UpdateEffect_desktopKt$UpdateEffect$2$performUpdate$2.invoke()Ljava/lang/Object;+1
j  androidx.compose.runtime.snapshots.Snapshot$Companion.observe(Lkotlin/jvm/functions/Function1;Lkotlin/jvm/functions/Function1;Lkotlin/jvm/functions/Function0;)Ljava/lang/Object;+108
j  androidx.compose.runtime.snapshots.SnapshotStateObserver.observeReads(Ljava/lang/Object;Lkotlin/jvm/functions/Function1;Lkotlin/jvm/functions/Function0;)V+131
j  androidx.compose.ui.util.UpdateEffect_desktopKt$UpdateEffect$2.invoke$performUpdate(Landroidx/compose/runtime/snapshots/SnapshotStateObserver;Lkotlinx/coroutines/channels/Channel;Landroidx/compose/runtime/State;)V+28
j  androidx.compose.ui.util.UpdateEffect_desktopKt$UpdateEffect$2.invoke(Landroidx/compose/runtime/DisposableEffectScope;)Landroidx/compose/runtime/DisposableEffectResult;+33
j  androidx.compose.ui.util.UpdateEffect_desktopKt$UpdateEffect$2.invoke(Ljava/lang/Object;)Ljava/lang/Object;+5
j  androidx.compose.runtime.DisposableEffectImpl.onRemembered()V+8
j  androidx.compose.runtime.CompositionImpl$RememberEventDispatcher.dispatchRememberObservers()V+234
j  androidx.compose.runtime.CompositionImpl.applyChangesInLocked(Ljava/util/List;)V+245
j  androidx.compose.runtime.CompositionImpl.applyChanges()V+20
j  androidx.compose.runtime.Recomposer.composeInitial$runtime(Landroidx/compose/runtime/ControlledComposition;Lkotlin/jvm/functions/Function2;)V+243
j  androidx.compose.runtime.CompositionImpl.setContent(Lkotlin/jvm/functions/Function2;)V+55
j  androidx.compose.ui.window.Application_desktopKt$awaitApplication$2$1$2.invokeSuspend(Ljava/lang/Object;)Ljava/lang/Object;+89
j  kotlin.coroutines.jvm.internal.BaseContinuationImpl.resumeWith(Ljava/lang/Object;)V+44
j  kotlinx.coroutines.DispatchedTask.run()V+314
j  java.awt.event.InvocationEvent.dispatch()V+47 java.desktop@19.0.1
j  java.awt.EventQueue.dispatchEventImpl(Ljava/awt/AWTEvent;Ljava/lang/Object;)V+21 java.desktop@19.0.1
j  java.awt.EventQueue$4.run()Ljava/lang/Void;+32 java.desktop@19.0.1
j  java.awt.EventQueue$4.run()Ljava/lang/Object;+1 java.desktop@19.0.1
j  java.security.AccessController.executePrivileged(Ljava/security/PrivilegedAction;Ljava/security/AccessControlContext;Ljava/lang/Class;)Ljava/lang/Object;+29 java.base@19.0.1
j  java.security.AccessController.doPrivileged(Ljava/security/PrivilegedAction;Ljava/security/AccessControlContext;)Ljava/lang/Object;+13 java.base@19.0.1
j  java.security.ProtectionDomain$JavaSecurityAccessImpl.doIntersectionPrivilege(Ljava/security/PrivilegedAction;Ljava/security/AccessControlContext;Ljava/security/AccessControlContext;)Ljava/lang/Object;+18 java.base@19.0.1
j  java.awt.EventQueue.dispatchEvent(Ljava/awt/AWTEvent;)V+46 java.desktop@19.0.1
j  java.awt.EventDispatchThread.pumpOneEventForFilters(I)V+81 java.desktop@19.0.1
j  java.awt.EventDispatchThread.pumpEventsForFilter(ILjava/awt/Conditional;Ljava/awt/EventFilter;)V+35 java.desktop@19.0.1
j  java.awt.EventDispatchThread.pumpEventsForHierarchy(ILjava/awt/Conditional;Ljava/awt/Component;)V+11 java.desktop@19.0.1
j  java.awt.EventDispatchThread.pumpEvents(ILjava/awt/Conditional;)V+4 java.desktop@19.0.1
j  java.awt.EventDispatchThread.pumpEvents(Ljava/awt/Conditional;)V+3 java.desktop@19.0.1
j  java.awt.EventDispatchThread.run()V+9 java.desktop@19.0.1
v  ~StubRoutines::call_stub 0x000001e38753100e

siginfo: EXCEPTION_ACCESS_VIOLATION (0xc0000005), reading address 0x0000000000000000


Registers:
RAX=0x0000000000000000, RBX=0x000001e398f1b1a0, RCX=0x151daf8a34820000, RDX=0x000001e3994af780
RSP=0x0000003f8c0f6870, RBP=0x0000003f8c0f6968, RSI=0x0000000000000000, RDI=0x000001e398f1b480
R8 =0x0000000000000000, R9 =0x000001e398e611b0, R10=0x000001e398f1b1a0, R11=0x0000003f8c0f6868
R12=0x0000000000000000, R13=0x000001e394e3dd58, R14=0x0000003f8c0f6b58, R15=0x000001e398f1b1a0
RIP=0x00007ff84157c938, EFLAGS=0x0000000000010206


Register to memory mapping:

RIP=0x00007ff84157c938 jvm.dll
RAX=0x0 is NULL
RBX=0x000001e398f1b1a0 is a thread
RCX=0x151daf8a34820000 is an unknown value
RDX=0x000001e3994af780 is a global jni handle
RSP=0x0000003f8c0f6870 is pointing into the stack for thread: 0x000001e398f1b1a0
RBP=0x0000003f8c0f6968 is pointing into the stack for thread: 0x000001e398f1b1a0
RSI=0x0 is NULL
RDI=0x000001e398f1b480 points into unknown readable memory: 0x00007ff841c9f9a0 | a0 f9 c9 41 f8 7f 00 00
R8 =0x0 is NULL
R9 =0x000001e398e611b0 points into unknown readable memory: 0x000001e300000002 | 02 00 00 00 e3 01 00 00
R10=0x000001e398f1b1a0 is a thread
R11=0x0000003f8c0f6868 is pointing into the stack for thread: 0x000001e398f1b1a0
R12=0x0 is NULL
R13={method} {0x000001e394e3dd60} 'initSwapChain' '(J)V' in 'org/jetbrains/skiko/redrawer/Direct3DRedrawer'
R14=0x0000003f8c0f6b58 is pointing into the stack for thread: 0x000001e398f1b1a0
R15=0x000001e398f1b1a0 is a thread


Top of Stack: (sp=0x0000003f8c0f6870)
0x0000003f8c0f6870:   000001e398f1b1a0 0000000000000084
0x0000003f8c0f6880:   0000003f8c0f6908 0000003f8c0f6980
0x0000003f8c0f6890:   000001e398d64ef0 0000000000000000
0x0000003f8c0f68a0:   0000003f8c0f6b58 000001e398f1b1a0
0x0000003f8c0f68b0:   0000003f8c0f6980 00007ff8415a8040
0x0000003f8c0f68c0:   000001e398f1b1a0 000001e398d64ee8
0x0000003f8c0f68d0:   0000003f00000453 00007ff841ae7e10
0x0000003f8c0f68e0:   000001e398f1b1a0 0000003f8c0f6b58
0x0000003f8c0f68f0:   0000000000000000 00007ff8415808ee
0x0000003f8c0f6900:   000001e398f1b1a0 0000003f8c0f6b28
0x0000003f8c0f6910:   0000003f8c0f6b58 00007ff824a77c6c
0x0000003f8c0f6920:   000001e398f1b480 0000003f8c0f6b28
0x0000003f8c0f6930:   0000000000000110 000001e3994d2774
0x0000003f8c0f6940:   000001e3994d2774 00007ff824a7812c
0x0000003f8c0f6950:   000001e398f1b480 0000000000000110
0x0000003f8c0f6960:   0000000000000000 000001e398e13788 

Instructions: (pc=0x00007ff84157c938)
0x00007ff84157c838:   4c 39 30 74 08 48 8b cb e8 1b 5f f6 ff 48 8b 4b
0x00007ff84157c848:   08 48 8b 43 10 48 89 41 10 48 8b 4b 08 48 8b 43
0x00007ff84157c858:   18 48 89 41 18 48 8b 4b 08 48 8b 43 20 48 89 41
0x00007ff84157c868:   20 48 8d 8f c0 02 00 00 e8 4b d0 ed ff 90 c7 87
0x00007ff84157c878:   74 03 00 00 04 00 00 00 48 81 c4 b0 00 00 00 41
0x00007ff84157c888:   5e 5f 5e 5d 5b c3 cc cc 48 89 5c 24 08 48 89 6c
0x00007ff84157c898:   24 10 48 89 74 24 18 48 89 7c 24 20 41 56 48 81
0x00007ff84157c8a8:   ec a0 00 00 00 8b 81 b8 00 00 00 48 8d 99 20 fd
0x00007ff84157c8b8:   ff ff 05 56 21 ff ff 49 8b e9 49 8b f0 48 8b f9
0x00007ff84157c8c8:   83 f8 02 76 08 48 8b cb e8 4b 4c 3c 00 c7 83 74
0x00007ff84157c8d8:   03 00 00 06 00 00 00 e8 dc 34 2a 00 90 48 8b 83
0x00007ff84157c8e8:   78 03 00 00 a8 01 74 0d 45 33 c0 b2 01 48 8b cb
0x00007ff84157c8f8:   e8 d3 1b 31 00 8b 83 70 03 00 00 a8 0c 74 08 48
0x00007ff84157c908:   8b cb e8 71 75 3c 00 48 83 7b 08 00 c7 83 74 03
0x00007ff84157c918:   00 00 06 00 00 00 48 89 5c 24 50 48 c7 44 24 58
0x00007ff84157c928:   00 00 00 00 74 0a 48 8d 4c 24 50 e8 78 eb 2d 00
0x00007ff84157c938:   48 8b 16 48 8d 4c 24 70 c7 44 24 40 0e 00 00 00
0x00007ff84157c948:   e8 23 e8 00 00 48 8d 44 24 70 48 89 5c 24 30 48
0x00007ff84157c958:   89 44 24 28 4c 8d 35 35 b5 56 00 45 33 c9 48 89
0x00007ff84157c968:   74 24 20 45 33 c0 4c 89 74 24 70 48 8d 54 24 40
0x00007ff84157c978:   48 89 ac 24 98 00 00 00 48 8b cf e8 58 fb 00 00
0x00007ff84157c988:   48 83 7c 24 58 00 4c 89 74 24 70 48 c7 84 24 98
0x00007ff84157c998:   00 00 00 00 00 00 00 74 0a 48 8d 4c 24 50 e8 85
0x00007ff84157c9a8:   eb 2d 00 48 8b bb d8 00 00 00 48 8b 47 10 48 83
0x00007ff84157c9b8:   38 00 74 08 48 8b cf e8 9c 5d f6 ff 48 8b 4f 08
0x00007ff84157c9c8:   48 8b 47 10 48 89 41 10 48 8b 4f 08 48 8b 47 18
0x00007ff84157c9d8:   48 89 41 18 48 8b 4f 08 48 8b 47 20 48 89 41 20
0x00007ff84157c9e8:   48 8d 8b c0 02 00 00 e8 cc ce ed ff 4c 8d 9c 24
0x00007ff84157c9f8:   a0 00 00 00 90 49 8b 6b 18 49 8b 73 20 49 8b 7b
0x00007ff84157ca08:   28 c7 83 74 03 00 00 04 00 00 00 49 8b 5b 10 49
0x00007ff84157ca18:   8b e3 41 5e c3 cc cc cc 48 89 5c 24 08 48 89 6c
0x00007ff84157ca28:   24 10 48 89 74 24 18 57 48 81 ec a0 00 00 00 8b 


Stack slot to memory mapping:
stack at sp + 0 slots: 0x000001e398f1b1a0 is a thread
stack at sp + 1 slots: 0x0000000000000084 is an unknown value
stack at sp + 2 slots: 0x0000003f8c0f6908 is pointing into the stack for thread: 0x000001e398f1b1a0
stack at sp + 3 slots: 0x0000003f8c0f6980 is pointing into the stack for thread: 0x000001e398f1b1a0
stack at sp + 4 slots: 0x000001e398d64ef0 points into unknown readable memory: 0x000000074496bd18 | 18 bd 96 44 07 00 00 00
stack at sp + 5 slots: 0x0 is NULL
stack at sp + 6 slots: 0x0000003f8c0f6b58 is pointing into the stack for thread: 0x000001e398f1b1a0
stack at sp + 7 slots: 0x000001e398f1b1a0 is a thread


---------------  P R O C E S S  ---------------

Threads class SMR info:
_java_thread_list=0x000001e3a224bf80, length=25, elements={
0x000001e3f10a2c60, 0x000001e39801dfc0, 0x000001e39801e700, 0x000001e3980243f0,
0x000001e398024930, 0x000001e398024e70, 0x000001e3980293c0, 0x000001e3980419c0,
0x000001e398046c20, 0x000001e39804ff50, 0x000001e39812b500, 0x000001e3983fe820,
0x000001e398433db0, 0x000001e39857bcd0, 0x000001e39857c210, 0x000001e398b59ee0,
0x000001e398c95950, 0x000001e39826dff0, 0x000001e398f1b6f0, 0x000001e398f19c60,
0x000001e398f1b1a0, 0x000001e398f1c190, 0x000001e398f1a1b0, 0x000001e3a2489250,
0x000001e3a27d28b0
}

Java Threads: ( => current thread )
  0x000001e3f10a2c60 JavaThread "main" [_thread_blocked, id=26848, stack(0x0000003f89c00000,0x0000003f89d00000)]
  0x000001e39801dfc0 JavaThread "Reference Handler" daemon [_thread_blocked, id=21416, stack(0x0000003f8a300000,0x0000003f8a400000)]
  0x000001e39801e700 JavaThread "Finalizer" daemon [_thread_blocked, id=24632, stack(0x0000003f8a400000,0x0000003f8a500000)]
  0x000001e3980243f0 JavaThread "Signal Dispatcher" daemon [_thread_blocked, id=23792, stack(0x0000003f8a500000,0x0000003f8a600000)]
  0x000001e398024930 JavaThread "Attach Listener" daemon [_thread_blocked, id=21988, stack(0x0000003f8a600000,0x0000003f8a700000)]
  0x000001e398024e70 JavaThread "Service Thread" daemon [_thread_blocked, id=12356, stack(0x0000003f8a700000,0x0000003f8a800000)]
  0x000001e3980293c0 JavaThread "Monitor Deflation Thread" daemon [_thread_blocked, id=23644, stack(0x0000003f8a800000,0x0000003f8a900000)]
  0x000001e3980419c0 JavaThread "C2 CompilerThread0" daemon [_thread_in_native, id=4024, stack(0x0000003f8a900000,0x0000003f8aa00000)]
  0x000001e398046c20 JavaThread "C1 CompilerThread0" daemon [_thread_blocked, id=296, stack(0x0000003f8aa00000,0x0000003f8ab00000)]
  0x000001e39804ff50 JavaThread "Sweeper thread" daemon [_thread_blocked, id=26404, stack(0x0000003f8ab00000,0x0000003f8ac00000)]
  0x000001e39812b500 JavaThread "Common-Cleaner" daemon [_thread_blocked, id=8700, stack(0x0000003f8ac00000,0x0000003f8ad00000)]
  0x000001e3983fe820 JavaThread "Monitor Ctrl-Break" daemon [_thread_in_native, id=25076, stack(0x0000003f8ae00000,0x0000003f8af00000)]
  0x000001e398433db0 JavaThread "Notification Thread" daemon [_thread_blocked, id=26040, stack(0x0000003f8af00000,0x0000003f8b000000)]
  0x000001e39857bcd0 JavaThread "DefaultDispatcher-worker-1" daemon [_thread_blocked, id=24104, stack(0x0000003f8b100000,0x0000003f8b200000)]
  0x000001e39857c210 JavaThread "DefaultDispatcher-worker-2" daemon [_thread_blocked, id=3316, stack(0x0000003f8b200000,0x0000003f8b300000)]
  0x000001e398b59ee0 JavaThread "DefaultDispatcher-worker-3" daemon [_thread_blocked, id=23468, stack(0x0000003f8b300000,0x0000003f8b400000)]
  0x000001e398c95950 JavaThread "HikariPool-1 housekeeper" daemon [_thread_blocked, id=25900, stack(0x0000003f8b400000,0x0000003f8b500000)]
  0x000001e39826dff0 JavaThread "HikariPool-1 connection adder" daemon [_thread_blocked, id=25472, stack(0x0000003f8bc00000,0x0000003f8bd00000)]
  0x000001e398f1b6f0 JavaThread "Java2D Disposer" daemon [_thread_blocked, id=1904, stack(0x0000003f8bd00000,0x0000003f8be00000)]
  0x000001e398f19c60 JavaThread "AWT-Shutdown" [_thread_blocked, id=22688, stack(0x0000003f8be00000,0x0000003f8bf00000)]
=>0x000001e398f1b1a0 JavaThread "AWT-EventQueue-0" [_thread_in_vm, id=21592, stack(0x0000003f8c000000,0x0000003f8c100000)]
  0x000001e398f1c190 JavaThread "kotlinx.coroutines.DefaultExecutor" daemon [_thread_blocked, id=20944, stack(0x0000003f8ad00000,0x0000003f8ae00000)]
  0x000001e398f1a1b0 JavaThread "Reference Cleaner" daemon [_thread_blocked, id=24208, stack(0x0000003f8c300000,0x0000003f8c400000)]
  0x000001e3a2489250 JavaThread "C2 CompilerThread1" daemon [_thread_blocked, id=21216, stack(0x0000003f8cb00000,0x0000003f8cc00000)]
  0x000001e3a27d28b0 JavaThread "SIGINT handler" daemon [_thread_blocked, id=20720, stack(0x0000003f8cc00000,0x0000003f8cd00000)]

Other Threads:
  0x000001e3fe0eec50 VMThread "VM Thread" [stack: 0x0000003f8a200000,0x0000003f8a300000] [id=25648]
  0x000001e3984342f0 WatcherThread "VM Periodic Task Thread" [stack: 0x0000003f8b000000,0x0000003f8b100000] [id=20596]
  0x000001e3f10f99f0 WorkerThread "GC Thread#0" [stack: 0x0000003f89d00000,0x0000003f89e00000] [id=26844]
  0x000001e398de4c70 WorkerThread "GC Thread#1" [stack: 0x0000003f8b500000,0x0000003f8b600000] [id=22428]
  0x000001e398de3e60 WorkerThread "GC Thread#2" [stack: 0x0000003f8b600000,0x0000003f8b700000] [id=25916]
  0x000001e398de4f40 WorkerThread "GC Thread#3" [stack: 0x0000003f8b700000,0x0000003f8b800000] [id=25200]
  0x000001e398de4400 WorkerThread "GC Thread#4" [stack: 0x0000003f8b800000,0x0000003f8b900000] [id=23632]
  0x000001e398de3b90 WorkerThread "GC Thread#5" [stack: 0x0000003f8b900000,0x0000003f8ba00000] [id=1812]
  0x000001e398de5210 WorkerThread "GC Thread#6" [stack: 0x0000003f8ba00000,0x0000003f8bb00000] [id=25564]
  0x000001e398de54e0 WorkerThread "GC Thread#7" [stack: 0x0000003f8bb00000,0x0000003f8bc00000] [id=24348]
  0x000001e3ef5ae810 ConcurrentGCThread "G1 Main Marker" [stack: 0x0000003f89e00000,0x0000003f89f00000] [id=23768]
  0x000001e3fdef9460 WorkerThread "G1 Conc#0" [stack: 0x0000003f89f00000,0x0000003f8a000000] [id=26944]
  0x000001e399bcbaa0 WorkerThread "G1 Conc#1" [stack: 0x0000003f8ca00000,0x0000003f8cb00000] [id=26072]
  0x000001e3fdfa8100 ConcurrentGCThread "G1 Refine#0" [stack: 0x0000003f8a000000,0x0000003f8a100000] [id=25436]
  0x000001e3fdfa9700 ConcurrentGCThread "G1 Service" [stack: 0x0000003f8a100000,0x0000003f8a200000] [id=27236]

Threads with active compile tasks:
C2 CompilerThread0     2767 1809   !   4       jdk.internal.loader.BuiltinClassLoader::loadClassOrNull (143 bytes)

VM state: not at safepoint (normal execution)

VM Mutex/Monitor currently owned by a thread: None

Heap address: 0x0000000743600000, size: 3018 MB, Compressed Oops mode: Zero based, Oop shift amount: 3

CDS archive(s) mapped at: [0x0000000800000000-0x0000000800c30000-0x0000000800c30000), size 12779520, SharedBaseAddress: 0x0000000800000000, ArchiveRelocationMode: 0.
Compressed class space mapped at: 0x0000000801000000-0x0000000841000000, reserved size: 1073741824
Narrow klass base: 0x0000000800000000, Narrow klass shift: 0, Narrow klass range: 0x100000000

GC Precious Log:
 CardTable entry size: 512
 Card Set container configuration: InlinePtr #cards 4 size 8 Array Of Cards #cards 16 size 48 Howl #buckets 8 coarsen threshold 3686 Howl Bitmap #cards 512 size 80 coarsen threshold 460 Card regions per heap region 1 cards per card region 4096
 CPUs: 8 total, 8 available
 Memory: 12069M
 Large Page Support: Disabled
 NUMA Support: Disabled
 Compressed Oops: Enabled (Zero based)
 Heap Region Size: 2M
 Heap Min Capacity: 8M
 Heap Initial Capacity: 190M
 Heap Max Capacity: 3018M
 Pre-touch: Disabled
 Parallel Workers: 8
 Concurrent Workers: 2
 Concurrent Refinement Workers: 8
 Periodic GC: Disabled

Heap:
 garbage-first heap   total 40960K, used 26391K [0x0000000743600000, 0x0000000800000000)
  region size 2048K, 12 young (24576K), 2 survivors (4096K)
 Metaspace       used 25202K, committed 25472K, reserved 1114112K
  class space    used 2637K, committed 2752K, reserved 1048576K

Heap Regions: E=young(eden), S=young(survivor), O=old, HS=humongous(starts), HC=humongous(continues), CS=collection set, F=free, OA=open archive, CA=closed archive, TAMS=top-at-mark-start (previous, next)
|   0|0x0000000743600000, 0x0000000743800000, 0x0000000743800000|100%| O|  |TAMS 0x0000000743800000, 0x0000000743600000| Untracked 
|   1|0x0000000743800000, 0x0000000743a00000, 0x0000000743a00000|100%| O|  |TAMS 0x0000000743a00000, 0x0000000743800000| Untracked 
|   2|0x0000000743a00000, 0x0000000743a50000, 0x0000000743c00000| 15%| O|  |TAMS 0x0000000743a50000, 0x0000000743a00000| Complete 
|   3|0x0000000743c00000, 0x0000000743c00000, 0x0000000743e00000|  0%| F|  |TAMS 0x0000000743c00000, 0x0000000743c00000| Untracked 
|   4|0x0000000743e00000, 0x0000000743e00000, 0x0000000744000000|  0%| F|  |TAMS 0x0000000743e00000, 0x0000000743e00000| Untracked 
|   5|0x0000000744000000, 0x0000000744000000, 0x0000000744200000|  0%| F|  |TAMS 0x0000000744000000, 0x0000000744000000| Untracked 
|   6|0x0000000744200000, 0x0000000744200000, 0x0000000744400000|  0%| F|  |TAMS 0x0000000744200000, 0x0000000744200000| Untracked 
|   7|0x0000000744400000, 0x0000000744400000, 0x0000000744600000|  0%| F|  |TAMS 0x0000000744400000, 0x0000000744400000| Untracked 
|   8|0x0000000744600000, 0x000000074460f220, 0x0000000744800000|  2%| E|  |TAMS 0x0000000744600000, 0x0000000744600000| Complete 
|   9|0x0000000744800000, 0x0000000744a00000, 0x0000000744a00000|100%| E|CS|TAMS 0x0000000744800000, 0x0000000744800000| Complete 
|  10|0x0000000744a00000, 0x0000000744c00000, 0x0000000744c00000|100%| E|CS|TAMS 0x0000000744a00000, 0x0000000744a00000| Complete 
|  11|0x0000000744c00000, 0x0000000744e00000, 0x0000000744e00000|100%| E|CS|TAMS 0x0000000744c00000, 0x0000000744c00000| Complete 
|  12|0x0000000744e00000, 0x0000000745000000, 0x0000000745000000|100%| E|CS|TAMS 0x0000000744e00000, 0x0000000744e00000| Complete 
|  13|0x0000000745000000, 0x0000000745200000, 0x0000000745200000|100%| E|CS|TAMS 0x0000000745000000, 0x0000000745000000| Complete 
|  14|0x0000000745200000, 0x0000000745400000, 0x0000000745400000|100%| E|CS|TAMS 0x0000000745200000, 0x0000000745200000| Complete 
|  15|0x0000000745400000, 0x0000000745600000, 0x0000000745600000|100%| E|CS|TAMS 0x0000000745400000, 0x0000000745400000| Complete 
|  16|0x0000000745600000, 0x0000000745800000, 0x0000000745800000|100%| E|CS|TAMS 0x0000000745600000, 0x0000000745600000| Complete 
|  85|0x000000074e000000, 0x000000074e175e68, 0x000000074e200000| 73%| S|CS|TAMS 0x000000074e000000, 0x000000074e000000| Complete 
|  86|0x000000074e200000, 0x000000074e400000, 0x000000074e400000|100%| S|CS|TAMS 0x000000074e200000, 0x000000074e200000| Complete 
|  94|0x000000074f200000, 0x000000074f400000, 0x000000074f400000|100%| E|CS|TAMS 0x000000074f200000, 0x000000074f200000| Complete 

Card table byte_map: [0x000001e3fa3e0000,0x000001e3fa9d0000] _byte_map_base: 0x000001e3f69c5000

Marking Bits (Prev, Next): (CMBitMap*) 0x000001e3ef5adf50, (CMBitMap*) 0x000001e3ef5adf10
 Prev Bits: [0x000001e38f000000, 0x000001e391f28000)
 Next Bits: [0x000001e3fafc0000, 0x000001e3fdee8000)

Polling page: 0x000001e3ef780000

Metaspace:

Usage:
  Non-class:     22.04 MB used.
      Class:      2.58 MB used.
       Both:     24.61 MB used.

Virtual space:
  Non-class space:       64.00 MB reserved,      22.19 MB ( 35%) committed,  1 nodes.
      Class space:        1.00 GB reserved,       2.69 MB ( <1%) committed,  1 nodes.
             Both:        1.06 GB reserved,      24.88 MB (  2%) committed. 

Chunk freelists:
   Non-Class:  1.48 MB
       Class:  1.25 MB
        Both:  2.73 MB

MaxMetaspaceSize: unlimited
CompressedClassSpaceSize: 1.00 GB
Initial GC threshold: 21.00 MB
Current GC threshold: 35.12 MB
CDS: on
MetaspaceReclaimPolicy: balanced
 - commit_granule_bytes: 65536.
 - commit_granule_words: 8192.
 - virtual_space_node_default_size: 8388608.
 - enlarge_chunks_in_place: 1.
 - new_chunks_are_fully_committed: 0.
 - uncommit_free_chunks: 1.
 - use_allocation_guard: 0.


Internal statistics:

num_allocs_failed_limit: 3.
num_arena_births: 236.
num_arena_deaths: 0.
num_vsnodes_births: 2.
num_vsnodes_deaths: 0.
num_space_committed: 398.
num_space_uncommitted: 0.
num_chunks_returned_to_freelist: 3.
num_chunks_taken_from_freelist: 838.
num_chunk_merges: 3.
num_chunk_splits: 710.
num_chunks_enlarged: 623.
num_inconsistent_stats: 0.

CodeHeap 'non-profiled nmethods': size=120000Kb used=793Kb max_used=793Kb free=119206Kb
 bounds [0x000001e387ad0000, 0x000001e387d40000, 0x000001e38f000000]
CodeHeap 'profiled nmethods': size=120000Kb used=3412Kb max_used=3412Kb free=116587Kb
 bounds [0x000001e380000000, 0x000001e380360000, 0x000001e387530000]
CodeHeap 'non-nmethods': size=5760Kb used=1799Kb max_used=1799Kb free=3960Kb
 bounds [0x000001e387530000, 0x000001e3877a0000, 0x000001e387ad0000]
 total_blobs=3105 nmethods=1946 adapters=1070
 compilation: enabled
              stopped_count=0, restarted_count=0
 full_count=0

Compilation events (20 events):
Event: 2.636 Thread 0x000001e398046c20 1938       3       androidx.compose.ui.unit.IntSize::getWidth-impl (11 bytes)
Event: 2.637 Thread 0x000001e398046c20 nmethod 1938 0x000001e380354c10 code [0x000001e380354da0, 0x000001e380354e98]
Event: 2.637 Thread 0x000001e398046c20 1939       1       org.jetbrains.skia.impl.CleanableImpl::getNext (5 bytes)
Event: 2.637 Thread 0x000001e398046c20 nmethod 1939 0x000001e387b94e90 code [0x000001e387b95020, 0x000001e387b950f8]
Event: 2.637 Thread 0x000001e398046c20 1940       1       org.jetbrains.skia.impl.CleanableImpl::setNext (6 bytes)
Event: 2.637 Thread 0x000001e398046c20 nmethod 1940 0x000001e387b95190 code [0x000001e387b95320, 0x000001e387b95438]
Event: 2.637 Thread 0x000001e398046c20 1941       1       androidx.compose.ui.text.font.FontWeight::hashCode (5 bytes)
Event: 2.637 Thread 0x000001e398046c20 nmethod 1941 0x000001e387b95490 code [0x000001e387b95620, 0x000001e387b956d8]
Event: 2.637 Thread 0x000001e398046c20 1942       3       java.lang.Long::<init> (10 bytes)
Event: 2.637 Thread 0x000001e398046c20 nmethod 1942 0x000001e380354f10 code [0x000001e3803550c0, 0x000001e380355298]
Event: 2.637 Thread 0x000001e398046c20 1943       1       org.jetbrains.skia.impl.Cleaner::getQueue (5 bytes)
Event: 2.637 Thread 0x000001e398046c20 nmethod 1943 0x000001e387b95790 code [0x000001e387b95920, 0x000001e387b959f8]
Event: 2.637 Thread 0x000001e398046c20 1944       1       org.jetbrains.skia.impl.Cleaner$list$1::setNext (6 bytes)
Event: 2.637 Thread 0x000001e398046c20 nmethod 1944 0x000001e387b95a90 code [0x000001e387b95c20, 0x000001e387b95d38]
Event: 2.637 Thread 0x000001e398046c20 1945       1       org.jetbrains.skia.impl.Cleaner::getList (5 bytes)
Event: 2.637 Thread 0x000001e398046c20 nmethod 1945 0x000001e387b95d90 code [0x000001e387b95f20, 0x000001e387b95ff8]
Event: 2.638 Thread 0x000001e398046c20 1946       1       org.jetbrains.skia.impl.Cleaner$list$1::getNext (5 bytes)
Event: 2.638 Thread 0x000001e398046c20 nmethod 1946 0x000001e387b96090 code [0x000001e387b96220, 0x000001e387b962f8]
Event: 2.640 Thread 0x000001e398046c20 1947       1       androidx.compose.ui.node.LayoutNodeEntity::getNext (5 bytes)
Event: 2.640 Thread 0x000001e398046c20 nmethod 1947 0x000001e387b96390 code [0x000001e387b96520, 0x000001e387b965f8]

GC Heap History (6 events):
Event: 0.869 GC heap before
{Heap before GC invocations=0 (full 0):
 garbage-first heap   total 194560K, used 20480K [0x0000000743600000, 0x0000000800000000)
  region size 2048K, 11 young (22528K), 0 survivors (0K)
 Metaspace       used 7101K, committed 7296K, reserved 1114112K
  class space    used 599K, committed 704K, reserved 1048576K
}
Event: 0.875 GC heap after
{Heap after GC invocations=1 (full 0):
 garbage-first heap   total 194560K, used 4444K [0x0000000743600000, 0x0000000800000000)
  region size 2048K, 2 young (4096K), 2 survivors (4096K)
 Metaspace       used 7101K, committed 7296K, reserved 1114112K
  class space    used 599K, committed 704K, reserved 1048576K
}
Event: 1.861 GC heap before
{Heap before GC invocations=1 (full 0):
 garbage-first heap   total 194560K, used 33116K [0x0000000743600000, 0x0000000800000000)
  region size 2048K, 16 young (32768K), 2 survivors (4096K)
 Metaspace       used 17109K, committed 17344K, reserved 1114112K
  class space    used 1715K, committed 1792K, reserved 1048576K
}
Event: 1.868 GC heap after
{Heap after GC invocations=2 (full 0):
 garbage-first heap   total 194560K, used 7682K [0x0000000743600000, 0x0000000800000000)
  region size 2048K, 2 young (4096K), 2 survivors (4096K)
 Metaspace       used 17109K, committed 17344K, reserved 1114112K
  class space    used 1715K, committed 1792K, reserved 1048576K
}
Event: 2.187 GC heap before
{Heap before GC invocations=2 (full 0):
 garbage-first heap   total 194560K, used 19970K [0x0000000743600000, 0x0000000800000000)
  region size 2048K, 10 young (20480K), 2 survivors (4096K)
 Metaspace       used 21279K, committed 21504K, reserved 1114112K
  class space    used 2173K, committed 2304K, reserved 1048576K
}
Event: 2.190 GC heap after
{Heap after GC invocations=3 (full 0):
 garbage-first heap   total 194560K, used 7959K [0x0000000743600000, 0x0000000800000000)
  region size 2048K, 2 young (4096K), 2 survivors (4096K)
 Metaspace       used 21279K, committed 21504K, reserved 1114112K
  class space    used 2173K, committed 2304K, reserved 1048576K
}

Dll operation events (16 events):
Event: 0.012 Loaded shared library F:\JDKS\bin\java.dll
Event: 0.022 Loaded shared library F:\JDKS\bin\jsvml.dll
Event: 0.142 Loaded shared library F:\JDKS\bin\zip.dll
Event: 0.148 Loaded shared library F:\JDKS\bin\instrument.dll
Event: 0.154 Loaded shared library F:\JDKS\bin\net.dll
Event: 0.156 Loaded shared library F:\JDKS\bin\nio.dll
Event: 0.160 Loaded shared library F:\JDKS\bin\zip.dll
Event: 0.215 Loaded shared library F:\IntelliJ IDEA 2022.3.1\bin\breakgen64.dll
Event: 0.224 Loaded shared library F:\JDKS\bin\extnet.dll
Event: 0.401 Loaded shared library F:\JDKS\bin\jimage.dll
Event: 0.427 Loaded shared library F:\JDKS\bin\verify.dll
Event: 0.760 Loaded shared library C:\Users\53090\AppData\Local\Temp\sqlite-3.34.0-b1c50821-d667-471c-8772-8bb01dda1747-sqlitejdbc.dll
Event: 1.102 Loaded shared library F:\JDKS\bin\awt.dll
Event: 1.512 Loaded shared library C:\Users\53090\.skiko\4136501b6f6d5307bfa98b0aacf8de7921247d35ed65529a9f0b268f5557c70b\skiko-windows-x64.dll
Event: 1.633 Loaded shared library F:\JDKS\bin\freetype.dll
Event: 1.634 Loaded shared library F:\JDKS\bin\fontmanager.dll

Deoptimization events (20 events):
Event: 1.551 Thread 0x000001e398f1b1a0 DEOPT PACKING pc=0x000001e387af4640 sp=0x0000003f8c0fd850
Event: 1.551 Thread 0x000001e398f1b1a0 DEOPT UNPACKING pc=0x000001e387596da3 sp=0x0000003f8c0fd7f0 mode 2
Event: 1.551 Thread 0x000001e398f1b1a0 Uncommon trap: trap_request=0xffffff45 fr.pc=0x000001e387b119a0 relative=0x00000000000004e0
Event: 1.551 Thread 0x000001e398f1b1a0 Uncommon trap: reason=unstable_if action=reinterpret pc=0x000001e387b119a0 method=java.lang.String.substring(II)Ljava/lang/String; @ 31 c2
Event: 1.551 Thread 0x000001e398f1b1a0 DEOPT PACKING pc=0x000001e387b119a0 sp=0x0000003f8c0fd800
Event: 1.551 Thread 0x000001e398f1b1a0 DEOPT UNPACKING pc=0x000001e387596da3 sp=0x0000003f8c0fd7d0 mode 2
Event: 1.551 Thread 0x000001e398f1b1a0 Uncommon trap: trap_request=0xffffff45 fr.pc=0x000001e387aee078 relative=0x0000000000000158
Event: 1.551 Thread 0x000001e398f1b1a0 Uncommon trap: reason=unstable_if action=reinterpret pc=0x000001e387aee078 method=java.lang.String.indexOf(II)I @ 4 c2
Event: 1.551 Thread 0x000001e398f1b1a0 DEOPT PACKING pc=0x000001e387aee078 sp=0x0000003f8c0fd770
Event: 1.551 Thread 0x000001e398f1b1a0 DEOPT UNPACKING pc=0x000001e387596da3 sp=0x0000003f8c0fd6a0 mode 2
Event: 1.586 Thread 0x000001e398f1b1a0 DEOPT PACKING pc=0x000001e3802671d7 sp=0x0000003f8c0fdab0
Event: 1.586 Thread 0x000001e398f1b1a0 DEOPT UNPACKING pc=0x000001e387597543 sp=0x0000003f8c0fcf30 mode 0
Event: 1.871 Thread 0x000001e398f1b1a0 DEOPT PACKING pc=0x000001e3802671d7 sp=0x0000003f8c0faed0
Event: 1.871 Thread 0x000001e398f1b1a0 DEOPT UNPACKING pc=0x000001e387597543 sp=0x0000003f8c0fa350 mode 0
Event: 1.931 Thread 0x000001e398f1b1a0 DEOPT PACKING pc=0x000001e3802671d7 sp=0x0000003f8c0fc670
Event: 1.931 Thread 0x000001e398f1b1a0 DEOPT UNPACKING pc=0x000001e387597543 sp=0x0000003f8c0fbaf0 mode 0
Event: 2.565 Thread 0x000001e398f1b1a0 Uncommon trap: trap_request=0xffffff45 fr.pc=0x000001e387b2f0b4 relative=0x0000000000000194
Event: 2.565 Thread 0x000001e398f1b1a0 Uncommon trap: reason=unstable_if action=reinterpret pc=0x000001e387b2f0b4 method=java.lang.String.equals(Ljava/lang/Object;)Z @ 33 c2
Event: 2.565 Thread 0x000001e398f1b1a0 DEOPT PACKING pc=0x000001e387b2f0b4 sp=0x0000003f8c0f49f0
Event: 2.565 Thread 0x000001e398f1b1a0 DEOPT UNPACKING pc=0x000001e387596da3 sp=0x0000003f8c0f4980 mode 2

Classes loaded (20 events):
Event: 2.135 Loading class sun/java2d/d3d/D3DSurfaceData$1Status
Event: 2.135 Loading class sun/java2d/d3d/D3DSurfaceData$1Status done
Event: 2.135 Loading class sun/java2d/d3d/D3DSurfaceData$1
Event: 2.135 Loading class sun/java2d/d3d/D3DSurfaceData$1 done
Event: 2.137 Loading class sun/java2d/pipe/BufferedPaints
Event: 2.138 Loading class sun/java2d/pipe/BufferedPaints done
Event: 2.138 Loading class java/awt/geom/Rectangle2D$Double
Event: 2.139 Loading class java/awt/geom/Rectangle2D$Double done
Event: 2.302 Loading class javax/swing/JDialog
Event: 2.302 Loading class java/awt/Dialog
Event: 2.303 Loading class java/awt/Dialog done
Event: 2.303 Loading class javax/swing/JDialog done
Event: 2.303 Loading class java/awt/Dialog$ModalityType
Event: 2.303 Loading class java/awt/Dialog$ModalityType done
Event: 2.309 Loading class sun/awt/windows/WDialogPeer
Event: 2.309 Loading class java/awt/peer/DialogPeer
Event: 2.309 Loading class java/awt/peer/DialogPeer done
Event: 2.309 Loading class sun/awt/windows/WDialogPeer done
Event: 2.613 Loading class jdk/internal/misc/Signal$1
Event: 2.613 Loading class jdk/internal/misc/Signal$1 done

Classes unloaded (0 events):
No events

Classes redefined (0 events):
No events

Internal exceptions (20 events):
Event: 0.690 Thread 0x000001e39857bcd0 Exception <a 'java/lang/NoSuchMethodError'{0x000000074e29a8c0}: 'java.lang.Object java.lang.invoke.DirectMethodHandle$Holder.invokeStaticInit(java.lang.Object, java.lang.Object, int, int, int, int)'> (0x000000074e29a8c0) 
thrown [s\open\src\hotspot\share\interpreter\linkResolver.cpp, line 774]
Event: 0.770 Thread 0x000001e39857bcd0 Exception <a 'java/lang/NoSuchMethodError'{0x000000074e2fdfb8}: 'void java.lang.invoke.DirectMethodHandle$Holder.invokeSpecial(java.lang.Object, java.lang.Object, java.lang.Object)'> (0x000000074e2fdfb8) 
thrown [s\open\src\hotspot\share\interpreter\linkResolver.cpp, line 774]
Event: 0.803 Thread 0x000001e39857bcd0 Exception <a 'java/lang/NoSuchMethodError'{0x000000074e04c1f0}: 'java.lang.Object java.lang.invoke.DirectMethodHandle$Holder.invokeStaticInit(java.lang.Object, java.lang.Object, java.lang.Object, java.lang.Object)'> (0x000000074e04c1f0) 
thrown [s\open\src\hotspot\share\interpreter\linkResolver.cpp, line 774]
Event: 1.040 Thread 0x000001e398024930 Exception <a 'java/lang/NoSuchMethodError'{0x000000074ec91cb8}: 'java.lang.Object java.lang.invoke.Invokers$Holder.invokeExact_MT(java.lang.Object, java.lang.Object, java.lang.Object, java.lang.Object, java.lang.Object, java.lang.Object)'> (0x000000074ec91cb8) 
thrown [s\open\src\hotspot\share\interpreter\linkResolver.cpp, line 774]
Event: 1.097 Thread 0x000001e3f10a2c60 Exception <a 'java/lang/ClassNotFoundException'{0x000000074e77ab08}: sun/awt/resources/spi/awtProvider> (0x000000074e77ab08) 
thrown [s\open\src\hotspot\share\classfile\systemDictionary.cpp, line 255]
Event: 1.112 Thread 0x000001e3f10a2c60 Exception <a 'java/io/FileNotFoundException'{0x000000074e7c48e0}> (0x000000074e7c48e0) 
thrown [s\open\src\hotspot\share\prims\jni.cpp, line 517]
Event: 1.116 Thread 0x000001e3f10a2c60 Exception <a 'java/io/FileNotFoundException'{0x000000074e7f1068}> (0x000000074e7f1068) 
thrown [s\open\src\hotspot\share\prims\jni.cpp, line 517]
Event: 1.145 Thread 0x000001e3f10a2c60 Exception <a 'java/lang/NoSuchMethodError'{0x000000074e4215e8}: 'java.lang.Object java.lang.invoke.DirectMethodHandle$Holder.invokeStaticInit(java.lang.Object)'> (0x000000074e4215e8) 
thrown [s\open\src\hotspot\share\interpreter\linkResolver.cpp, line 774]
Event: 1.231 Thread 0x000001e398f1b1a0 Implicit null exception at 0x000001e387b40ba3 to 0x000001e387b40d84
Event: 1.456 Thread 0x000001e398f1b1a0 Exception <a 'java/lang/NoSuchMethodError'{0x000000074e1d7cf0}: 'java.lang.Object java.lang.invoke.DirectMethodHandle$Holder.newInvokeSpecial(java.lang.Object, java.lang.Object, java.lang.Object, java.lang.Object, java.lang.Object)'> (0x000000074e1d7cf0) 
thrown [s\open\src\hotspot\share\interpreter\linkResolver.cpp, line 774]
Event: 1.461 Thread 0x000001e398f1b1a0 Exception <a 'java/lang/NoSuchMethodError'{0x000000074de097c0}: 'java.lang.Object java.lang.invoke.DirectMethodHandle$Holder.invokeStatic(java.lang.Object, int, java.lang.Object)'> (0x000000074de097c0) 
thrown [s\open\src\hotspot\share\interpreter\linkResolver.cpp, line 774]
Event: 1.489 Thread 0x000001e398f1b1a0 Exception <a 'java/lang/ClassNotFoundException'{0x000000074dec9298}: com/sun/swing/internal/plaf/metal/resources/spi/metalProvider> (0x000000074dec9298) 
thrown [s\open\src\hotspot\share\classfile\systemDictionary.cpp, line 255]
Event: 1.490 Thread 0x000001e398f1b1a0 Exception <a 'java/lang/ClassNotFoundException'{0x000000074decf5b8}: com/sun/swing/internal/plaf/basic/resources/spi/basicProvider> (0x000000074decf5b8) 
thrown [s\open\src\hotspot\share\classfile\systemDictionary.cpp, line 255]
Event: 1.498 Thread 0x000001e398f1b1a0 Implicit null exception at 0x000001e387b5a58f to 0x000001e387b5a804
Event: 1.498 Thread 0x000001e398f1b1a0 Implicit null exception at 0x000001e387b19c0f to 0x000001e387b19e84
Event: 1.498 Thread 0x000001e398f1b1a0 Implicit null exception at 0x000001e387b2b6af to 0x000001e387b2b729
Event: 1.613 Thread 0x000001e398f1a700 Exception <a 'java/lang/NoSuchMethodError'{0x000000074e46da88}: 'void java.lang.invoke.DirectMethodHandle$Holder.invokeVirtual(java.lang.Object, java.lang.Object)'> (0x000000074e46da88) 
thrown [s\open\src\hotspot\share\interpreter\linkResolver.cpp, line 774]
Event: 1.629 Thread 0x000001e398f1b1a0 Exception <a 'java/lang/NoSuchMethodError'{0x000000074d7dd610}: 'void java.lang.invoke.DirectMethodHandle$Holder.invokeStaticInit(java.lang.Object)'> (0x000000074d7dd610) 
thrown [s\open\src\hotspot\share\interpreter\linkResolver.cpp, line 774]
Event: 1.637 Thread 0x000001e398f1b1a0 Exception <a 'java/io/FileNotFoundException'{0x000000074d7e9ec0}> (0x000000074d7e9ec0) 
thrown [s\open\src\hotspot\share\prims\jni.cpp, line 517]
Event: 2.648 Thread 0x000001e398f1b1a0 Exception <a 'java/lang/NoSuchMethodError'{0x000000074496a770}: static Lorg/jetbrains/skiko/RenderExceptionsHandler;.throwException(Ljava/lang/String;)V> (0x000000074496a770) 
thrown [s\open\src\hotspot\share\prims\jni.cpp, line 1107]

VM Operations (20 events):
Event: 0.774 Executing VM operation: HandshakeAllThreads
Event: 0.774 Executing VM operation: HandshakeAllThreads done
Event: 0.868 Executing VM operation: G1CollectForAllocation
Event: 0.875 Executing VM operation: G1CollectForAllocation done
Event: 0.886 Executing VM operation: HandshakeAllThreads
Event: 0.886 Executing VM operation: HandshakeAllThreads done
Event: 0.886 Executing VM operation: HandshakeAllThreads
Event: 0.886 Executing VM operation: HandshakeAllThreads done
Event: 1.094 Executing VM operation: HandshakeAllThreads
Event: 1.095 Executing VM operation: HandshakeAllThreads done
Event: 1.550 Executing VM operation: HandshakeAllThreads
Event: 1.550 Executing VM operation: HandshakeAllThreads done
Event: 1.861 Executing VM operation: G1CollectForAllocation
Event: 1.868 Executing VM operation: G1CollectForAllocation done
Event: 2.187 Executing VM operation: CollectForMetadataAllocation
Event: 2.190 Executing VM operation: CollectForMetadataAllocation done
Event: 2.194 Executing VM operation: G1PauseRemark
Event: 2.195 Executing VM operation: G1PauseRemark done
Event: 2.196 Executing VM operation: G1PauseCleanup
Event: 2.196 Executing VM operation: G1PauseCleanup done

Events (20 events):
Event: 0.385 Thread 0x000001e39857bcd0 Thread added: 0x000001e39857bcd0
Event: 0.385 Thread 0x000001e39857c210 Thread added: 0x000001e39857c210
Event: 0.386 Thread 0x000001e398b59ee0 Thread added: 0x000001e398b59ee0
Event: 0.773 Thread 0x000001e398c95950 Thread added: 0x000001e398c95950
Event: 0.876 Thread 0x000001e39826dff0 Thread added: 0x000001e39826dff0
Event: 1.146 Thread 0x000001e398f1b6f0 Thread added: 0x000001e398f1b6f0
Event: 1.147 Thread 0x000001e398f19c60 Thread added: 0x000001e398f19c60
Event: 1.148 Thread 0x000001e398f1a700 Thread added: 0x000001e398f1a700
Event: 1.161 Thread 0x000001e398f1b1a0 Thread added: 0x000001e398f1b1a0
Event: 1.390 Thread 0x000001e398047740 Thread exited: 0x000001e398047740
Event: 1.516 Thread 0x000001e398f1c190 Thread added: 0x000001e398f1c190
Event: 1.519 Thread 0x000001e398f1a1b0 Thread added: 0x000001e398f1a1b0
Event: 2.138 Thread 0x000001e398f19710 Thread added: 0x000001e398f19710
Event: 2.594 Thread 0x000001e3a2489250 Thread added: 0x000001e3a2489250
Event: 2.613 Thread 0x000001e3a27d28b0 Thread added: 0x000001e3a27d28b0
Event: 2.614 Thread 0x000001e3a27d2e00 Thread added: 0x000001e3a27d2e00
Event: 2.614 Thread 0x000001e3a27d3350 Thread added: 0x000001e3a27d3350
Event: 2.614 Thread 0x000001e3a27d2e00 Thread exited: 0x000001e3a27d2e00
Event: 2.615 Thread 0x000001e398f19710 Thread exited: 0x000001e398f19710
Event: 2.629 Thread 0x000001e398f1a700 Thread exited: 0x000001e398f1a700


Dynamic libraries:
0x00007ff70ce80000 - 0x00007ff70ce8e000 	F:\JDKS\bin\java.exe
0x00007ff8c1b50000 - 0x00007ff8c1d64000 	C:\WINDOWS\SYSTEM32\ntdll.dll
0x00007ff8bf960000 - 0x00007ff8bfa23000 	C:\WINDOWS\System32\KERNEL32.DLL
0x00007ff8bf240000 - 0x00007ff8bf5dc000 	C:\WINDOWS\System32\KERNELBASE.dll
0x00007ff8bf780000 - 0x00007ff8bf891000 	C:\WINDOWS\System32\ucrtbase.dll
0x00007ff8a47d0000 - 0x00007ff8a47e7000 	F:\JDKS\bin\jli.dll
0x00007ff899e90000 - 0x00007ff899eab000 	F:\JDKS\bin\VCRUNTIME140.dll
0x00007ff8c1000000 - 0x00007ff8c11ad000 	C:\WINDOWS\System32\USER32.dll
0x00007ff8bf000000 - 0x00007ff8bf026000 	C:\WINDOWS\System32\win32u.dll
0x00007ff8a4ff0000 - 0x00007ff8a527e000 	C:\WINDOWS\WinSxS\amd64_microsoft.windows.common-controls_6595b64144ccf1df_6.0.22621.608_none_a9444ca7c10bb01d\COMCTL32.dll
0x00007ff8c0050000 - 0x00007ff8c0079000 	C:\WINDOWS\System32\GDI32.dll
0x00007ff8c17e0000 - 0x00007ff8c1887000 	C:\WINDOWS\System32\msvcrt.dll
0x00007ff8bf660000 - 0x00007ff8bf773000 	C:\WINDOWS\System32\gdi32full.dll
0x00007ff8bf1a0000 - 0x00007ff8bf23a000 	C:\WINDOWS\System32\msvcp_win.dll
0x00007ff8c11b0000 - 0x00007ff8c11e1000 	C:\WINDOWS\System32\IMM32.DLL
0x00007ff888320000 - 0x00007ff88834d000 	C:\Program Files\MacType\MacType64.dll
0x00007ff8c1890000 - 0x00007ff8c193e000 	C:\WINDOWS\System32\ADVAPI32.dll
0x00007ff8bffa0000 - 0x00007ff8c0044000 	C:\WINDOWS\System32\sechost.dll
0x00007ff8c19f0000 - 0x00007ff8c1b05000 	C:\WINDOWS\System32\RPCRT4.dll
0x00007ff888350000 - 0x00007ff8883aa000 	C:\Program Files\MacType\Easyhk64.dll
0x00007ff888210000 - 0x00007ff88831b000 	C:\Program Files\MacType\MacType64.Core.dll
0x00007ff8a47c0000 - 0x00007ff8a47cc000 	F:\JDKS\bin\vcruntime140_1.dll
0x00007ff87ace0000 - 0x00007ff87ad6e000 	F:\JDKS\bin\msvcp140.dll
0x00007ff841140000 - 0x00007ff841e00000 	F:\JDKS\bin\server\jvm.dll
0x00007ff89d030000 - 0x00007ff89d039000 	C:\WINDOWS\SYSTEM32\WSOCK32.dll
0x00007ff8c0dc0000 - 0x00007ff8c0e31000 	C:\WINDOWS\System32\WS2_32.dll
0x00007ff8bbd00000 - 0x00007ff8bbd34000 	C:\WINDOWS\SYSTEM32\WINMM.dll
0x00007ff8b6860000 - 0x00007ff8b686a000 	C:\WINDOWS\SYSTEM32\VERSION.dll
0x00007ff8bdfe0000 - 0x00007ff8bdff8000 	C:\WINDOWS\SYSTEM32\kernel.appcore.dll
0x00007ff89a610000 - 0x00007ff89a61a000 	F:\JDKS\bin\jimage.dll
0x00007ff8bcb50000 - 0x00007ff8bcd7e000 	C:\WINDOWS\SYSTEM32\DBGHELP.DLL
0x00007ff8bfbc0000 - 0x00007ff8bfc97000 	C:\WINDOWS\System32\OLEAUT32.dll
0x000001e3f1160000 - 0x000001e3f14e9000 	C:\WINDOWS\System32\combase.dll
0x00007ff88b9f0000 - 0x00007ff88ba22000 	C:\WINDOWS\SYSTEM32\dbgcore.DLL
0x00007ff8bf5e0000 - 0x00007ff8bf65b000 	C:\WINDOWS\System32\bcryptPrimitives.dll
0x00007ff89a440000 - 0x00007ff89a44e000 	F:\JDKS\bin\instrument.dll
0x00007ff895c10000 - 0x00007ff895c36000 	F:\JDKS\bin\java.dll
0x00007ff87a000000 - 0x00007ff87a0d7000 	F:\JDKS\bin\jsvml.dll
0x00007ff8c05d0000 - 0x00007ff8c0dc0000 	C:\WINDOWS\System32\SHELL32.dll
0x00007ff8bcfa0000 - 0x00007ff8bd86e000 	C:\WINDOWS\SYSTEM32\windows.storage.dll
0x00007ff8bce60000 - 0x00007ff8bcf9e000 	C:\WINDOWS\SYSTEM32\wintypes.dll
0x00007ff8bfa40000 - 0x00007ff8bfb31000 	C:\WINDOWS\System32\SHCORE.dll
0x00007ff8bfeb0000 - 0x00007ff8bff0e000 	C:\WINDOWS\System32\shlwapi.dll
0x00007ff8beec0000 - 0x00007ff8beee1000 	C:\WINDOWS\SYSTEM32\profapi.dll
0x00007ff88f310000 - 0x00007ff88f328000 	F:\JDKS\bin\zip.dll
0x00007ff88d9e0000 - 0x00007ff88d9f3000 	F:\JDKS\bin\net.dll
0x00007ff8baf40000 - 0x00007ff8bb06f000 	C:\WINDOWS\SYSTEM32\WINHTTP.dll
0x00007ff8be540000 - 0x00007ff8be5a9000 	C:\WINDOWS\system32\mswsock.dll
0x00007ff88d9c0000 - 0x00007ff88d9d6000 	F:\JDKS\bin\nio.dll
0x00007ff881430000 - 0x00007ff88144a000 	F:\IntelliJ IDEA 2022.3.1\bin\breakgen64.dll
0x00007ff899ed0000 - 0x00007ff899ed8000 	F:\JDKS\bin\extnet.dll
0x00007ff895c00000 - 0x00007ff895c10000 	F:\JDKS\bin\verify.dll
0x00007ff8be7a0000 - 0x00007ff8be7bb000 	C:\WINDOWS\SYSTEM32\CRYPTSP.dll
0x00007ff8bdf50000 - 0x00007ff8bdf85000 	C:\WINDOWS\system32\rsaenh.dll
0x00007ff8be640000 - 0x00007ff8be668000 	C:\WINDOWS\SYSTEM32\USERENV.dll
0x00007ff8be940000 - 0x00007ff8be968000 	C:\WINDOWS\SYSTEM32\bcrypt.dll
0x00007ff8be7c0000 - 0x00007ff8be7cc000 	C:\WINDOWS\SYSTEM32\CRYPTBASE.dll
0x00007ff8bdac0000 - 0x00007ff8bdaed000 	C:\WINDOWS\SYSTEM32\IPHLPAPI.DLL
0x00007ff8c0fd0000 - 0x00007ff8c0fd9000 	C:\WINDOWS\System32\NSI.dll
0x00007ff8b6870000 - 0x00007ff8b6889000 	C:\WINDOWS\SYSTEM32\dhcpcsvc6.DLL
0x00007ff8b5b30000 - 0x00007ff8b5b4f000 	C:\WINDOWS\SYSTEM32\dhcpcsvc.DLL
0x00007ff8bdb30000 - 0x00007ff8bdc23000 	C:\WINDOWS\SYSTEM32\DNSAPI.dll
0x0000000067740000 - 0x0000000067818000 	C:\Users\53090\AppData\Local\Temp\sqlite-3.34.0-b1c50821-d667-471c-8772-8bb01dda1747-sqlitejdbc.dll
0x00007ff878ee0000 - 0x00007ff879070000 	F:\JDKS\bin\awt.dll
0x00007ff8bbc20000 - 0x00007ff8bbcb7000 	C:\WINDOWS\SYSTEM32\apphelp.dll
0x00007ff8bc1f0000 - 0x00007ff8bc29b000 	C:\WINDOWS\system32\uxtheme.dll
0x00007ff8c0ea0000 - 0x00007ff8c0fbe000 	C:\WINDOWS\System32\MSCTF.dll
0x00007ff8bfd10000 - 0x00007ff8bfeac000 	C:\WINDOWS\System32\ole32.dll
0x00007ff8bc530000 - 0x00007ff8bc55b000 	C:\WINDOWS\system32\DWMAPI.DLL
0x00007ff89d560000 - 0x00007ff89d660000 	C:\WINDOWS\system32\opengl32.dll
0x00007ff89d4f0000 - 0x00007ff89d51d000 	C:\WINDOWS\SYSTEM32\GLU32.dll
0x00007ff8bc2f0000 - 0x00007ff8bc326000 	C:\WINDOWS\SYSTEM32\dxcore.dll
0x00007ff8b48e0000 - 0x00007ff8b49f7000 	C:\WINDOWS\System32\DriverStore\FileRepository\nvdmi.inf_amd64_7efdce2c583d3fe8\nvldumdx.dll
0x00007ff8bec30000 - 0x00007ff8bec42000 	C:\WINDOWS\SYSTEM32\msasn1.dll
0x00007ff8b4ea0000 - 0x00007ff8b4ed2000 	C:\WINDOWS\SYSTEM32\cryptnet.dll
0x000001e39a550000 - 0x000001e39a6b6000 	C:\WINDOWS\System32\CRYPT32.dll
0x00007ff8b4160000 - 0x00007ff8b42b8000 	C:\WINDOWS\SYSTEM32\drvstore.dll
0x00007ff8bec50000 - 0x00007ff8bec7c000 	C:\WINDOWS\SYSTEM32\devobj.dll
0x00007ff8bec80000 - 0x00007ff8becce000 	C:\WINDOWS\SYSTEM32\cfgmgr32.dll
0x00007ff8be850000 - 0x00007ff8be898000 	C:\WINDOWS\SYSTEM32\wldp.dll
0x00007ff8bef90000 - 0x00007ff8beffb000 	C:\WINDOWS\System32\WINTRUST.DLL
0x00007ff8c0fe0000 - 0x00007ff8c0fff000 	C:\WINDOWS\System32\imagehlp.dll
0x00007ff84a3c0000 - 0x00007ff84bbca000 	C:\WINDOWS\System32\DriverStore\FileRepository\nvdmi.inf_amd64_7efdce2c583d3fe8\nvd3dumx.dll
0x00007ff8b7720000 - 0x00007ff8b7769000 	C:\WINDOWS\SYSTEM32\directxdatabasehelper.dll
0x00007ff85f6f0000 - 0x00007ff85f9b7000 	C:\WINDOWS\system32\nvspcap64.dll
0x00007ff8be000000 - 0x00007ff8be034000 	C:\WINDOWS\SYSTEM32\ntmarta.dll
0x00007ff8be5d0000 - 0x00007ff8be5f6000 	C:\WINDOWS\SYSTEM32\gpapi.dll
0x00007ff824a20000 - 0x00007ff825a2f000 	C:\Users\53090\.skiko\4136501b6f6d5307bfa98b0aacf8de7921247d35ed65529a9f0b268f5557c70b\skiko-windows-x64.dll
0x00007ff879f70000 - 0x00007ff879ff6000 	F:\JDKS\bin\freetype.dll
0x00007ff878cc0000 - 0x00007ff878d85000 	F:\JDKS\bin\fontmanager.dll
0x00007ff88f300000 - 0x00007ff88f307000 	F:\JDKS\bin\jawt.dll
0x00007ff8bc330000 - 0x00007ff8bc427000 	C:\WINDOWS\SYSTEM32\Dxgi.dll
0x00007ff881400000 - 0x00007ff881423000 	C:\WINDOWS\SYSTEM32\D3D12.dll
0x00007ff876e90000 - 0x00007ff877092000 	C:\WINDOWS\SYSTEM32\D3D12Core.dll
0x00007ff863550000 - 0x00007ff865f4a000 	C:\WINDOWS\System32\DriverStore\FileRepository\nvdmi.inf_amd64_7efdce2c583d3fe8\nvwgf2umx.dll
0x00007ff881240000 - 0x00007ff88126f000 	C:\WINDOWS\SYSTEM32\D3DSCache.dll
0x00007ff8b4a00000 - 0x00007ff8b4c6a000 	C:\WINDOWS\SYSTEM32\twinapi.appcore.dll
0x00007ff8b9e40000 - 0x00007ff8ba0a7000 	C:\WINDOWS\SYSTEM32\dwrite.dll

dbghelp: loaded successfully - version: 4.0.5 - missing functions: none
symbol engine: initialized successfully - sym options: 0x614 - pdb path: .;F:\JDKS\bin;C:\WINDOWS\SYSTEM32;C:\WINDOWS\WinSxS\amd64_microsoft.windows.common-controls_6595b64144ccf1df_6.0.22621.608_none_a9444ca7c10bb01d;C:\Program Files\MacType;F:\JDKS\bin\server;F:\IntelliJ IDEA 2022.3.1\bin;C:\Users\53090\AppData\Local\Temp;C:\WINDOWS\System32\DriverStore\FileRepository\nvdmi.inf_amd64_7efdce2c583d3fe8;C:\Users\53090\.skiko\4136501b6f6d5307bfa98b0aacf8de7921247d35ed65529a9f0b268f5557c70b

VM Arguments:
jvm_args: -Djava.library.path=F:\FeedDesktop\build\classes\kotlin\jvm\main;F:\FeedDesktop\build\tmp\kapt3\classes\main -javaagent:F:\IntelliJ IDEA 2022.3.1\lib\idea_rt.jar=53601:F:\IntelliJ IDEA 2022.3.1\bin -Dfile.encoding=UTF-8 -Dsun.stdout.encoding=UTF-8 -Dsun.stderr.encoding=UTF-8 
java_command: MainKt
java_class_path (initial): F:\FeedDesktop\build\classes\kotlin\jvm\main;F:\FeedDesktop\build\tmp\kapt3\classes\main;C:\Users\53090\.gradle\caches\modules-2\files-2.1\org.jetbrains.exposed\exposed-dao\0.40.1\42e6d5f126589e37692d4a2a6fda69d008a15020\exposed-dao-0.40.1.jar;C:\Users\53090\.gradle\caches\modules-2\files-2.1\org.jetbrains.exposed\exposed-jdbc\0.40.1\508324c59f5514a2d12ef06d5d7984ca62b31ca4\exposed-jdbc-0.40.1.jar;C:\Users\53090\.gradle\caches\modules-2\files-2.1\com.squareup.okhttp3\okhttp\4.10.0\cd63657ac15770ed1420647154c9f44645533bef\okhttp-4.10.0.jar;C:\Users\53090\.gradle\caches\modules-2\files-2.1\org.jetbrains.exposed\exposed-core\0.40.1\65509a430d83bb0cdab38ae386d078440b0de44b\exposed-core-0.40.1.jar;C:\Users\53090\.gradle\caches\modules-2\files-2.1\androidx.lifecycle\lifecycle-viewmodel-ktx\2.3.0\b602d0b1f3ccd9276b7cd5a1513856dccb962735\lifecycle-viewmodel-ktx-2.3.0.aar;C:\Users\53090\.gradle\caches\modules-2\files-2.1\org.jetbrains.kotlinx\kotlinx-coroutines-android\1.6.4\f955fc8b2ad196e2f4429598440e15f7492eeb2b\kotlinx-coroutines-android-1.6.4.jar;C:\Users\53090\.gradle\caches\modules-2\files-2.1\org.jetbrains.kotlin\kotlin-stdlib-jdk8\1.7.20\eac6656981d9d7156e838467d2d8d79093b1570\kotlin-stdlib-jdk8-1.7.20.jar;C:\Users\53090\.gradle\caches\modules-2\files-2.1\org.jsoup\jsoup\1.15.4\cd56eb47dcd4590ef6451f87e5ec33bddd1a9a51\jsoup-1.15.4.jar;C:\Users\53090\.gradle\caches\modules-2\files-2.1\org.xerial\sqlite-jdbc\3.34.0\fd29bb0124e3f79c80b2753162a6a3873c240bcf\sqlite-jdbc-3.34.0.jar;C:\Users\53090\.gradle\caches\modules-2\files-2.1\com.rometools\rome\1.12.0\a7057d89b443792277662380cc9f020f1707927b\rome-1.12.0.jar;C:\Users\53090\.gradle\caches\modules-2\files-2.1\net.java.dev.jna\jna-platform\5.13.0\88e9a306715e9379f3122415ef4ae759a352640d\jna-platform-5.13.0.jar;C:\Users\53090\.gradle\caches\modules-2\files-2.1\net.java.dev.jna\jna\5.13.0\1200e7ebeedbe0d10062093f32925a912020e747\jna-5.13.0.jar;C:\Users\53090\.gradle\caches\modules-2\files-2.1\com.zaxxer\HikariCP\3.3.1\bb447db60818ecfdbb1b99e7bd096ba7a252d91a\HikariCP-3.3.1.jar;C:\Users\53090\.gradle\caches\modules-2\files-2.1\org.jetbrains.kotlin\kotlin-stdlib\1.7.20\726594ea9ba2beb2ee113647fefa9a10f9fabe52\kotlin-stdlib-1.7.20.jar;C:\Users\53090\.gradle\caches\modules-2\files-2.1\org.jetbrains.skiko\skiko-awt-runtime-windows-x64\0.7.34\1a302b2d58bdf6627446a94098672ab982b90fd0\skiko-awt-runtime-windows-x64-0.7.34.jar;C:\Users\53090\.gradle\caches\modules-2\files-2.1\org.jetbrains.kotlin\kotlin-reflect\1.7.20\12b2501e33bb6373e8e347c86d85481863629381\kotlin-reflect-1.7.20.jar;C:\Users\53090\.gradle\caches\modules-2\files-2.1\org.slf4j\slf4j-api\1.7.25\da76ca59f6a57ee3102f8f9bd9cee742973efa8a\slf4j-api-1.7.25.jar;C:\Users\53090\.gradle\caches\modules-2\files-2.1\androidx.lifecycle\lifecycle-viewmodel\2.3.0\5ab6b6962fb017b013e0e716d4a1e3e1cc7d3857\lifecycle-viewmodel-2.3.0.aar;C:\Users\53090\.gradle\caches\modules-2\files-2.1\org.jetbrains.kotlinx\kotlinx-coroutines-test-jvm\1.6.4\27cee4a22d4149a86095bb1b4f4c5f10fbd3be97\kotlinx-coroutines-test-jvm-1.6.4.jar;C:\Users\53090\.gradle\caches\modules-2\files-2.1\org.jetbrains.kotlinx\kotlinx-coroutines-core-jvm\1.6.4\2c997cd1c0ef33f3e751d3831929aeff1390cb30\kotlinx-coroutines-core-jvm-1.6.4.jar;C:\Users\53090\.gradle\caches\modules-2\files-2.1\org.jetbrains.kotlin\kotlin-stdlib-jdk7\1.7.20\2a729aa8763306368e665e2b747abd1dfd29b9d5\kotlin-stdlib-jdk7-1.7.20.jar;C:\Users\53090\.gradle\caches\modules-2\files-2.1\com.rometools\rome-utils\1.12.0\c714531d168f733f1ebed7ee8f6ebd255bac52dc\rome-utils-1.12.0.jar;C:\Users\53090\.gradle\caches\modules-2\files-2.1\org.jdom\jdom2\2.0.6\6f14738ec2e9dd0011e343717fa624a10f8aab64\jdom2-2.0.6.jar;C:\Users\53090\.gradle\caches\modules-2\files-2.1\com.squareup.okio\okio-jvm\3.0.0\ab5a73fa2ccb4a36b0b5c69fe10b16d0255bcf8\okio-jvm-3.0.0.jar;C:\Users\53090\.gradle\caches\modules-2\files-2.1\org.jetbrains\annotations\13.0\919f0dfe192fb4e063e7dacadee7f8bb9a2672a9\annotations-13.0.jar;C:\Users\53090\.gradle\caches\modules-2\files-2.1\androidx.annotation\annotation\1.1.0\e3a6fb2f40e3a3842e6b7472628ba4ce416ea4c8\annotation-1.1.0.jar;C:\Users\53090\.gradle\caches\modules-2\files-2.1\org.jetbrains.compose.desktop\desktop-jvm\1.2.0\b40f90472dd0d318e490e9b42a45e1aa2787ea52\desktop-jvm-1.2.0.jar;C:\Users\53090\.gradle\caches\modules-2\files-2.1\org.jetbrains.compose.material\material-desktop\1.2.0\9da8852a7bb56d138959a798cea63c0ad3395b23\material-desktop-1.2.0.jar;C:\Users\53090\.gradle\caches\modules-2\files-2.1\org.jetbrains.compose.foundation\foundation-desktop\1.2.0\ccfcc4364865de8cac6b9fe84db7967311ababf6\foundation-desktop-1.2.0.jar;C:\Users\53090\.gradle\caches\modules-2\files-2.1\org.jetbrains.compose.ui\ui-tooling-preview-desktop\1.2.0\b57e16cd7cca67c9aa0bfb85aba98e393c486771\ui-tooling-preview-desktop-1.2.0.jar;C:\Users\53090\.gradle\caches\modules-2\files-2.1\org.jetbrains.compose.ui\ui-desktop\1.2.0\dbf2a12453f7d0548ebadf1c93421ca1e6f87bb7\ui-desktop-1.2.0.jar;C:\Users\53090\.gradle\caches\modules-2\files-2.1\org.jetbrains.compose.runtime\runtime-desktop\1.2.0\641ffea51b35e78dea52d93ab585c449f3e49284\runtime-desktop-1.2.0.jar;C:\Users\53090\.gradle\caches\modules-2\files-2.1\org.jetbrains.compose.material\material-ripple-desktop\1.2.0\3c9c18fbfc5df768581e0ce73d114c9975cec011\material-ripple-desktop-1.2.0.jar;C:\Users\53090\.gradle\caches\modules-2\files-2.1\org.jetbrains.compose.material\material-icons-core-desktop\1.2.0\43cf3ae19335f708894027ba460c252f55b6663e\material-icons-core-desktop-1.2.0.jar;C:\Users\53090\.gradle\caches\modules-2\files-2.1\org.jetbrains.compose.ui\ui-util-desktop\1.2.0\8d614e93d49b509f9630b5cf7bd2dcb01a5da29a\ui-util-desktop-1.2.0.jar;C:\Users\53090\.gradle\caches\modules-2\files-2.1\org.jetbrains.compose.animation\animation-core-desktop\1.2.0\ee6b2acbcb6876a522de6601b403b0a97e5e1146\animation-core-desktop-1.2.0.jar;C:\Users\53090\.gradle\caches\modules-2\files-2.1\org.jetbrains.compose.ui\ui-text-desktop\1.2.0\7577f6b3802042b1b0e74ae7348b90a865d42528\ui-text-desktop-1.2.0.jar;C:\Users\53090\.gradle\caches\modules-2\files-2.1\org.jetbrains.compose.animation\animation-desktop\1.2.0\2980f259e82fac7ad0ad6479e46163279695d08f\animation-desktop-1.2.0.jar;C:\Users\53090\.gradle\caches\modules-2\files-2.1\org.jetbrains.skiko\skiko-awt\0.7.34\47c3c84b38804bfd32167fad12ff81101e953c70\skiko-awt-0.7.34.jar;C:\Users\53090\.gradle\caches\modules-2\files-2.1\org.jetbrains.compose.runtime\runtime-saveable-desktop\1.2.0\a04a7d1e665d71be67544457882378eca362a151\runtime-saveable-desktop-1.2.0.jar;C:\Users\53090\.gradle\caches\modules-2\files-2.1\org.jetbrains.compose.ui\ui-graphics-desktop\1.2.0\c7810bc183bc3ef706ab4a711957bb6eee783e9d\ui-graphics-desktop-1.2.0.jar;C:\Users\53090\.gradle\caches\modules-2\files-2.1\org.jetbrains.compose.ui\ui-unit-desktop\1.2.0\ff4c3051e4848a52c8b0034a9320c18555916ddf\ui-unit-desktop-1.2.0.jar;C:\Users\53090\.gradle\caches\modules-2\files-2.1\org.jetbrains.compose.ui\ui-geometry-desktop\1.2.0\5b8ff007af95d69733a94eb1ac4e5a99ac970a1\ui-geometry-desktop-1.2.0.jar;C:\Users\53090\.gradle\caches\modules-2\files-2.1\org.jetbrains.compose.foundation\foundation-layout-desktop\1.2.0\e923aa02175aee9745161eff45ff89610cab5fd1\foundation-layout-desktop-1.2.0.jar;C:\Users\53090\.gradle\caches\modules-2\files-2.1\org.jetbrains.kotlinx\atomicfu-jvm\0.17.2\7f2eae498c00cd33ef2a8eba4be72b284270aa16\atomicfu-jvm-0.17.2.jar
Launcher Type: SUN_STANDARD

[Global flags]
     intx CICompilerCount                          = 4                                         {product} {ergonomic}
     uint ConcGCThreads                            = 2                                         {product} {ergonomic}
     uint G1ConcRefinementThreads                  = 8                                         {product} {ergonomic}
   size_t G1HeapRegionSize                         = 2097152                                   {product} {ergonomic}
    uintx GCDrainStackTargetSize                   = 64                                        {product} {ergonomic}
   size_t InitialHeapSize                          = 199229440                                 {product} {ergonomic}
   size_t MarkStackSize                            = 4194304                                   {product} {ergonomic}
   size_t MaxHeapSize                              = 3164602368                                {product} {ergonomic}
   size_t MaxNewSize                               = 1897922560                                {product} {ergonomic}
   size_t MinHeapDeltaBytes                        = 2097152                                   {product} {ergonomic}
   size_t MinHeapSize                              = 8388608                                   {product} {ergonomic}
    uintx NonNMethodCodeHeapSize                   = 5839372                                {pd product} {ergonomic}
    uintx NonProfiledCodeHeapSize                  = 122909434                              {pd product} {ergonomic}
    uintx ProfiledCodeHeapSize                     = 122909434                              {pd product} {ergonomic}
    uintx ReservedCodeCacheSize                    = 251658240                              {pd product} {ergonomic}
     bool SegmentedCodeCache                       = true                                      {product} {ergonomic}
   size_t SoftMaxHeapSize                          = 3164602368                             {manageable} {ergonomic}
     bool UseCompressedClassPointers               = true                           {product lp64_product} {ergonomic}
     bool UseCompressedOops                        = true                           {product lp64_product} {ergonomic}
     bool UseG1GC                                  = true                                      {product} {ergonomic}
     bool UseLargePagesIndividualAllocation        = false                                  {pd product} {ergonomic}

Logging:
Log output configuration:
 #0: stdout all=warning uptime,level,tags foldmultilines=false
 #1: stderr all=off uptime,level,tags foldmultilines=false

Environment Variables:
PATH=C:\Windows\system32;C:\Windows;C:\Windows\System32\Wbem;C:\Windows\System32\WindowsPowerShell\v1.0\;C:\Windows\System32\OpenSSH\;C:\Program Files\Bandizip\;C:\Program Files\NVIDIA Corporation\NVIDIA NvDLISR;C:\Program Files (x86)\NVIDIA Corporation\PhysX\Common;C:\Program Files\dotnet\;C:\Program Files\PuTTY\;D:\Qdown;D:\UserData\Downloads;D:\Qdown\Download\ffmpeg-2022-08-13-git-c469c3c3b1-full_build\bin;F:\MSYS2\mingw64\bin;F:\VS\VC\Tools\MSVC\14.33.31629\bin\Hostx64\x64;C:\Program Files\Git\cmd;C:\Program Files\nodejs\;";D:\Maven\apache-maven-3.8.6\bin";C:\Program Files (x86)\Tencent\web\dll;C:\WINDOWS\system32;C:\WINDOWS;C:\WINDOWS\System32\Wbem;C:\WINDOWS\System32\WindowsPowerShell\v1.0\;C:\WINDOWS\System32\OpenSSH\;C:\Program Files (x86)\dotnet\;D:\platform-tools;C:\Users\53090\AppData\Local\Programs\Python\Python38\Scripts\;C:\Users\53090\AppData\Local\Programs\Python\Python38\;C:\Users\53090\AppData\Local\Programs\Python\Python310\Scripts\;C:\Users\53090\AppData\Local\Programs\Python\Python310\;C:\Users\53090\.cargo\bin;C:\Users\53090\AppData\Local\Microsoft\WindowsApps;F:\Microsoft VS Code\bin;C:\Users\53090\AppData\Roaming\npm;C:\Users\53090\AppData\Roaming\Python\Python310\Scripts;;F:\IntelliJ IDEA 2022.3.1\bin;
USERNAME=53090
OS=Windows_NT
PROCESSOR_IDENTIFIER=Intel64 Family 6 Model 158 Stepping 10, GenuineIntel
TMP=C:\Users\53090\AppData\Local\Temp
TEMP=C:\Users\53090\AppData\Local\Temp



---------------  S Y S T E M  ---------------

OS:
 Windows 11 , 64 bit Build 22621 (10.0.22621.1344)
OS uptime: 0 days 10:47 hours

CPU: total 8 (initial active 8) (4 cores per cpu, 2 threads per core) family 6 model 158 stepping 10 microcode 0xf0, cx8, cmov, fxsr, ht, mmx, 3dnowpref, sse, sse2, sse3, ssse3, sse4.1, sse4.2, popcnt, lzcnt, tsc, tscinvbit, avx, avx2, aes, erms, clmul, bmi1, bmi2, adx, fma, vzeroupper, clflush, clflushopt, rdtscp

Memory: 4k page, system-wide physical 12069M (697M free)
TotalPageFile size 27301M (AvailPageFile size 9370M)
current process WorkingSet (physical memory assigned to process): 210M, peak: 213M
current process commit charge ("private bytes"): 290M, peak: 401M

vm_info: OpenJDK 64-Bit Server VM (19.0.1+10-21) for windows-amd64 JRE (19.0.1+10-21), built on 2022-09-14T12:45:06Z by "mach5one" with MS VC++ 17.1 (VS2022)

END.
