#
# A fatal error has been detected by the Java Runtime Environment:
#
#  EXCEPTION_ACCESS_VIOLATION (0xc0000005) at pc=0x00007ff84157c938, pid=8700, tid=23064
#
# JRE version: OpenJDK Runtime Environment (19.0.1+10) (build 19.0.1+10-21)
# Java VM: OpenJDK 64-Bit Server VM (19.0.1+10-21, mixed mode, sharing, tiered, compressed oops, compressed class ptrs, g1 gc, windows-amd64)
# Problematic frame:
# V  [jvm.dll+0x43c938]
#
# No core dump will be written. Minidumps are not enabled by default on client versions of Windows
#
# If you would like to submit a bug report, please visit:
#   https://bugreport.java.com/bugreport/crash.jsp
#

---------------  S U M M A R Y ------------

Command Line: -Djava.library.path=F:\FeedDesktop\build\classes\kotlin\jvm\main;F:\FeedDesktop\build\tmp\kapt3\classes\main -javaagent:F:\IntelliJ IDEA 2022.3.1\lib\idea_rt.jar=59040:F:\IntelliJ IDEA 2022.3.1\bin -Dfile.encoding=UTF-8 -Dsun.stdout.encoding=UTF-8 -Dsun.stderr.encoding=UTF-8 MainKt

Host: Intel(R) Core(TM) i5-8300H CPU @ 2.30GHz, 8 cores, 11G,  Windows 11 , 64 bit Build 22621 (10.0.22621.1344)
Time: Tue Apr  4 20:13:44 2023  Windows 11 , 64 bit Build 22621 (10.0.22621.1344) elapsed time: 2.776441 seconds (0d 0h 0m 2s)

---------------  T H R E A D  ---------------

Current thread (0x000001ad0629f330):  JavaThread "AWT-EventQueue-0" [_thread_in_vm, id=23064, stack(0x0000001aff500000,0x0000001aff600000)]

Stack: [0x0000001aff500000,0x0000001aff600000],  sp=0x0000001aff5fdae0,  free space=1014k
Native frames: (J=compiled Java code, j=interpreted, Vv=VM code, C=native code)
V  [jvm.dll+0x43c938]
C  [skiko-windows-x64.dll+0x57c6c]

Java frames: (J=compiled Java code, j=interpreted, Vv=VM code)
j  org.jetbrains.skiko.redrawer.Direct3DRedrawer.initSwapChain(J)V+0
j  org.jetbrains.skiko.redrawer.Direct3DRedrawer.initSwapChain()V+5
j  org.jetbrains.skiko.context.Direct3DContextHandler.initCanvas()V+87
j  org.jetbrains.skiko.context.ContextHandler.draw()V+21
j  org.jetbrains.skiko.redrawer.Direct3DRedrawer.drawAndSwap(Z)V+21
j  org.jetbrains.skiko.redrawer.Direct3DRedrawer.redrawImmediately()V+182
j  org.jetbrains.skiko.SkiaLayer.paint(Ljava/awt/Graphics;)V+85
j  androidx.compose.ui.awt.ComposeLayer$ComponentImpl.paint(Ljava/awt/Graphics;)V+12
j  javax.swing.JComponent.paintChildren(Ljava/awt/Graphics;)V+516 java.desktop@19.0.1
j  javax.swing.JComponent.paint(Ljava/awt/Graphics;)V+318 java.desktop@19.0.1
j  javax.swing.JLayeredPane.paint(Ljava/awt/Graphics;)V+73 java.desktop@19.0.1
j  javax.swing.JComponent.paintChildren(Ljava/awt/Graphics;)V+516 java.desktop@19.0.1
j  javax.swing.JComponent.paint(Ljava/awt/Graphics;)V+318 java.desktop@19.0.1
j  androidx.compose.ui.window.Window_desktopKt$Window$11$1.invoke(Landroidx/compose/ui/awt/ComposeWindow;)V+70
j  androidx.compose.ui.window.Window_desktopKt$Window$11$1.invoke(Ljava/lang/Object;)Ljava/lang/Object;+5
j  androidx.compose.ui.window.AwtWindow_desktopKt$AwtWindow$3.invoke()V+13
j  androidx.compose.ui.window.AwtWindow_desktopKt$AwtWindow$3.invoke()Ljava/lang/Object;+1
j  androidx.compose.ui.util.UpdateEffect_desktopKt$UpdateEffect$2$performUpdate$2.invoke()V+7
j  androidx.compose.ui.util.UpdateEffect_desktopKt$UpdateEffect$2$performUpdate$2.invoke()Ljava/lang/Object;+1
j  androidx.compose.runtime.snapshots.Snapshot$Companion.observe(Lkotlin/jvm/functions/Function1;Lkotlin/jvm/functions/Function1;Lkotlin/jvm/functions/Function0;)Ljava/lang/Object;+108
j  androidx.compose.runtime.snapshots.SnapshotStateObserver.observeReads(Ljava/lang/Object;Lkotlin/jvm/functions/Function1;Lkotlin/jvm/functions/Function0;)V+131
j  androidx.compose.ui.util.UpdateEffect_desktopKt$UpdateEffect$2.invoke$performUpdate(Landroidx/compose/runtime/snapshots/SnapshotStateObserver;Lkotlinx/coroutines/channels/Channel;Landroidx/compose/runtime/State;)V+28
j  androidx.compose.ui.util.UpdateEffect_desktopKt$UpdateEffect$2.invoke(Landroidx/compose/runtime/DisposableEffectScope;)Landroidx/compose/runtime/DisposableEffectResult;+33
j  androidx.compose.ui.util.UpdateEffect_desktopKt$UpdateEffect$2.invoke(Ljava/lang/Object;)Ljava/lang/Object;+5
j  androidx.compose.runtime.DisposableEffectImpl.onRemembered()V+8
j  androidx.compose.runtime.CompositionImpl$RememberEventDispatcher.dispatchRememberObservers()V+234
j  androidx.compose.runtime.CompositionImpl.applyChangesInLocked(Ljava/util/List;)V+245
j  androidx.compose.runtime.CompositionImpl.applyChanges()V+20
j  androidx.compose.runtime.Recomposer.composeInitial$runtime(Landroidx/compose/runtime/ControlledComposition;Lkotlin/jvm/functions/Function2;)V+243
j  androidx.compose.runtime.CompositionImpl.setContent(Lkotlin/jvm/functions/Function2;)V+55
j  androidx.compose.ui.window.Application_desktopKt$awaitApplication$2$1$2.invokeSuspend(Ljava/lang/Object;)Ljava/lang/Object;+89
j  kotlin.coroutines.jvm.internal.BaseContinuationImpl.resumeWith(Ljava/lang/Object;)V+44
j  kotlinx.coroutines.DispatchedTask.run()V+314
j  java.awt.event.InvocationEvent.dispatch()V+47 java.desktop@19.0.1
j  java.awt.EventQueue.dispatchEventImpl(Ljava/awt/AWTEvent;Ljava/lang/Object;)V+21 java.desktop@19.0.1
j  java.awt.EventQueue$4.run()Ljava/lang/Void;+32 java.desktop@19.0.1
j  java.awt.EventQueue$4.run()Ljava/lang/Object;+1 java.desktop@19.0.1
j  java.security.AccessController.executePrivileged(Ljava/security/PrivilegedAction;Ljava/security/AccessControlContext;Ljava/lang/Class;)Ljava/lang/Object;+29 java.base@19.0.1
j  java.security.AccessController.doPrivileged(Ljava/security/PrivilegedAction;Ljava/security/AccessControlContext;)Ljava/lang/Object;+13 java.base@19.0.1
j  java.security.ProtectionDomain$JavaSecurityAccessImpl.doIntersectionPrivilege(Ljava/security/PrivilegedAction;Ljava/security/AccessControlContext;Ljava/security/AccessControlContext;)Ljava/lang/Object;+18 java.base@19.0.1
j  java.awt.EventQueue.dispatchEvent(Ljava/awt/AWTEvent;)V+46 java.desktop@19.0.1
j  java.awt.EventDispatchThread.pumpOneEventForFilters(I)V+81 java.desktop@19.0.1
j  java.awt.EventDispatchThread.pumpEventsForFilter(ILjava/awt/Conditional;Ljava/awt/EventFilter;)V+35 java.desktop@19.0.1
j  java.awt.EventDispatchThread.pumpEventsForHierarchy(ILjava/awt/Conditional;Ljava/awt/Component;)V+11 java.desktop@19.0.1
j  java.awt.EventDispatchThread.pumpEvents(ILjava/awt/Conditional;)V+4 java.desktop@19.0.1
j  java.awt.EventDispatchThread.pumpEvents(Ljava/awt/Conditional;)V+3 java.desktop@19.0.1
j  java.awt.EventDispatchThread.run()V+9 java.desktop@19.0.1
v  ~StubRoutines::call_stub 0x000001ad6fad100e

siginfo: EXCEPTION_ACCESS_VIOLATION (0xc0000005), reading address 0x0000000000000000


Registers:
RAX=0x0000000000000000, RBX=0x000001ad0629f330, RCX=0x08976d8426ff0000, RDX=0x000001ad06840bf8
RSP=0x0000001aff5fdae0, RBP=0x0000001aff5fdbd8, RSI=0x0000000000000000, RDI=0x000001ad0629f610
R8 =0x0000000000000000, R9 =0x000001ad0609d1b0, R10=0x000001ad0629f330, R11=0x0000001aff5fdad8
R12=0x0000000000000000, R13=0x000001ad02e3dd58, R14=0x0000001aff5fddc8, R15=0x000001ad0629f330
RIP=0x00007ff84157c938, EFLAGS=0x0000000000010202


Register to memory mapping:

RIP=0x00007ff84157c938 jvm.dll
RAX=0x0 is NULL
RBX=0x000001ad0629f330 is a thread
RCX=0x08976d8426ff0000 is an unknown value
RDX=0x000001ad06840bf8 is a global jni handle
RSP=0x0000001aff5fdae0 is pointing into the stack for thread: 0x000001ad0629f330
RBP=0x0000001aff5fdbd8 is pointing into the stack for thread: 0x000001ad0629f330
RSI=0x0 is NULL
RDI=0x000001ad0629f610 points into unknown readable memory: 0x00007ff841c9f9a0 | a0 f9 c9 41 f8 7f 00 00
R8 =0x0 is NULL
R9 =0x000001ad0609d1b0 points into unknown readable memory: 0x0000000100000002 | 02 00 00 00 01 00 00 00
R10=0x000001ad0629f330 is a thread
R11=0x0000001aff5fdad8 is pointing into the stack for thread: 0x000001ad0629f330
R12=0x0 is NULL
R13={method} {0x000001ad02e3dd60} 'initSwapChain' '(J)V' in 'org/jetbrains/skiko/redrawer/Direct3DRedrawer'
R14=0x0000001aff5fddc8 is pointing into the stack for thread: 0x000001ad0629f330
R15=0x000001ad0629f330 is a thread


Top of Stack: (sp=0x0000001aff5fdae0)
0x0000001aff5fdae0:   000001ad0629f330 0000000000000084
0x0000001aff5fdaf0:   0000001aff5fdb78 0000001aff5fdbf0
0x0000001aff5fdb00:   000001ad06162090 0000000000000000
0x0000001aff5fdb10:   0000001aff5fddc8 000001ad0629f330
0x0000001aff5fdb20:   0000001aff5fdbf0 00007ff8415a8040
0x0000001aff5fdb30:   000001ad0629f330 000001ad06162088
0x0000001aff5fdb40:   0000001a00000453 00007ff841ae7e10
0x0000001aff5fdb50:   000001ad0629f330 0000001aff5fddc8
0x0000001aff5fdb60:   0000000000000000 00007ff8415808ee
0x0000001aff5fdb70:   000001ad0629f330 0000001aff5fdd98
0x0000001aff5fdb80:   0000001aff5fddc8 00007ff824a77c6c
0x0000001aff5fdb90:   000001ad0629f610 0000001aff5fdd98
0x0000001aff5fdba0:   000001ad03608d00 000001ad0683e754
0x0000001aff5fdbb0:   000001ad0683e754 00007ff824a7812c
0x0000001aff5fdbc0:   000001ad0629f610 000001ad03608d00
0x0000001aff5fdbd0:   0000000000000000 000001ad062901e8 

Instructions: (pc=0x00007ff84157c938)
0x00007ff84157c838:   4c 39 30 74 08 48 8b cb e8 1b 5f f6 ff 48 8b 4b
0x00007ff84157c848:   08 48 8b 43 10 48 89 41 10 48 8b 4b 08 48 8b 43
0x00007ff84157c858:   18 48 89 41 18 48 8b 4b 08 48 8b 43 20 48 89 41
0x00007ff84157c868:   20 48 8d 8f c0 02 00 00 e8 4b d0 ed ff 90 c7 87
0x00007ff84157c878:   74 03 00 00 04 00 00 00 48 81 c4 b0 00 00 00 41
0x00007ff84157c888:   5e 5f 5e 5d 5b c3 cc cc 48 89 5c 24 08 48 89 6c
0x00007ff84157c898:   24 10 48 89 74 24 18 48 89 7c 24 20 41 56 48 81
0x00007ff84157c8a8:   ec a0 00 00 00 8b 81 b8 00 00 00 48 8d 99 20 fd
0x00007ff84157c8b8:   ff ff 05 56 21 ff ff 49 8b e9 49 8b f0 48 8b f9
0x00007ff84157c8c8:   83 f8 02 76 08 48 8b cb e8 4b 4c 3c 00 c7 83 74
0x00007ff84157c8d8:   03 00 00 06 00 00 00 e8 dc 34 2a 00 90 48 8b 83
0x00007ff84157c8e8:   78 03 00 00 a8 01 74 0d 45 33 c0 b2 01 48 8b cb
0x00007ff84157c8f8:   e8 d3 1b 31 00 8b 83 70 03 00 00 a8 0c 74 08 48
0x00007ff84157c908:   8b cb e8 71 75 3c 00 48 83 7b 08 00 c7 83 74 03
0x00007ff84157c918:   00 00 06 00 00 00 48 89 5c 24 50 48 c7 44 24 58
0x00007ff84157c928:   00 00 00 00 74 0a 48 8d 4c 24 50 e8 78 eb 2d 00
0x00007ff84157c938:   48 8b 16 48 8d 4c 24 70 c7 44 24 40 0e 00 00 00
0x00007ff84157c948:   e8 23 e8 00 00 48 8d 44 24 70 48 89 5c 24 30 48
0x00007ff84157c958:   89 44 24 28 4c 8d 35 35 b5 56 00 45 33 c9 48 89
0x00007ff84157c968:   74 24 20 45 33 c0 4c 89 74 24 70 48 8d 54 24 40
0x00007ff84157c978:   48 89 ac 24 98 00 00 00 48 8b cf e8 58 fb 00 00
0x00007ff84157c988:   48 83 7c 24 58 00 4c 89 74 24 70 48 c7 84 24 98
0x00007ff84157c998:   00 00 00 00 00 00 00 74 0a 48 8d 4c 24 50 e8 85
0x00007ff84157c9a8:   eb 2d 00 48 8b bb d8 00 00 00 48 8b 47 10 48 83
0x00007ff84157c9b8:   38 00 74 08 48 8b cf e8 9c 5d f6 ff 48 8b 4f 08
0x00007ff84157c9c8:   48 8b 47 10 48 89 41 10 48 8b 4f 08 48 8b 47 18
0x00007ff84157c9d8:   48 89 41 18 48 8b 4f 08 48 8b 47 20 48 89 41 20
0x00007ff84157c9e8:   48 8d 8b c0 02 00 00 e8 cc ce ed ff 4c 8d 9c 24
0x00007ff84157c9f8:   a0 00 00 00 90 49 8b 6b 18 49 8b 73 20 49 8b 7b
0x00007ff84157ca08:   28 c7 83 74 03 00 00 04 00 00 00 49 8b 5b 10 49
0x00007ff84157ca18:   8b e3 41 5e c3 cc cc cc 48 89 5c 24 08 48 89 6c
0x00007ff84157ca28:   24 10 48 89 74 24 18 57 48 81 ec a0 00 00 00 8b 


Stack slot to memory mapping:
stack at sp + 0 slots: 0x000001ad0629f330 is a thread
stack at sp + 1 slots: 0x0000000000000084 is an unknown value
stack at sp + 2 slots: 0x0000001aff5fdb78 is pointing into the stack for thread: 0x000001ad0629f330
stack at sp + 3 slots: 0x0000001aff5fdbf0 is pointing into the stack for thread: 0x000001ad0629f330
stack at sp + 4 slots: 0x000001ad06162090 points into unknown readable memory: 0x000000074f254008 | 08 40 25 4f 07 00 00 00
stack at sp + 5 slots: 0x0 is NULL
stack at sp + 6 slots: 0x0000001aff5fddc8 is pointing into the stack for thread: 0x000001ad0629f330
stack at sp + 7 slots: 0x000001ad0629f330 is a thread


---------------  P R O C E S S  ---------------

Threads class SMR info:
_java_thread_list=0x000001ad0fc162d0, length=26, elements={
0x000001ad606b1e40, 0x000001ad7f3f2090, 0x000001ad7f3f29c0, 0x000001ad7f3f9e30,
0x000001ad7f3fa960, 0x000001ad7f3fd3a0, 0x000001ad7f3fdcd0, 0x000001ad7f403680,
0x000001ad7f403c50, 0x000001ad7f4107f0, 0x000001ad7f50ec60, 0x000001ad7f404770,
0x000001ad7f5101a0, 0x000001ad7f50e1c0, 0x000001ad7f50d1d0, 0x000001ad7f50d720,
0x000001ad7f50dc70, 0x000001ad7f50e710, 0x000001ad7f50f1b0, 0x000001ad7f50f700,
0x000001ad7f50fc50, 0x000001ad0629f330, 0x000001ad062a3840, 0x000001ad062a4830,
0x000001ad0fc67c40, 0x000001ad0629fdd0
}

Java Threads: ( => current thread )
  0x000001ad606b1e40 JavaThread "main" [_thread_blocked, id=19444, stack(0x0000001afd100000,0x0000001afd200000)]
  0x000001ad7f3f2090 JavaThread "Reference Handler" daemon [_thread_blocked, id=16656, stack(0x0000001afd800000,0x0000001afd900000)]
  0x000001ad7f3f29c0 JavaThread "Finalizer" daemon [_thread_blocked, id=20020, stack(0x0000001afd900000,0x0000001afda00000)]
  0x000001ad7f3f9e30 JavaThread "Signal Dispatcher" daemon [_thread_blocked, id=26028, stack(0x0000001afda00000,0x0000001afdb00000)]
  0x000001ad7f3fa960 JavaThread "Attach Listener" daemon [_thread_blocked, id=14496, stack(0x0000001afdb00000,0x0000001afdc00000)]
  0x000001ad7f3fd3a0 JavaThread "Service Thread" daemon [_thread_blocked, id=21988, stack(0x0000001afdc00000,0x0000001afdd00000)]
  0x000001ad7f3fdcd0 JavaThread "Monitor Deflation Thread" daemon [_thread_blocked, id=22684, stack(0x0000001afdd00000,0x0000001afde00000)]
  0x000001ad7f403680 JavaThread "C2 CompilerThread0" daemon [_thread_blocked, id=24416, stack(0x0000001afde00000,0x0000001afdf00000)]
  0x000001ad7f403c50 JavaThread "C1 CompilerThread0" daemon [_thread_blocked, id=24124, stack(0x0000001afdf00000,0x0000001afe000000)]
  0x000001ad7f4107f0 JavaThread "Sweeper thread" daemon [_thread_blocked, id=9432, stack(0x0000001afe000000,0x0000001afe100000)]
  0x000001ad7f50ec60 JavaThread "Common-Cleaner" daemon [_thread_blocked, id=3464, stack(0x0000001afe100000,0x0000001afe200000)]
  0x000001ad7f404770 JavaThread "C2 CompilerThread1" daemon [_thread_blocked, id=26492, stack(0x0000001afe200000,0x0000001afe300000)]
  0x000001ad7f5101a0 JavaThread "Monitor Ctrl-Break" daemon [_thread_in_native, id=16444, stack(0x0000001afe300000,0x0000001afe400000)]
  0x000001ad7f50e1c0 JavaThread "Notification Thread" daemon [_thread_blocked, id=25116, stack(0x0000001afe400000,0x0000001afe500000)]
  0x000001ad7f50d1d0 JavaThread "DefaultDispatcher-worker-1" daemon [_thread_blocked, id=25028, stack(0x0000001afe600000,0x0000001afe700000)]
  0x000001ad7f50d720 JavaThread "DefaultDispatcher-worker-2" daemon [_thread_blocked, id=20088, stack(0x0000001afe700000,0x0000001afe800000)]
  0x000001ad7f50dc70 JavaThread "DefaultDispatcher-worker-3" daemon [_thread_blocked, id=26264, stack(0x0000001afe800000,0x0000001afe900000)]
  0x000001ad7f50e710 JavaThread "HikariPool-1 housekeeper" daemon [_thread_blocked, id=22776, stack(0x0000001afe900000,0x0000001afea00000)]
  0x000001ad7f50f1b0 JavaThread "HikariPool-1 connection adder" daemon [_thread_blocked, id=24364, stack(0x0000001aff100000,0x0000001aff200000)]
  0x000001ad7f50f700 JavaThread "Java2D Disposer" daemon [_thread_blocked, id=24488, stack(0x0000001aff200000,0x0000001aff300000)]
  0x000001ad7f50fc50 JavaThread "AWT-Shutdown" [_thread_blocked, id=5888, stack(0x0000001aff300000,0x0000001aff400000)]
=>0x000001ad0629f330 JavaThread "AWT-EventQueue-0" [_thread_in_vm, id=23064, stack(0x0000001aff500000,0x0000001aff600000)]
  0x000001ad062a3840 JavaThread "kotlinx.coroutines.DefaultExecutor" daemon [_thread_blocked, id=21288, stack(0x0000001aff800000,0x0000001aff900000)]
  0x000001ad062a4830 JavaThread "Reference Cleaner" daemon [_thread_blocked, id=22592, stack(0x0000001aff900000,0x0000001affa00000)]
  0x000001ad0fc67c40 JavaThread "C2 CompilerThread2" daemon [_thread_blocked, id=22460, stack(0x0000001a80200000,0x0000001a80300000)]
  0x000001ad0629fdd0 JavaThread "SIGINT handler" daemon [_thread_blocked, id=296, stack(0x0000001a80300000,0x0000001a80400000)]

Other Threads:
  0x000001ad7ead2250 VMThread "VM Thread" [stack: 0x0000001afd700000,0x0000001afd800000] [id=24988]
  0x000001ad7f6e27f0 WatcherThread "VM Periodic Task Thread" [stack: 0x0000001afe500000,0x0000001afe600000] [id=14996]
  0x000001ad60709d00 WorkerThread "GC Thread#0" [stack: 0x0000001afd200000,0x0000001afd300000] [id=21404]
  0x000001ad06071cd0 WorkerThread "GC Thread#1" [stack: 0x0000001afea00000,0x0000001afeb00000] [id=4612]
  0x000001ad06072540 WorkerThread "GC Thread#2" [stack: 0x0000001afeb00000,0x0000001afec00000] [id=25808]
  0x000001ad06071fa0 WorkerThread "GC Thread#3" [stack: 0x0000001afec00000,0x0000001afed00000] [id=21844]
  0x000001ad06072270 WorkerThread "GC Thread#4" [stack: 0x0000001afed00000,0x0000001afee00000] [id=26068]
  0x000001ad06072db0 WorkerThread "GC Thread#5" [stack: 0x0000001afee00000,0x0000001afef00000] [id=12356]
  0x000001ad06071a00 WorkerThread "GC Thread#6" [stack: 0x0000001afef00000,0x0000001aff000000] [id=14780]
  0x000001ad06073350 WorkerThread "GC Thread#7" [stack: 0x0000001aff000000,0x0000001aff100000] [id=24856]
  0x000001ad7e909050 ConcurrentGCThread "G1 Main Marker" [stack: 0x0000001afd300000,0x0000001afd400000] [id=14744]
  0x000001ad7e909c90 WorkerThread "G1 Conc#0" [stack: 0x0000001afd400000,0x0000001afd500000] [id=18632]
  0x000001ad0f791ee0 WorkerThread "G1 Conc#1" [stack: 0x0000001a80000000,0x0000001a80100000] [id=9936]
  0x000001ad7e98a630 ConcurrentGCThread "G1 Refine#0" [stack: 0x0000001afd500000,0x0000001afd600000] [id=15452]
  0x000001ad7e98c020 ConcurrentGCThread "G1 Service" [stack: 0x0000001afd600000,0x0000001afd700000] [id=23980]

Threads with active compile tasks:

VM state: not at safepoint (normal execution)

VM Mutex/Monitor currently owned by a thread: None

Heap address: 0x0000000743600000, size: 3018 MB, Compressed Oops mode: Zero based, Oop shift amount: 3

CDS archive(s) mapped at: [0x0000000800000000-0x0000000800c30000-0x0000000800c30000), size 12779520, SharedBaseAddress: 0x0000000800000000, ArchiveRelocationMode: 0.
Compressed class space mapped at: 0x0000000801000000-0x0000000841000000, reserved size: 1073741824
Narrow klass base: 0x0000000800000000, Narrow klass shift: 0, Narrow klass range: 0x100000000

GC Precious Log:
 CardTable entry size: 512
 Card Set container configuration: InlinePtr #cards 4 size 8 Array Of Cards #cards 16 size 48 Howl #buckets 8 coarsen threshold 3686 Howl Bitmap #cards 512 size 80 coarsen threshold 460 Card regions per heap region 1 cards per card region 4096
 CPUs: 8 total, 8 available
 Memory: 12069M
 Large Page Support: Disabled
 NUMA Support: Disabled
 Compressed Oops: Enabled (Zero based)
 Heap Region Size: 2M
 Heap Min Capacity: 8M
 Heap Initial Capacity: 190M
 Heap Max Capacity: 3018M
 Pre-touch: Disabled
 Parallel Workers: 8
 Concurrent Workers: 2
 Concurrent Refinement Workers: 8
 Periodic GC: Disabled

Heap:
 garbage-first heap   total 49152K, used 10931K [0x0000000743600000, 0x0000000800000000)
  region size 2048K, 2 young (4096K), 1 survivors (2048K)
 Metaspace       used 26618K, committed 26880K, reserved 1114112K
  class space    used 2777K, committed 2880K, reserved 1048576K

Heap Regions: E=young(eden), S=young(survivor), O=old, HS=humongous(starts), HC=humongous(continues), CS=collection set, F=free, OA=open archive, CA=closed archive, TAMS=top-at-mark-start (previous, next)
|   0|0x0000000743600000, 0x0000000743800000, 0x0000000743800000|100%| O|  |TAMS 0x0000000743800000, 0x0000000743600000| Untracked 
|   1|0x0000000743800000, 0x0000000743a00000, 0x0000000743a00000|100%| O|  |TAMS 0x0000000743a00000, 0x0000000743800000| Untracked 
|   2|0x0000000743a00000, 0x0000000743a00000, 0x0000000743c00000|  0%| F|  |TAMS 0x0000000743a00000, 0x0000000743a00000| Untracked 
|   3|0x0000000743c00000, 0x0000000743e00000, 0x0000000743e00000|100%| O|  |TAMS 0x0000000743c00000, 0x0000000743c00000| Untracked 
|   4|0x0000000743e00000, 0x0000000744000000, 0x0000000744000000|100%| O|  |TAMS 0x0000000743e00000, 0x0000000743e00000| Untracked 
|   5|0x0000000744000000, 0x00000007441b9800, 0x0000000744200000| 86%| O|  |TAMS 0x0000000744000000, 0x0000000744000000| Untracked 
|   6|0x0000000744200000, 0x0000000744200000, 0x0000000744400000|  0%| F|  |TAMS 0x0000000744200000, 0x0000000744200000| Untracked 
|   7|0x0000000744400000, 0x0000000744400000, 0x0000000744600000|  0%| F|  |TAMS 0x0000000744400000, 0x0000000744400000| Untracked 
|   8|0x0000000744600000, 0x0000000744600000, 0x0000000744800000|  0%| F|  |TAMS 0x0000000744600000, 0x0000000744600000| Untracked 
|   9|0x0000000744800000, 0x0000000744800000, 0x0000000744a00000|  0%| F|  |TAMS 0x0000000744800000, 0x0000000744800000| Untracked 
|  10|0x0000000744a00000, 0x0000000744a00000, 0x0000000744c00000|  0%| F|  |TAMS 0x0000000744a00000, 0x0000000744a00000| Untracked 
|  11|0x0000000744c00000, 0x0000000744c00000, 0x0000000744e00000|  0%| F|  |TAMS 0x0000000744c00000, 0x0000000744c00000| Untracked 
|  12|0x0000000744e00000, 0x0000000744e00000, 0x0000000745000000|  0%| F|  |TAMS 0x0000000744e00000, 0x0000000744e00000| Untracked 
|  13|0x0000000745000000, 0x0000000745000000, 0x0000000745200000|  0%| F|  |TAMS 0x0000000745000000, 0x0000000745000000| Untracked 
|  14|0x0000000745200000, 0x0000000745200000, 0x0000000745400000|  0%| F|  |TAMS 0x0000000745200000, 0x0000000745200000| Untracked 
|  15|0x0000000745400000, 0x0000000745400000, 0x0000000745600000|  0%| F|  |TAMS 0x0000000745400000, 0x0000000745400000| Untracked 
|  16|0x0000000745600000, 0x0000000745600000, 0x0000000745800000|  0%| F|  |TAMS 0x0000000745600000, 0x0000000745600000| Untracked 
|  17|0x0000000745800000, 0x0000000745800000, 0x0000000745a00000|  0%| F|  |TAMS 0x0000000745800000, 0x0000000745800000| Untracked 
|  18|0x0000000745a00000, 0x0000000745a00000, 0x0000000745c00000|  0%| F|  |TAMS 0x0000000745a00000, 0x0000000745a00000| Untracked 
|  19|0x0000000745c00000, 0x0000000745c00000, 0x0000000745e00000|  0%| F|  |TAMS 0x0000000745c00000, 0x0000000745c00000| Untracked 
|  85|0x000000074e000000, 0x000000074e000000, 0x000000074e200000|  0%| F|  |TAMS 0x000000074e000000, 0x000000074e000000| Untracked 
|  86|0x000000074e200000, 0x000000074e200000, 0x000000074e400000|  0%| F|  |TAMS 0x000000074e200000, 0x000000074e200000| Untracked 
|  93|0x000000074f000000, 0x000000074f0f37e8, 0x000000074f200000| 47%| S|CS|TAMS 0x000000074f000000, 0x000000074f000000| Complete 
|  94|0x000000074f200000, 0x000000074f254ba8, 0x000000074f400000| 16%| E|  |TAMS 0x000000074f200000, 0x000000074f200000| Complete 

Card table byte_map: [0x000001ad77ec0000,0x000001ad784b0000] _byte_map_base: 0x000001ad744a5000

Marking Bits (Prev, Next): (CMBitMap*) 0x000001ad5e19e780, (CMBitMap*) 0x000001ad5e19e740
 Prev Bits: [0x000001ad7b9d0000, 0x000001ad7e8f8000)
 Next Bits: [0x000001ad78aa0000, 0x000001ad7b9c8000)

Polling page: 0x000001ad5fa10000

Metaspace:

Usage:
  Non-class:     23.28 MB used.
      Class:      2.71 MB used.
       Both:     25.99 MB used.

Virtual space:
  Non-class space:       64.00 MB reserved,      23.44 MB ( 37%) committed,  1 nodes.
      Class space:        1.00 GB reserved,       2.81 MB ( <1%) committed,  1 nodes.
             Both:        1.06 GB reserved,      26.25 MB (  2%) committed. 

Chunk freelists:
   Non-Class:  272.00 KB
       Class:  1.12 MB
        Both:  1.39 MB

MaxMetaspaceSize: unlimited
CompressedClassSpaceSize: 1.00 GB
Initial GC threshold: 21.00 MB
Current GC threshold: 35.12 MB
CDS: on
MetaspaceReclaimPolicy: balanced
 - commit_granule_bytes: 65536.
 - commit_granule_words: 8192.
 - virtual_space_node_default_size: 8388608.
 - enlarge_chunks_in_place: 1.
 - new_chunks_are_fully_committed: 0.
 - uncommit_free_chunks: 1.
 - use_allocation_guard: 0.


Internal statistics:

num_allocs_failed_limit: 3.
num_arena_births: 236.
num_arena_deaths: 0.
num_vsnodes_births: 2.
num_vsnodes_deaths: 0.
num_space_committed: 420.
num_space_uncommitted: 0.
num_chunks_returned_to_freelist: 3.
num_chunks_taken_from_freelist: 879.
num_chunk_merges: 3.
num_chunk_splits: 754.
num_chunks_enlarged: 665.
num_inconsistent_stats: 0.

CodeHeap 'non-profiled nmethods': size=120000Kb used=1166Kb max_used=1166Kb free=118833Kb
 bounds [0x000001ad70070000, 0x000001ad702e0000, 0x000001ad775a0000]
CodeHeap 'profiled nmethods': size=120000Kb used=4398Kb max_used=4398Kb free=115601Kb
 bounds [0x000001ad685a0000, 0x000001ad689f0000, 0x000001ad6fad0000]
CodeHeap 'non-nmethods': size=5760Kb used=1832Kb max_used=1878Kb free=3927Kb
 bounds [0x000001ad6fad0000, 0x000001ad6fd40000, 0x000001ad70070000]
 total_blobs=3775 nmethods=2576 adapters=1109
 compilation: enabled
              stopped_count=0, restarted_count=0
 full_count=0

Compilation events (20 events):
Event: 2.749 Thread 0x000001ad7f403c50 2567       3       androidx.compose.ui.unit.TextUnit::getType-UIouoOA (16 bytes)
Event: 2.749 Thread 0x000001ad7f403c50 nmethod 2567 0x000001ad689ea810 code [0x000001ad689ea9c0, 0x000001ad689eab78]
Event: 2.749 Thread 0x000001ad7f403c50 2568       3       androidx.compose.ui.unit.TextUnitType::equals-impl0 (12 bytes)
Event: 2.749 Thread 0x000001ad7f403c50 nmethod 2568 0x000001ad689eac90 code [0x000001ad689eae20, 0x000001ad689eaf58]
Event: 2.749 Thread 0x000001ad7f403c50 2571       1       androidx.compose.ui.graphics.drawscope.CanvasDrawScope$DrawParams::component1 (5 bytes)
Event: 2.750 Thread 0x000001ad7f403c50 nmethod 2571 0x000001ad7018ab10 code [0x000001ad7018aca0, 0x000001ad7018ad78]
Event: 2.750 Thread 0x000001ad7f403c50 2572       1       androidx.compose.ui.graphics.drawscope.CanvasDrawScope$DrawParams::component2 (5 bytes)
Event: 2.750 Thread 0x000001ad7f403c50 nmethod 2572 0x000001ad7018ae10 code [0x000001ad7018afa0, 0x000001ad7018b078]
Event: 2.750 Thread 0x000001ad7f403c50 2573       1       androidx.compose.ui.graphics.drawscope.CanvasDrawScope$DrawParams::component3 (5 bytes)
Event: 2.750 Thread 0x000001ad7f403c50 nmethod 2573 0x000001ad7018b110 code [0x000001ad7018b2a0, 0x000001ad7018b378]
Event: 2.750 Thread 0x000001ad7f403c50 2574       1       androidx.compose.ui.graphics.drawscope.CanvasDrawScope$DrawParams::component4-NH-jbRc (5 bytes)
Event: 2.750 Thread 0x000001ad7f403c50 nmethod 2574 0x000001ad7018b410 code [0x000001ad7018b5a0, 0x000001ad7018b658]
Event: 2.752 Thread 0x000001ad7f403c50 2575       3       androidx.compose.runtime.external.kotlinx.collections.immutable.implementations.immutableMap.TrieNode$Companion::getEMPTY$runtime (4 bytes)
Event: 2.752 Thread 0x000001ad7f403c50 nmethod 2575 0x000001ad689eb010 code [0x000001ad689eb1c0, 0x000001ad689eb338]
Event: 2.752 Thread 0x000001ad7f403c50 2576       3       androidx.compose.runtime.external.kotlinx.collections.immutable.implementations.immutableMap.TrieNode::access$getEMPTY$cp (4 bytes)
Event: 2.752 Thread 0x000001ad7f404770 nmethod 2434 0x000001ad7018b710 code [0x000001ad7018b980, 0x000001ad7018d250]
Event: 2.752 Thread 0x000001ad7f403c50 nmethod 2576 0x000001ad689eb410 code [0x000001ad689eb5a0, 0x000001ad689eb698]
Event: 2.752 Thread 0x000001ad7f403c50 2577       3       androidx.compose.ui.text.font.FontStyle::equals-impl0 (11 bytes)
Event: 2.753 Thread 0x000001ad7f403c50 nmethod 2577 0x000001ad689eb710 code [0x000001ad689eb8a0, 0x000001ad689eb9d8]
Event: 2.753 Thread 0x000001ad7f404770 2563   !   4       androidx.compose.runtime.snapshots.SnapshotStateObserver$readObserver$1::invoke (76 bytes)

GC Heap History (10 events):
Event: 0.714 GC heap before
{Heap before GC invocations=0 (full 0):
 garbage-first heap   total 194560K, used 20480K [0x0000000743600000, 0x0000000800000000)
  region size 2048K, 11 young (22528K), 0 survivors (0K)
 Metaspace       used 7096K, committed 7296K, reserved 1114112K
  class space    used 598K, committed 704K, reserved 1048576K
}
Event: 0.718 GC heap after
{Heap after GC invocations=1 (full 0):
 garbage-first heap   total 194560K, used 4621K [0x0000000743600000, 0x0000000800000000)
  region size 2048K, 2 young (4096K), 2 survivors (4096K)
 Metaspace       used 7096K, committed 7296K, reserved 1114112K
  class space    used 598K, committed 704K, reserved 1048576K
}
Event: 1.630 GC heap before
{Heap before GC invocations=1 (full 0):
 garbage-first heap   total 194560K, used 31245K [0x0000000743600000, 0x0000000800000000)
  region size 2048K, 16 young (32768K), 2 survivors (4096K)
 Metaspace       used 17101K, committed 17408K, reserved 1114112K
  class space    used 1715K, committed 1856K, reserved 1048576K
}
Event: 1.634 GC heap after
{Heap after GC invocations=2 (full 0):
 garbage-first heap   total 194560K, used 7646K [0x0000000743600000, 0x0000000800000000)
  region size 2048K, 2 young (4096K), 2 survivors (4096K)
 Metaspace       used 17101K, committed 17408K, reserved 1114112K
  class space    used 1715K, committed 1856K, reserved 1048576K
}
Event: 1.911 GC heap before
{Heap before GC invocations=2 (full 0):
 garbage-first heap   total 194560K, used 21982K [0x0000000743600000, 0x0000000800000000)
  region size 2048K, 10 young (20480K), 2 survivors (4096K)
 Metaspace       used 21270K, committed 21504K, reserved 1114112K
  class space    used 2171K, committed 2304K, reserved 1048576K
}
Event: 1.914 GC heap after
{Heap after GC invocations=3 (full 0):
 garbage-first heap   total 194560K, used 8053K [0x0000000743600000, 0x0000000800000000)
  region size 2048K, 2 young (4096K), 2 survivors (4096K)
 Metaspace       used 21270K, committed 21504K, reserved 1114112K
  class space    used 2171K, committed 2304K, reserved 1048576K
}
Event: 2.589 GC heap before
{Heap before GC invocations=4 (full 0):
 garbage-first heap   total 49152K, used 32629K [0x0000000743600000, 0x0000000800000000)
  region size 2048K, 14 young (28672K), 2 survivors (4096K)
 Metaspace       used 26401K, committed 26624K, reserved 1114112K
  class space    used 2766K, committed 2880K, reserved 1048576K
}
Event: 2.598 GC heap after
{Heap after GC invocations=5 (full 0):
 garbage-first heap   total 49152K, used 10158K [0x0000000743600000, 0x0000000800000000)
  region size 2048K, 2 young (4096K), 2 survivors (4096K)
 Metaspace       used 26401K, committed 26624K, reserved 1114112K
  class space    used 2766K, committed 2880K, reserved 1048576K
}
Event: 2.720 GC heap before
{Heap before GC invocations=5 (full 0):
 garbage-first heap   total 49152K, used 12206K [0x0000000743600000, 0x0000000800000000)
  region size 2048K, 3 young (6144K), 2 survivors (4096K)
 Metaspace       used 26573K, committed 26880K, reserved 1114112K
  class space    used 2774K, committed 2880K, reserved 1048576K
}
Event: 2.724 GC heap after
{Heap after GC invocations=6 (full 0):
 garbage-first heap   total 49152K, used 10931K [0x0000000743600000, 0x0000000800000000)
  region size 2048K, 1 young (2048K), 1 survivors (2048K)
 Metaspace       used 26573K, committed 26880K, reserved 1114112K
  class space    used 2774K, committed 2880K, reserved 1048576K
}

Dll operation events (16 events):
Event: 0.010 Loaded shared library F:\JDKS\bin\java.dll
Event: 0.019 Loaded shared library F:\JDKS\bin\jsvml.dll
Event: 0.110 Loaded shared library F:\JDKS\bin\zip.dll
Event: 0.114 Loaded shared library F:\JDKS\bin\instrument.dll
Event: 0.119 Loaded shared library F:\JDKS\bin\net.dll
Event: 0.121 Loaded shared library F:\JDKS\bin\nio.dll
Event: 0.123 Loaded shared library F:\JDKS\bin\zip.dll
Event: 0.170 Loaded shared library F:\IntelliJ IDEA 2022.3.1\bin\breakgen64.dll
Event: 0.178 Loaded shared library F:\JDKS\bin\extnet.dll
Event: 0.349 Loaded shared library F:\JDKS\bin\jimage.dll
Event: 0.366 Loaded shared library F:\JDKS\bin\verify.dll
Event: 0.632 Loaded shared library C:\Users\53090\AppData\Local\Temp\sqlite-3.34.0-2bc5b7b3-5ce3-45f6-a4eb-374e7106d86d-sqlitejdbc.dll
Event: 0.891 Loaded shared library F:\JDKS\bin\awt.dll
Event: 1.270 Loaded shared library C:\Users\53090\.skiko\4136501b6f6d5307bfa98b0aacf8de7921247d35ed65529a9f0b268f5557c70b\skiko-windows-x64.dll
Event: 1.400 Loaded shared library F:\JDKS\bin\freetype.dll
Event: 1.401 Loaded shared library F:\JDKS\bin\fontmanager.dll

Deoptimization events (20 events):
Event: 1.312 Thread 0x000001ad0629f330 Uncommon trap: trap_request=0xffffff45 fr.pc=0x000001ad7008d0f8 relative=0x0000000000000158
Event: 1.312 Thread 0x000001ad0629f330 Uncommon trap: reason=unstable_if action=reinterpret pc=0x000001ad7008d0f8 method=java.lang.String.indexOf(II)I @ 4 c2
Event: 1.312 Thread 0x000001ad0629f330 DEOPT PACKING pc=0x000001ad7008d0f8 sp=0x0000001aff5fd770
Event: 1.312 Thread 0x000001ad0629f330 DEOPT UNPACKING pc=0x000001ad6fb36da3 sp=0x0000001aff5fd6a0 mode 2
Event: 1.345 Thread 0x000001ad0629f330 DEOPT PACKING pc=0x000001ad687ec257 sp=0x0000001aff5fd740
Event: 1.345 Thread 0x000001ad0629f330 DEOPT UNPACKING pc=0x000001ad6fb37543 sp=0x0000001aff5fcbc0 mode 0
Event: 1.635 Thread 0x000001ad0629f330 DEOPT PACKING pc=0x000001ad687ec257 sp=0x0000001aff5fc9c0
Event: 1.635 Thread 0x000001ad0629f330 DEOPT UNPACKING pc=0x000001ad6fb37543 sp=0x0000001aff5fbe40 mode 0
Event: 2.233 Thread 0x000001ad0629f330 Uncommon trap: trap_request=0xffffff45 fr.pc=0x000001ad700cceb4 relative=0x0000000000000194
Event: 2.233 Thread 0x000001ad0629f330 Uncommon trap: reason=unstable_if action=reinterpret pc=0x000001ad700cceb4 method=java.lang.String.equals(Ljava/lang/Object;)Z @ 33 c2
Event: 2.233 Thread 0x000001ad0629f330 DEOPT PACKING pc=0x000001ad700cceb4 sp=0x0000001aff5f49f0
Event: 2.233 Thread 0x000001ad0629f330 DEOPT UNPACKING pc=0x000001ad6fb36da3 sp=0x0000001aff5f4980 mode 2
Event: 2.618 Thread 0x000001ad0629f330 Uncommon trap: trap_request=0xffffff45 fr.pc=0x000001ad70119144 relative=0x00000000000000a4
Event: 2.618 Thread 0x000001ad0629f330 Uncommon trap: reason=unstable_if action=reinterpret pc=0x000001ad70119144 method=java.lang.ref.ReferenceQueue.poll()Ljava/lang/ref/Reference; @ 4 c2
Event: 2.618 Thread 0x000001ad0629f330 DEOPT PACKING pc=0x000001ad70119144 sp=0x0000001aff5f2010
Event: 2.618 Thread 0x000001ad0629f330 DEOPT UNPACKING pc=0x000001ad6fb36da3 sp=0x0000001aff5f1ef8 mode 2
Event: 2.618 Thread 0x000001ad0629f330 Uncommon trap: trap_request=0xffffff45 fr.pc=0x000001ad700f828c relative=0x000000000000006c
Event: 2.618 Thread 0x000001ad0629f330 Uncommon trap: reason=unstable_if action=reinterpret pc=0x000001ad700f828c method=java.lang.ref.ReferenceQueue.poll()Ljava/lang/ref/Reference; @ 4 c2
Event: 2.618 Thread 0x000001ad0629f330 DEOPT PACKING pc=0x000001ad700f828c sp=0x0000001aff5f1f50
Event: 2.618 Thread 0x000001ad0629f330 DEOPT UNPACKING pc=0x000001ad6fb36da3 sp=0x0000001aff5f1ee0 mode 2

Classes loaded (20 events):
Event: 1.866 Loading class sun/java2d/d3d/D3DSurfaceData$1Status
Event: 1.866 Loading class sun/java2d/d3d/D3DSurfaceData$1Status done
Event: 1.866 Loading class sun/java2d/d3d/D3DSurfaceData$1
Event: 1.866 Loading class sun/java2d/d3d/D3DSurfaceData$1 done
Event: 1.867 Loading class sun/java2d/pipe/BufferedPaints
Event: 1.868 Loading class sun/java2d/pipe/BufferedPaints done
Event: 1.868 Loading class java/awt/geom/Rectangle2D$Double
Event: 1.868 Loading class java/awt/geom/Rectangle2D$Double done
Event: 2.020 Loading class javax/swing/JDialog
Event: 2.020 Loading class java/awt/Dialog
Event: 2.020 Loading class java/awt/Dialog done
Event: 2.020 Loading class javax/swing/JDialog done
Event: 2.021 Loading class java/awt/Dialog$ModalityType
Event: 2.021 Loading class java/awt/Dialog$ModalityType done
Event: 2.027 Loading class sun/awt/windows/WDialogPeer
Event: 2.027 Loading class java/awt/peer/DialogPeer
Event: 2.027 Loading class java/awt/peer/DialogPeer done
Event: 2.027 Loading class sun/awt/windows/WDialogPeer done
Event: 2.718 Loading class jdk/internal/misc/Signal$1
Event: 2.718 Loading class jdk/internal/misc/Signal$1 done

Classes unloaded (0 events):
No events

Classes redefined (0 events):
No events

Internal exceptions (20 events):
Event: 0.511 Thread 0x000001ad7f50d1d0 Exception <a 'java/lang/NoSuchMethodError'{0x000000074e257778}: 'java.lang.Object java.lang.invoke.DirectMethodHandle$Holder.invokeStaticInit(java.lang.Object, int, int, int, int)'> (0x000000074e257778) 
thrown [s\open\src\hotspot\share\interpreter\linkResolver.cpp, line 774]
Event: 0.578 Thread 0x000001ad7f50d1d0 Exception <a 'java/lang/NoSuchMethodError'{0x000000074e29a520}: 'java.lang.Object java.lang.invoke.DirectMethodHandle$Holder.invokeStaticInit(java.lang.Object, java.lang.Object, int, int, int, int)'> (0x000000074e29a520) 
thrown [s\open\src\hotspot\share\interpreter\linkResolver.cpp, line 774]
Event: 0.640 Thread 0x000001ad7f50d1d0 Exception <a 'java/lang/NoSuchMethodError'{0x000000074e2fdfd8}: 'void java.lang.invoke.DirectMethodHandle$Holder.invokeSpecial(java.lang.Object, java.lang.Object, java.lang.Object)'> (0x000000074e2fdfd8) 
thrown [s\open\src\hotspot\share\interpreter\linkResolver.cpp, line 774]
Event: 0.663 Thread 0x000001ad7f50d1d0 Exception <a 'java/lang/NoSuchMethodError'{0x000000074e04c1f0}: 'java.lang.Object java.lang.invoke.DirectMethodHandle$Holder.invokeStaticInit(java.lang.Object, java.lang.Object, java.lang.Object, java.lang.Object)'> (0x000000074e04c1f0) 
thrown [s\open\src\hotspot\share\interpreter\linkResolver.cpp, line 774]
Event: 0.886 Thread 0x000001ad606b1e40 Exception <a 'java/lang/ClassNotFoundException'{0x000000074e663188}: sun/awt/resources/spi/awtProvider> (0x000000074e663188) 
thrown [s\open\src\hotspot\share\classfile\systemDictionary.cpp, line 255]
Event: 0.898 Thread 0x000001ad606b1e40 Exception <a 'java/io/FileNotFoundException'{0x000000074e6acf58}> (0x000000074e6acf58) 
thrown [s\open\src\hotspot\share\prims\jni.cpp, line 517]
Event: 0.901 Thread 0x000001ad606b1e40 Exception <a 'java/io/FileNotFoundException'{0x000000074e6d9898}> (0x000000074e6d9898) 
thrown [s\open\src\hotspot\share\prims\jni.cpp, line 517]
Event: 0.926 Thread 0x000001ad606b1e40 Exception <a 'java/lang/NoSuchMethodError'{0x000000074e70a1f0}: 'java.lang.Object java.lang.invoke.DirectMethodHandle$Holder.invokeStaticInit(java.lang.Object)'> (0x000000074e70a1f0) 
thrown [s\open\src\hotspot\share\interpreter\linkResolver.cpp, line 774]
Event: 1.025 Thread 0x000001ad7f3fa960 Exception <a 'java/lang/NoSuchMethodError'{0x000000074e013a80}: 'java.lang.Object java.lang.invoke.Invokers$Holder.invokeExact_MT(java.lang.Object, java.lang.Object, java.lang.Object, java.lang.Object, java.lang.Object, java.lang.Object)'> (0x000000074e013a80) 
thrown [s\open\src\hotspot\share\interpreter\linkResolver.cpp, line 774]
Event: 1.201 Thread 0x000001ad0629f330 Exception <a 'java/lang/NoSuchMethodError'{0x000000074e1d2df8}: 'java.lang.Object java.lang.invoke.DirectMethodHandle$Holder.newInvokeSpecial(java.lang.Object, java.lang.Object, java.lang.Object, java.lang.Object, java.lang.Object)'> (0x000000074e1d2df8) 
thrown [s\open\src\hotspot\share\interpreter\linkResolver.cpp, line 774]
Event: 1.208 Thread 0x000001ad0629f330 Exception <a 'java/lang/NoSuchMethodError'{0x000000074de04af8}: 'java.lang.Object java.lang.invoke.DirectMethodHandle$Holder.invokeStatic(java.lang.Object, int, java.lang.Object)'> (0x000000074de04af8) 
thrown [s\open\src\hotspot\share\interpreter\linkResolver.cpp, line 774]
Event: 1.242 Thread 0x000001ad0629f330 Exception <a 'java/lang/ClassNotFoundException'{0x000000074dec3f90}: com/sun/swing/internal/plaf/metal/resources/spi/metalProvider> (0x000000074dec3f90) 
thrown [s\open\src\hotspot\share\classfile\systemDictionary.cpp, line 255]
Event: 1.245 Thread 0x000001ad0629f330 Exception <a 'java/lang/ClassNotFoundException'{0x000000074deca2a8}: com/sun/swing/internal/plaf/basic/resources/spi/basicProvider> (0x000000074deca2a8) 
thrown [s\open\src\hotspot\share\classfile\systemDictionary.cpp, line 255]
Event: 1.255 Thread 0x000001ad0629f330 Implicit null exception at 0x000001ad700f7a8f to 0x000001ad700f7d04
Event: 1.256 Thread 0x000001ad0629f330 Implicit null exception at 0x000001ad700b518f to 0x000001ad700b5404
Event: 1.256 Thread 0x000001ad0629f330 Implicit null exception at 0x000001ad700c822f to 0x000001ad700c82a9
Event: 1.373 Thread 0x000001ad7f50cc80 Exception <a 'java/lang/NoSuchMethodError'{0x000000074e772478}: 'void java.lang.invoke.DirectMethodHandle$Holder.invokeVirtual(java.lang.Object, java.lang.Object)'> (0x000000074e772478) 
thrown [s\open\src\hotspot\share\interpreter\linkResolver.cpp, line 774]
Event: 1.394 Thread 0x000001ad0629f330 Exception <a 'java/lang/NoSuchMethodError'{0x000000074d7dc808}: 'void java.lang.invoke.DirectMethodHandle$Holder.invokeStaticInit(java.lang.Object)'> (0x000000074d7dc808) 
thrown [s\open\src\hotspot\share\interpreter\linkResolver.cpp, line 774]
Event: 1.407 Thread 0x000001ad0629f330 Exception <a 'java/io/FileNotFoundException'{0x000000074d7e8e60}> (0x000000074d7e8e60) 
thrown [s\open\src\hotspot\share\prims\jni.cpp, line 517]
Event: 2.761 Thread 0x000001ad0629f330 Exception <a 'java/lang/NoSuchMethodError'{0x000000074f253a80}: static Lorg/jetbrains/skiko/RenderExceptionsHandler;.throwException(Ljava/lang/String;)V> (0x000000074f253a80) 
thrown [s\open\src\hotspot\share\prims\jni.cpp, line 1107]

VM Operations (20 events):
Event: 0.727 Executing VM operation: HandshakeAllThreads
Event: 0.727 Executing VM operation: HandshakeAllThreads done
Event: 0.727 Executing VM operation: HandshakeAllThreads
Event: 0.727 Executing VM operation: HandshakeAllThreads done
Event: 0.883 Executing VM operation: HandshakeAllThreads
Event: 0.883 Executing VM operation: HandshakeAllThreads done
Event: 1.311 Executing VM operation: HandshakeAllThreads
Event: 1.311 Executing VM operation: HandshakeAllThreads done
Event: 1.630 Executing VM operation: G1CollectForAllocation
Event: 1.634 Executing VM operation: G1CollectForAllocation done
Event: 1.911 Executing VM operation: CollectForMetadataAllocation
Event: 1.914 Executing VM operation: CollectForMetadataAllocation done
Event: 1.918 Executing VM operation: G1PauseRemark
Event: 1.919 Executing VM operation: G1PauseRemark done
Event: 1.921 Executing VM operation: G1PauseCleanup
Event: 1.922 Executing VM operation: G1PauseCleanup done
Event: 2.589 Executing VM operation: G1CollectForAllocation
Event: 2.598 Executing VM operation: G1CollectForAllocation done
Event: 2.720 Executing VM operation: G1CollectForAllocation
Event: 2.724 Executing VM operation: G1CollectForAllocation done

Events (20 events):
Event: 0.171 Thread 0x000001ad7f50e1c0 Thread added: 0x000001ad7f50e1c0
Event: 0.336 Thread 0x000001ad7f50d1d0 Thread added: 0x000001ad7f50d1d0
Event: 0.336 Thread 0x000001ad7f50d720 Thread added: 0x000001ad7f50d720
Event: 0.337 Thread 0x000001ad7f50dc70 Thread added: 0x000001ad7f50dc70
Event: 0.641 Thread 0x000001ad7f50e710 Thread added: 0x000001ad7f50e710
Event: 0.746 Thread 0x000001ad7f50f1b0 Thread added: 0x000001ad7f50f1b0
Event: 0.927 Thread 0x000001ad7f50f700 Thread added: 0x000001ad7f50f700
Event: 0.927 Thread 0x000001ad7f50fc50 Thread added: 0x000001ad7f50fc50
Event: 0.928 Thread 0x000001ad7f50cc80 Thread added: 0x000001ad7f50cc80
Event: 0.941 Thread 0x000001ad0629f330 Thread added: 0x000001ad0629f330
Event: 1.274 Thread 0x000001ad062a3840 Thread added: 0x000001ad062a3840
Event: 1.279 Thread 0x000001ad062a4830 Thread added: 0x000001ad062a4830
Event: 1.868 Thread 0x000001ad062a0dc0 Thread added: 0x000001ad062a0dc0
Event: 2.709 Thread 0x000001ad0fc67c40 Thread added: 0x000001ad0fc67c40
Event: 2.718 Thread 0x000001ad0629fdd0 Thread added: 0x000001ad0629fdd0
Event: 2.724 Thread 0x000001ad062a0320 Thread added: 0x000001ad062a0320
Event: 2.724 Thread 0x000001ad0629d8a0 Thread added: 0x000001ad0629d8a0
Event: 2.724 Thread 0x000001ad0629d8a0 Thread exited: 0x000001ad0629d8a0
Event: 2.725 Thread 0x000001ad062a0dc0 Thread exited: 0x000001ad062a0dc0
Event: 2.739 Thread 0x000001ad7f50cc80 Thread exited: 0x000001ad7f50cc80


Dynamic libraries:
0x00007ff70ce80000 - 0x00007ff70ce8e000 	F:\JDKS\bin\java.exe
0x00007ff8c1b50000 - 0x00007ff8c1d64000 	C:\WINDOWS\SYSTEM32\ntdll.dll
0x00007ff8bf960000 - 0x00007ff8bfa23000 	C:\WINDOWS\System32\KERNEL32.DLL
0x00007ff8bf240000 - 0x00007ff8bf5dc000 	C:\WINDOWS\System32\KERNELBASE.dll
0x00007ff8bf780000 - 0x00007ff8bf891000 	C:\WINDOWS\System32\ucrtbase.dll
0x00007ff8ae550000 - 0x00007ff8ae567000 	F:\JDKS\bin\jli.dll
0x00007ff8ae530000 - 0x00007ff8ae54b000 	F:\JDKS\bin\VCRUNTIME140.dll
0x00007ff8c1000000 - 0x00007ff8c11ad000 	C:\WINDOWS\System32\USER32.dll
0x00007ff8a4ff0000 - 0x00007ff8a527e000 	C:\WINDOWS\WinSxS\amd64_microsoft.windows.common-controls_6595b64144ccf1df_6.0.22621.608_none_a9444ca7c10bb01d\COMCTL32.dll
0x00007ff8bf000000 - 0x00007ff8bf026000 	C:\WINDOWS\System32\win32u.dll
0x00007ff8c17e0000 - 0x00007ff8c1887000 	C:\WINDOWS\System32\msvcrt.dll
0x00007ff8c0050000 - 0x00007ff8c0079000 	C:\WINDOWS\System32\GDI32.dll
0x00007ff8bf660000 - 0x00007ff8bf773000 	C:\WINDOWS\System32\gdi32full.dll
0x00007ff8bf1a0000 - 0x00007ff8bf23a000 	C:\WINDOWS\System32\msvcp_win.dll
0x00007ff8c11b0000 - 0x00007ff8c11e1000 	C:\WINDOWS\System32\IMM32.DLL
0x00007ff888320000 - 0x00007ff88834d000 	C:\Program Files\MacType\MacType64.dll
0x00007ff8c1890000 - 0x00007ff8c193e000 	C:\WINDOWS\System32\ADVAPI32.dll
0x00007ff8bffa0000 - 0x00007ff8c0044000 	C:\WINDOWS\System32\sechost.dll
0x00007ff8c19f0000 - 0x00007ff8c1b05000 	C:\WINDOWS\System32\RPCRT4.dll
0x00007ff888350000 - 0x00007ff8883aa000 	C:\Program Files\MacType\Easyhk64.dll
0x00007ff888210000 - 0x00007ff88831b000 	C:\Program Files\MacType\MacType64.Core.dll
0x00007ff8a47e0000 - 0x00007ff8a47ec000 	F:\JDKS\bin\vcruntime140_1.dll
0x00007ff87ace0000 - 0x00007ff87ad6e000 	F:\JDKS\bin\msvcp140.dll
0x00007ff841140000 - 0x00007ff841e00000 	F:\JDKS\bin\server\jvm.dll
0x00007ff8bbd00000 - 0x00007ff8bbd34000 	C:\WINDOWS\SYSTEM32\WINMM.dll
0x00007ff89d030000 - 0x00007ff89d039000 	C:\WINDOWS\SYSTEM32\WSOCK32.dll
0x00007ff8b6860000 - 0x00007ff8b686a000 	C:\WINDOWS\SYSTEM32\VERSION.dll
0x00007ff8c0dc0000 - 0x00007ff8c0e31000 	C:\WINDOWS\System32\WS2_32.dll
0x00007ff8bdfe0000 - 0x00007ff8bdff8000 	C:\WINDOWS\SYSTEM32\kernel.appcore.dll
0x00007ff8a47d0000 - 0x00007ff8a47da000 	F:\JDKS\bin\jimage.dll
0x00007ff8bcb50000 - 0x00007ff8bcd7e000 	C:\WINDOWS\SYSTEM32\DBGHELP.DLL
0x00007ff8bfbc0000 - 0x00007ff8bfc97000 	C:\WINDOWS\System32\OLEAUT32.dll
0x000001ad5fa80000 - 0x000001ad5fe09000 	C:\WINDOWS\System32\combase.dll
0x00007ff88b9f0000 - 0x00007ff88ba22000 	C:\WINDOWS\SYSTEM32\dbgcore.DLL
0x00007ff8bf5e0000 - 0x00007ff8bf65b000 	C:\WINDOWS\System32\bcryptPrimitives.dll
0x00007ff8a47c0000 - 0x00007ff8a47ce000 	F:\JDKS\bin\instrument.dll
0x00007ff895c10000 - 0x00007ff895c36000 	F:\JDKS\bin\java.dll
0x00007ff87a000000 - 0x00007ff87a0d7000 	F:\JDKS\bin\jsvml.dll
0x00007ff8c05d0000 - 0x00007ff8c0dc0000 	C:\WINDOWS\System32\SHELL32.dll
0x00007ff8bcfa0000 - 0x00007ff8bd86e000 	C:\WINDOWS\SYSTEM32\windows.storage.dll
0x00007ff8bce60000 - 0x00007ff8bcf9e000 	C:\WINDOWS\SYSTEM32\wintypes.dll
0x00007ff8bfa40000 - 0x00007ff8bfb31000 	C:\WINDOWS\System32\SHCORE.dll
0x00007ff8bfeb0000 - 0x00007ff8bff0e000 	C:\WINDOWS\System32\shlwapi.dll
0x00007ff8beec0000 - 0x00007ff8beee1000 	C:\WINDOWS\SYSTEM32\profapi.dll
0x00007ff899e90000 - 0x00007ff899ea8000 	F:\JDKS\bin\zip.dll
0x00007ff88f310000 - 0x00007ff88f323000 	F:\JDKS\bin\net.dll
0x00007ff8baf40000 - 0x00007ff8bb06f000 	C:\WINDOWS\SYSTEM32\WINHTTP.dll
0x00007ff8be540000 - 0x00007ff8be5a9000 	C:\WINDOWS\system32\mswsock.dll
0x00007ff881430000 - 0x00007ff881446000 	F:\JDKS\bin\nio.dll
0x00007ff881410000 - 0x00007ff88142a000 	F:\IntelliJ IDEA 2022.3.1\bin\breakgen64.dll
0x00007ff89a610000 - 0x00007ff89a618000 	F:\JDKS\bin\extnet.dll
0x00007ff89a440000 - 0x00007ff89a450000 	F:\JDKS\bin\verify.dll
0x00007ff8be7a0000 - 0x00007ff8be7bb000 	C:\WINDOWS\SYSTEM32\CRYPTSP.dll
0x00007ff8bdf50000 - 0x00007ff8bdf85000 	C:\WINDOWS\system32\rsaenh.dll
0x00007ff8be640000 - 0x00007ff8be668000 	C:\WINDOWS\SYSTEM32\USERENV.dll
0x00007ff8be940000 - 0x00007ff8be968000 	C:\WINDOWS\SYSTEM32\bcrypt.dll
0x00007ff8be7c0000 - 0x00007ff8be7cc000 	C:\WINDOWS\SYSTEM32\CRYPTBASE.dll
0x00007ff8bdac0000 - 0x00007ff8bdaed000 	C:\WINDOWS\SYSTEM32\IPHLPAPI.DLL
0x00007ff8c0fd0000 - 0x00007ff8c0fd9000 	C:\WINDOWS\System32\NSI.dll
0x00007ff8b6870000 - 0x00007ff8b6889000 	C:\WINDOWS\SYSTEM32\dhcpcsvc6.DLL
0x00007ff8b5b30000 - 0x00007ff8b5b4f000 	C:\WINDOWS\SYSTEM32\dhcpcsvc.DLL
0x00007ff8bdb30000 - 0x00007ff8bdc23000 	C:\WINDOWS\SYSTEM32\DNSAPI.dll
0x0000000067740000 - 0x0000000067818000 	C:\Users\53090\AppData\Local\Temp\sqlite-3.34.0-2bc5b7b3-5ce3-45f6-a4eb-374e7106d86d-sqlitejdbc.dll
0x00007ff878ee0000 - 0x00007ff879070000 	F:\JDKS\bin\awt.dll
0x00007ff8bbc20000 - 0x00007ff8bbcb7000 	C:\WINDOWS\SYSTEM32\apphelp.dll
0x00007ff8bc1f0000 - 0x00007ff8bc29b000 	C:\WINDOWS\system32\uxtheme.dll
0x00007ff8c0ea0000 - 0x00007ff8c0fbe000 	C:\WINDOWS\System32\MSCTF.dll
0x00007ff8bfd10000 - 0x00007ff8bfeac000 	C:\WINDOWS\System32\ole32.dll
0x00007ff8bc530000 - 0x00007ff8bc55b000 	C:\WINDOWS\system32\DWMAPI.DLL
0x00007ff89d560000 - 0x00007ff89d660000 	C:\WINDOWS\system32\opengl32.dll
0x00007ff89d4f0000 - 0x00007ff89d51d000 	C:\WINDOWS\SYSTEM32\GLU32.dll
0x00007ff8bc2f0000 - 0x00007ff8bc326000 	C:\WINDOWS\SYSTEM32\dxcore.dll
0x00007ff8b48e0000 - 0x00007ff8b49f7000 	C:\WINDOWS\System32\DriverStore\FileRepository\nvdmi.inf_amd64_7efdce2c583d3fe8\nvldumdx.dll
0x00007ff8bec30000 - 0x00007ff8bec42000 	C:\WINDOWS\SYSTEM32\msasn1.dll
0x00007ff8b4ea0000 - 0x00007ff8b4ed2000 	C:\WINDOWS\SYSTEM32\cryptnet.dll
0x000001ad07920000 - 0x000001ad07a86000 	C:\WINDOWS\System32\CRYPT32.dll
0x00007ff8b4160000 - 0x00007ff8b42b8000 	C:\WINDOWS\SYSTEM32\drvstore.dll
0x00007ff8bec50000 - 0x00007ff8bec7c000 	C:\WINDOWS\SYSTEM32\devobj.dll
0x00007ff8bec80000 - 0x00007ff8becce000 	C:\WINDOWS\SYSTEM32\cfgmgr32.dll
0x00007ff8be850000 - 0x00007ff8be898000 	C:\WINDOWS\SYSTEM32\wldp.dll
0x00007ff8bef90000 - 0x00007ff8beffb000 	C:\WINDOWS\System32\WINTRUST.DLL
0x00007ff8c0fe0000 - 0x00007ff8c0fff000 	C:\WINDOWS\System32\imagehlp.dll
0x00007ff84a3c0000 - 0x00007ff84bbca000 	C:\WINDOWS\System32\DriverStore\FileRepository\nvdmi.inf_amd64_7efdce2c583d3fe8\nvd3dumx.dll
0x00007ff8b7720000 - 0x00007ff8b7769000 	C:\WINDOWS\SYSTEM32\directxdatabasehelper.dll
0x00007ff85f6f0000 - 0x00007ff85f9b7000 	C:\WINDOWS\system32\nvspcap64.dll
0x00007ff8be000000 - 0x00007ff8be034000 	C:\WINDOWS\SYSTEM32\ntmarta.dll
0x00007ff8be5d0000 - 0x00007ff8be5f6000 	C:\WINDOWS\SYSTEM32\gpapi.dll
0x00007ff824a20000 - 0x00007ff825a2f000 	C:\Users\53090\.skiko\4136501b6f6d5307bfa98b0aacf8de7921247d35ed65529a9f0b268f5557c70b\skiko-windows-x64.dll
0x00007ff879f70000 - 0x00007ff879ff6000 	F:\JDKS\bin\freetype.dll
0x00007ff878cc0000 - 0x00007ff878d85000 	F:\JDKS\bin\fontmanager.dll
0x00007ff899ed0000 - 0x00007ff899ed7000 	F:\JDKS\bin\jawt.dll
0x00007ff8bc330000 - 0x00007ff8bc427000 	C:\WINDOWS\SYSTEM32\Dxgi.dll
0x00007ff881240000 - 0x00007ff881263000 	C:\WINDOWS\SYSTEM32\D3D12.dll
0x00007ff876e90000 - 0x00007ff877092000 	C:\WINDOWS\SYSTEM32\D3D12Core.dll
0x00007ff863550000 - 0x00007ff865f4a000 	C:\WINDOWS\System32\DriverStore\FileRepository\nvdmi.inf_amd64_7efdce2c583d3fe8\nvwgf2umx.dll
0x00007ff881210000 - 0x00007ff88123f000 	C:\WINDOWS\SYSTEM32\D3DSCache.dll
0x00007ff8b4a00000 - 0x00007ff8b4c6a000 	C:\WINDOWS\SYSTEM32\twinapi.appcore.dll
0x00007ff8b9e40000 - 0x00007ff8ba0a7000 	C:\WINDOWS\SYSTEM32\dwrite.dll
0x00007ff8ba990000 - 0x00007ff8babd3000 	C:\WINDOWS\SYSTEM32\dcomp.dll
0x00007ff8b9800000 - 0x00007ff8b9be6000 	C:\WINDOWS\SYSTEM32\d3dcompiler_47.dll

dbghelp: loaded successfully - version: 4.0.5 - missing functions: none
symbol engine: initialized successfully - sym options: 0x614 - pdb path: .;F:\JDKS\bin;C:\WINDOWS\SYSTEM32;C:\WINDOWS\WinSxS\amd64_microsoft.windows.common-controls_6595b64144ccf1df_6.0.22621.608_none_a9444ca7c10bb01d;C:\Program Files\MacType;F:\JDKS\bin\server;F:\IntelliJ IDEA 2022.3.1\bin;C:\Users\53090\AppData\Local\Temp;C:\WINDOWS\System32\DriverStore\FileRepository\nvdmi.inf_amd64_7efdce2c583d3fe8;C:\Users\53090\.skiko\4136501b6f6d5307bfa98b0aacf8de7921247d35ed65529a9f0b268f5557c70b

VM Arguments:
jvm_args: -Djava.library.path=F:\FeedDesktop\build\classes\kotlin\jvm\main;F:\FeedDesktop\build\tmp\kapt3\classes\main -javaagent:F:\IntelliJ IDEA 2022.3.1\lib\idea_rt.jar=59040:F:\IntelliJ IDEA 2022.3.1\bin -Dfile.encoding=UTF-8 -Dsun.stdout.encoding=UTF-8 -Dsun.stderr.encoding=UTF-8 
java_command: MainKt
java_class_path (initial): F:\FeedDesktop\build\classes\kotlin\jvm\main;F:\FeedDesktop\build\tmp\kapt3\classes\main;C:\Users\53090\.gradle\caches\modules-2\files-2.1\org.jetbrains.exposed\exposed-dao\0.40.1\42e6d5f126589e37692d4a2a6fda69d008a15020\exposed-dao-0.40.1.jar;C:\Users\53090\.gradle\caches\modules-2\files-2.1\org.jetbrains.exposed\exposed-jdbc\0.40.1\508324c59f5514a2d12ef06d5d7984ca62b31ca4\exposed-jdbc-0.40.1.jar;C:\Users\53090\.gradle\caches\modules-2\files-2.1\com.squareup.okhttp3\okhttp\4.10.0\cd63657ac15770ed1420647154c9f44645533bef\okhttp-4.10.0.jar;C:\Users\53090\.gradle\caches\modules-2\files-2.1\org.jetbrains.exposed\exposed-core\0.40.1\65509a430d83bb0cdab38ae386d078440b0de44b\exposed-core-0.40.1.jar;C:\Users\53090\.gradle\caches\modules-2\files-2.1\androidx.lifecycle\lifecycle-viewmodel-ktx\2.3.0\b602d0b1f3ccd9276b7cd5a1513856dccb962735\lifecycle-viewmodel-ktx-2.3.0.aar;C:\Users\53090\.gradle\caches\modules-2\files-2.1\org.jetbrains.kotlinx\kotlinx-coroutines-android\1.6.4\f955fc8b2ad196e2f4429598440e15f7492eeb2b\kotlinx-coroutines-android-1.6.4.jar;C:\Users\53090\.gradle\caches\modules-2\files-2.1\org.jetbrains.kotlin\kotlin-stdlib-jdk8\1.7.20\eac6656981d9d7156e838467d2d8d79093b1570\kotlin-stdlib-jdk8-1.7.20.jar;C:\Users\53090\.gradle\caches\modules-2\files-2.1\org.jsoup\jsoup\1.15.4\cd56eb47dcd4590ef6451f87e5ec33bddd1a9a51\jsoup-1.15.4.jar;C:\Users\53090\.gradle\caches\modules-2\files-2.1\org.xerial\sqlite-jdbc\3.34.0\fd29bb0124e3f79c80b2753162a6a3873c240bcf\sqlite-jdbc-3.34.0.jar;C:\Users\53090\.gradle\caches\modules-2\files-2.1\com.rometools\rome\1.12.0\a7057d89b443792277662380cc9f020f1707927b\rome-1.12.0.jar;C:\Users\53090\.gradle\caches\modules-2\files-2.1\net.java.dev.jna\jna-platform\5.13.0\88e9a306715e9379f3122415ef4ae759a352640d\jna-platform-5.13.0.jar;C:\Users\53090\.gradle\caches\modules-2\files-2.1\net.java.dev.jna\jna\5.13.0\1200e7ebeedbe0d10062093f32925a912020e747\jna-5.13.0.jar;C:\Users\53090\.gradle\caches\modules-2\files-2.1\com.zaxxer\HikariCP\3.3.1\bb447db60818ecfdbb1b99e7bd096ba7a252d91a\HikariCP-3.3.1.jar;C:\Users\53090\.gradle\caches\modules-2\files-2.1\org.jetbrains.kotlin\kotlin-stdlib\1.7.20\726594ea9ba2beb2ee113647fefa9a10f9fabe52\kotlin-stdlib-1.7.20.jar;C:\Users\53090\.gradle\caches\modules-2\files-2.1\org.jetbrains.skiko\skiko-awt-runtime-windows-x64\0.7.34\1a302b2d58bdf6627446a94098672ab982b90fd0\skiko-awt-runtime-windows-x64-0.7.34.jar;C:\Users\53090\.gradle\caches\modules-2\files-2.1\org.jetbrains.kotlin\kotlin-reflect\1.7.20\12b2501e33bb6373e8e347c86d85481863629381\kotlin-reflect-1.7.20.jar;C:\Users\53090\.gradle\caches\modules-2\files-2.1\org.slf4j\slf4j-api\1.7.25\da76ca59f6a57ee3102f8f9bd9cee742973efa8a\slf4j-api-1.7.25.jar;C:\Users\53090\.gradle\caches\modules-2\files-2.1\androidx.lifecycle\lifecycle-viewmodel\2.3.0\5ab6b6962fb017b013e0e716d4a1e3e1cc7d3857\lifecycle-viewmodel-2.3.0.aar;C:\Users\53090\.gradle\caches\modules-2\files-2.1\org.jetbrains.kotlinx\kotlinx-coroutines-test-jvm\1.6.4\27cee4a22d4149a86095bb1b4f4c5f10fbd3be97\kotlinx-coroutines-test-jvm-1.6.4.jar;C:\Users\53090\.gradle\caches\modules-2\files-2.1\org.jetbrains.kotlinx\kotlinx-coroutines-core-jvm\1.6.4\2c997cd1c0ef33f3e751d3831929aeff1390cb30\kotlinx-coroutines-core-jvm-1.6.4.jar;C:\Users\53090\.gradle\caches\modules-2\files-2.1\org.jetbrains.kotlin\kotlin-stdlib-jdk7\1.7.20\2a729aa8763306368e665e2b747abd1dfd29b9d5\kotlin-stdlib-jdk7-1.7.20.jar;C:\Users\53090\.gradle\caches\modules-2\files-2.1\com.rometools\rome-utils\1.12.0\c714531d168f733f1ebed7ee8f6ebd255bac52dc\rome-utils-1.12.0.jar;C:\Users\53090\.gradle\caches\modules-2\files-2.1\org.jdom\jdom2\2.0.6\6f14738ec2e9dd0011e343717fa624a10f8aab64\jdom2-2.0.6.jar;C:\Users\53090\.gradle\caches\modules-2\files-2.1\com.squareup.okio\okio-jvm\3.0.0\ab5a73fa2ccb4a36b0b5c69fe10b16d0255bcf8\okio-jvm-3.0.0.jar;C:\Users\53090\.gradle\caches\modules-2\files-2.1\org.jetbrains\annotations\13.0\919f0dfe192fb4e063e7dacadee7f8bb9a2672a9\annotations-13.0.jar;C:\Users\53090\.gradle\caches\modules-2\files-2.1\androidx.annotation\annotation\1.1.0\e3a6fb2f40e3a3842e6b7472628ba4ce416ea4c8\annotation-1.1.0.jar;C:\Users\53090\.gradle\caches\modules-2\files-2.1\org.jetbrains.compose.desktop\desktop-jvm\1.2.0\b40f90472dd0d318e490e9b42a45e1aa2787ea52\desktop-jvm-1.2.0.jar;C:\Users\53090\.gradle\caches\modules-2\files-2.1\org.jetbrains.compose.material\material-desktop\1.2.0\9da8852a7bb56d138959a798cea63c0ad3395b23\material-desktop-1.2.0.jar;C:\Users\53090\.gradle\caches\modules-2\files-2.1\org.jetbrains.compose.foundation\foundation-desktop\1.2.0\ccfcc4364865de8cac6b9fe84db7967311ababf6\foundation-desktop-1.2.0.jar;C:\Users\53090\.gradle\caches\modules-2\files-2.1\org.jetbrains.compose.ui\ui-tooling-preview-desktop\1.2.0\b57e16cd7cca67c9aa0bfb85aba98e393c486771\ui-tooling-preview-desktop-1.2.0.jar;C:\Users\53090\.gradle\caches\modules-2\files-2.1\org.jetbrains.compose.ui\ui-desktop\1.2.0\dbf2a12453f7d0548ebadf1c93421ca1e6f87bb7\ui-desktop-1.2.0.jar;C:\Users\53090\.gradle\caches\modules-2\files-2.1\org.jetbrains.compose.runtime\runtime-desktop\1.2.0\641ffea51b35e78dea52d93ab585c449f3e49284\runtime-desktop-1.2.0.jar;C:\Users\53090\.gradle\caches\modules-2\files-2.1\org.jetbrains.compose.material\material-ripple-desktop\1.2.0\3c9c18fbfc5df768581e0ce73d114c9975cec011\material-ripple-desktop-1.2.0.jar;C:\Users\53090\.gradle\caches\modules-2\files-2.1\org.jetbrains.compose.material\material-icons-core-desktop\1.2.0\43cf3ae19335f708894027ba460c252f55b6663e\material-icons-core-desktop-1.2.0.jar;C:\Users\53090\.gradle\caches\modules-2\files-2.1\org.jetbrains.compose.ui\ui-util-desktop\1.2.0\8d614e93d49b509f9630b5cf7bd2dcb01a5da29a\ui-util-desktop-1.2.0.jar;C:\Users\53090\.gradle\caches\modules-2\files-2.1\org.jetbrains.compose.animation\animation-core-desktop\1.2.0\ee6b2acbcb6876a522de6601b403b0a97e5e1146\animation-core-desktop-1.2.0.jar;C:\Users\53090\.gradle\caches\modules-2\files-2.1\org.jetbrains.compose.ui\ui-text-desktop\1.2.0\7577f6b3802042b1b0e74ae7348b90a865d42528\ui-text-desktop-1.2.0.jar;C:\Users\53090\.gradle\caches\modules-2\files-2.1\org.jetbrains.compose.animation\animation-desktop\1.2.0\2980f259e82fac7ad0ad6479e46163279695d08f\animation-desktop-1.2.0.jar;C:\Users\53090\.gradle\caches\modules-2\files-2.1\org.jetbrains.skiko\skiko-awt\0.7.34\47c3c84b38804bfd32167fad12ff81101e953c70\skiko-awt-0.7.34.jar;C:\Users\53090\.gradle\caches\modules-2\files-2.1\org.jetbrains.compose.runtime\runtime-saveable-desktop\1.2.0\a04a7d1e665d71be67544457882378eca362a151\runtime-saveable-desktop-1.2.0.jar;C:\Users\53090\.gradle\caches\modules-2\files-2.1\org.jetbrains.compose.ui\ui-graphics-desktop\1.2.0\c7810bc183bc3ef706ab4a711957bb6eee783e9d\ui-graphics-desktop-1.2.0.jar;C:\Users\53090\.gradle\caches\modules-2\files-2.1\org.jetbrains.compose.ui\ui-unit-desktop\1.2.0\ff4c3051e4848a52c8b0034a9320c18555916ddf\ui-unit-desktop-1.2.0.jar;C:\Users\53090\.gradle\caches\modules-2\files-2.1\org.jetbrains.compose.ui\ui-geometry-desktop\1.2.0\5b8ff007af95d69733a94eb1ac4e5a99ac970a1\ui-geometry-desktop-1.2.0.jar;C:\Users\53090\.gradle\caches\modules-2\files-2.1\org.jetbrains.compose.foundation\foundation-layout-desktop\1.2.0\e923aa02175aee9745161eff45ff89610cab5fd1\foundation-layout-desktop-1.2.0.jar;C:\Users\53090\.gradle\caches\modules-2\files-2.1\org.jetbrains.kotlinx\atomicfu-jvm\0.17.2\7f2eae498c00cd33ef2a8eba4be72b284270aa16\atomicfu-jvm-0.17.2.jar
Launcher Type: SUN_STANDARD

[Global flags]
     intx CICompilerCount                          = 4                                         {product} {ergonomic}
     uint ConcGCThreads                            = 2                                         {product} {ergonomic}
     uint G1ConcRefinementThreads                  = 8                                         {product} {ergonomic}
   size_t G1HeapRegionSize                         = 2097152                                   {product} {ergonomic}
    uintx GCDrainStackTargetSize                   = 64                                        {product} {ergonomic}
   size_t InitialHeapSize                          = 199229440                                 {product} {ergonomic}
   size_t MarkStackSize                            = 4194304                                   {product} {ergonomic}
   size_t MaxHeapSize                              = 3164602368                                {product} {ergonomic}
   size_t MaxNewSize                               = 1897922560                                {product} {ergonomic}
   size_t MinHeapDeltaBytes                        = 2097152                                   {product} {ergonomic}
   size_t MinHeapSize                              = 8388608                                   {product} {ergonomic}
    uintx NonNMethodCodeHeapSize                   = 5839372                                {pd product} {ergonomic}
    uintx NonProfiledCodeHeapSize                  = 122909434                              {pd product} {ergonomic}
    uintx ProfiledCodeHeapSize                     = 122909434                              {pd product} {ergonomic}
    uintx ReservedCodeCacheSize                    = 251658240                              {pd product} {ergonomic}
     bool SegmentedCodeCache                       = true                                      {product} {ergonomic}
   size_t SoftMaxHeapSize                          = 3164602368                             {manageable} {ergonomic}
     bool UseCompressedClassPointers               = true                           {product lp64_product} {ergonomic}
     bool UseCompressedOops                        = true                           {product lp64_product} {ergonomic}
     bool UseG1GC                                  = true                                      {product} {ergonomic}
     bool UseLargePagesIndividualAllocation        = false                                  {pd product} {ergonomic}

Logging:
Log output configuration:
 #0: stdout all=warning uptime,level,tags foldmultilines=false
 #1: stderr all=off uptime,level,tags foldmultilines=false

Environment Variables:
PATH=C:\Windows\system32;C:\Windows;C:\Windows\System32\Wbem;C:\Windows\System32\WindowsPowerShell\v1.0\;C:\Windows\System32\OpenSSH\;C:\Program Files\Bandizip\;C:\Program Files\NVIDIA Corporation\NVIDIA NvDLISR;C:\Program Files (x86)\NVIDIA Corporation\PhysX\Common;C:\Program Files\dotnet\;C:\Program Files\PuTTY\;D:\Qdown;D:\UserData\Downloads;D:\Qdown\Download\ffmpeg-2022-08-13-git-c469c3c3b1-full_build\bin;F:\MSYS2\mingw64\bin;F:\VS\VC\Tools\MSVC\14.33.31629\bin\Hostx64\x64;C:\Program Files\Git\cmd;C:\Program Files\nodejs\;";D:\Maven\apache-maven-3.8.6\bin";C:\Program Files (x86)\Tencent\web\dll;C:\WINDOWS\system32;C:\WINDOWS;C:\WINDOWS\System32\Wbem;C:\WINDOWS\System32\WindowsPowerShell\v1.0\;C:\WINDOWS\System32\OpenSSH\;C:\Program Files (x86)\dotnet\;D:\platform-tools;C:\Users\53090\AppData\Local\Programs\Python\Python38\Scripts\;C:\Users\53090\AppData\Local\Programs\Python\Python38\;C:\Users\53090\AppData\Local\Programs\Python\Python310\Scripts\;C:\Users\53090\AppData\Local\Programs\Python\Python310\;C:\Users\53090\.cargo\bin;C:\Users\53090\AppData\Local\Microsoft\WindowsApps;F:\Microsoft VS Code\bin;C:\Users\53090\AppData\Roaming\npm;C:\Users\53090\AppData\Roaming\Python\Python310\Scripts;;F:\IntelliJ IDEA 2022.3.1\bin;
USERNAME=53090
OS=Windows_NT
PROCESSOR_IDENTIFIER=Intel64 Family 6 Model 158 Stepping 10, GenuineIntel
TMP=C:\Users\53090\AppData\Local\Temp
TEMP=C:\Users\53090\AppData\Local\Temp



---------------  S Y S T E M  ---------------

OS:
 Windows 11 , 64 bit Build 22621 (10.0.22621.1344)
OS uptime: 0 days 10:38 hours

CPU: total 8 (initial active 8) (4 cores per cpu, 2 threads per core) family 6 model 158 stepping 10 microcode 0xf0, cx8, cmov, fxsr, ht, mmx, 3dnowpref, sse, sse2, sse3, ssse3, sse4.1, sse4.2, popcnt, lzcnt, tsc, tscinvbit, avx, avx2, aes, erms, clmul, bmi1, bmi2, adx, fma, vzeroupper, clflush, clflushopt, rdtscp

Memory: 4k page, system-wide physical 12069M (607M free)
TotalPageFile size 27301M (AvailPageFile size 9310M)
current process WorkingSet (physical memory assigned to process): 284M, peak: 284M
current process commit charge ("private bytes"): 416M, peak: 416M

vm_info: OpenJDK 64-Bit Server VM (19.0.1+10-21) for windows-amd64 JRE (19.0.1+10-21), built on 2022-09-14T12:45:06Z by "mach5one" with MS VC++ 17.1 (VS2022)

END.
